\BOOKMARK [0][-]{Doc-Start}{\376\377\000A\000B\000S\000T\000R\000A\000C\000T}{}% 1
\BOOKMARK [0][-]{Doc-Start}{\376\377\000L\000I\000S\000T\000\040\000O\000F\000\040\000T\000A\000B\000L\000E\000S}{}% 2
\BOOKMARK [0][-]{Doc-Start}{\376\377\000L\000I\000S\000T\000\040\000O\000F\000\040\000F\000I\000G\000U\000R\000E\000S}{}% 3
\BOOKMARK [0][-]{Doc-Start}{\376\377\000A\000C\000K\000N\000O\000W\000L\000E\000D\000G\000M\000E\000N\000T\000S}{}% 4
\BOOKMARK [0][-]{Doc-Start}{\376\377\000C\000H\000A\000P\000T\000E\000R}{}% 5
\BOOKMARK [0][-]{chapter.1}{\376\377\000I\000N\000T\000R\000O\000D\000U\000C\000T\000I\000O\000N}{}% 6
\BOOKMARK [1][-]{section.1.1}{\376\377\000D\000y\000n\000a\000m\000i\000c\000a\000l\000\040\000S\000y\000s\000t\000e\000m\000s}{chapter.1}% 7
\BOOKMARK [2][-]{subsection.1.1.1}{\376\377\000T\000h\000e\000\040\000L\000o\000r\000e\000n\000z\000\040\000E\000q\000u\000a\000t\000i\000o\000n\000s}{section.1.1}% 8
\BOOKMARK [2][-]{subsection.1.1.2}{\376\377\000T\000h\000e\000\040\000R\000o\000s\000s\000l\000e\000r\000\040\000A\000t\000t\000r\000a\000c\000t\000o\000r}{section.1.1}% 9
\BOOKMARK [2][-]{subsection.1.1.3}{\376\377\000T\000h\000e\000\040\000C\000h\000u\000a\000\040\000C\000i\000r\000c\000u\000i\000t}{section.1.1}% 10
\BOOKMARK [2][-]{subsection.1.1.4}{\376\377\000T\000h\000e\000\040\000S\000i\000g\000n\000u\000m\000\040\000"\000L\000i\000"\000\040\000S\000w\000i\000t\000c\000h}{section.1.1}% 11
\BOOKMARK [1][-]{section.1.2}{\376\377\000C\000h\000a\000o\000s}{chapter.1}% 12
\BOOKMARK [1][-]{section.1.3}{\376\377\000L\000y\000a\000p\000u\000n\000o\000v\000\040\000E\000x\000p\000o\000n\000e\000n\000t\000s}{chapter.1}% 13
\BOOKMARK [1][-]{section.1.4}{\376\377\000M\000e\000s\000h\000f\000r\000e\000e\000\040\000S\000c\000a\000t\000t\000e\000r\000e\000d\000\040\000D\000a\000t\000a\000\040\000I\000n\000t\000e\000r\000p\000o\000l\000a\000t\000i\000o\000n\000\040\000u\000s\000i\000n\000g\000\040\000R\000a\000d\000i\000a\000l\000\040\000B\000a\000s\000i\000s\000\040\000F\000u\000n\000c\000t\000i\000o\000n\000s}{chapter.1}% 14
\BOOKMARK [0][-]{chapter.2}{\376\377\000M\000e\000t\000h\000o\000d\000s}{}% 15
\BOOKMARK [1][-]{section.2.1}{\376\377\000L\000y\000a\000p\000u\000n\000o\000v\000\040\000E\000x\000p\000o\000n\000e\000n\000t\000\040\000E\000s\000t\000i\000m\000a\000t\000i\000o\000n}{chapter.2}% 16
\BOOKMARK [2][-]{subsection.2.1.1}{\376\377\000Q\000R\000-\000D\000e\000c\000o\000m\000p\000o\000s\000i\000t\000i\000o\000n}{section.2.1}% 17
\BOOKMARK [2][-]{subsection.2.1.2}{\376\377\000C\000o\000m\000p\000u\000t\000i\000n\000g\000\040\000L\000y\000a\000p\000u\000n\000o\000v\000\040\000e\000x\000p\000o\000n\000e\000n\000t\000s\000\040\000f\000r\000o\000m\000\040\000d\000a\000t\000a}{section.2.1}% 18
\BOOKMARK [2][-]{subsection.2.1.3}{\376\377\000C\000a\000l\000c\000u\000l\000a\000t\000i\000n\000g\000\040\000t\000h\000e\000\040\000J\000a\000c\000o\000b\000i\000a\000n}{section.2.1}% 19
\BOOKMARK [1][-]{section.2.2}{\376\377\000S\000h\000a\000p\000e\000\040\000P\000a\000r\000a\000m\000e\000t\000e\000r}{chapter.2}% 20
\BOOKMARK [2][-]{subsection.2.2.1}{\376\377\000C\000o\000n\000d\000i\000t\000i\000o\000n\000\040\000N\000u\000m\000b\000e\000r}{section.2.2}% 21
\BOOKMARK [2][-]{subsection.2.2.2}{\376\377\000T\000r\000i\000a\000l\000\040\000a\000n\000d\000\040\000E\000r\000r\000o\000r}{section.2.2}% 22
\BOOKMARK [2][-]{subsection.2.2.3}{\376\377\000L\000O\000O\000C\000V\000\040\000"\000D\000r\000o\000p\000-\000O\000n\000e\000"\000\040\000A\000l\000g\000o\000r\000i\000t\000h\000m}{section.2.2}% 23
\BOOKMARK [1][-]{section.2.3}{\376\377\000F\000i\000l\000l\000\040\000D\000i\000s\000t\000a\000n\000c\000e}{chapter.2}% 24
\BOOKMARK [0][-]{chapter.3}{\376\377\000R\000e\000s\000u\000l\000t\000s}{}% 25
\BOOKMARK [1][-]{section.3.1}{\376\377\000L\000o\000r\000e\000n\000z\000\040\000E\000q\000u\000a\000t\000i\000o\000n}{chapter.3}% 26
\BOOKMARK [1][-]{section.3.2}{\376\377\000R\000o\000s\000s\000l\000e\000r\000\040\000E\000q\000u\000a\000t\000i\000o\000n}{chapter.3}% 27
\BOOKMARK [1][-]{section.3.3}{\376\377\000C\000h\000u\000a\000\040\000a\000n\000d\000\040\000L\000i\000\040\000A\000t\000t\000r\000a\000c\000t\000o\000r\000s}{chapter.3}% 28
\BOOKMARK [0][-]{chapter.4}{\376\377\000D\000i\000s\000c\000u\000s\000s\000i\000o\000n}{}% 29
\BOOKMARK [0][-]{chapter.5}{\376\377\000C\000o\000n\000c\000l\000u\000s\000i\000o\000n}{}% 30
\BOOKMARK [0][-]{chapter.5}{\376\377\000B\000I\000B\000L\000I\000O\000G\000R\000A\000P\000H\000Y}{}% 31
\BOOKMARK [0][-]{chapter.5}{\376\377\000A\000P\000P\000E\000N\000D\000I\000X}{}% 32
\BOOKMARK [0][-]{appendix.A}{}{}% 33
