This is pdfTeX, Version 3.141592653-2.6-1.40.24 (MiKTeX 21.12.10) (preloaded format=latex 2022.4.23)  6 MAY 2022 11:39
entering extended mode
 restricted \write18 enabled.
 %&-line parsing enabled.
**./Thesis.tex
(Thesis.tex
LaTeX2e <2021-11-15> patch level 1
L3 programming layer <2021-11-22> (sdsu-thesis.cls
Document Class: sdsu-thesis 2017/05/08 SDSU-Thesis Class for Mathematics Depart
ment
(/Library/Application Support/MiKTeX/texmfs/install/tex/latex/tools/calc.sty
Package: calc 2017/05/25 v4.3 Infix arithmetic (KKT,FJ)
\calc@Acount=\count183
\calc@Bcount=\count184
\calc@Adimen=\dimen138
\calc@Bdimen=\dimen139
\calc@Askip=\skip47
\calc@Bskip=\skip48
LaTeX Info: Redefining \setlength on input line 80.
LaTeX Info: Redefining \addtolength on input line 81.
\calc@Ccount=\count185
\calc@Cskip=\skip49
)
(/Library/Application Support/MiKTeX/texmfs/install/tex/latex/base/report.cls
Document Class: report 2021/10/04 v1.4n Standard LaTeX document class
(/Library/Application Support/MiKTeX/texmfs/install/tex/latex/base/size12.clo
File: size12.clo 2021/10/04 v1.4n Standard LaTeX file (size option)
)
\c@part=\count186
\c@chapter=\count187
\c@section=\count188
\c@subsection=\count189
\c@subsubsection=\count190
\c@paragraph=\count191
\c@subparagraph=\count192
\c@figure=\count193
\c@table=\count194
\abovecaptionskip=\skip50
\belowcaptionskip=\skip51
\bibindent=\dimen140
)
\c@titlelines=\count195
\c@subsubsubsection=\count196
)
(/Library/Application Support/MiKTeX/texmfs/install/tex/latex/amsmath/amsmath.s
ty
Package: amsmath 2021/10/15 v2.17l AMS math features
\@mathmargin=\skip52

For additional information on amsmath, use the `?' option.

(/Library/Application Support/MiKTeX/texmfs/install/tex/latex/amsmath/amstext.s
ty
Package: amstext 2021/08/26 v2.01 AMS text

(/Library/Application Support/MiKTeX/texmfs/install/tex/latex/amsmath/amsgen.st
y
File: amsgen.sty 1999/11/30 v2.0 generic functions
\@emptytoks=\toks16
\ex@=\dimen141
))
(/Library/Application Support/MiKTeX/texmfs/install/tex/latex/amsmath/amsbsy.st
y
Package: amsbsy 1999/11/29 v1.2d Bold Symbols
\pmbraise@=\dimen142
)
(/Library/Application Support/MiKTeX/texmfs/install/tex/latex/amsmath/amsopn.st
y
Package: amsopn 2021/08/26 v2.02 operator names
)
\inf@bad=\count197
LaTeX Info: Redefining \frac on input line 234.
\uproot@=\count198
\leftroot@=\count199
LaTeX Info: Redefining \overline on input line 399.
\classnum@=\count266
\DOTSCASE@=\count267
LaTeX Info: Redefining \ldots on input line 496.
LaTeX Info: Redefining \dots on input line 499.
LaTeX Info: Redefining \cdots on input line 620.
\Mathstrutbox@=\box50
\strutbox@=\box51
\big@size=\dimen143
LaTeX Font Info:    Redeclaring font encoding OML on input line 743.
LaTeX Font Info:    Redeclaring font encoding OMS on input line 744.
\macc@depth=\count268
\c@MaxMatrixCols=\count269
\dotsspace@=\muskip16
\c@parentequation=\count270
\dspbrk@lvl=\count271
\tag@help=\toks17
\row@=\count272
\column@=\count273
\maxfields@=\count274
\andhelp@=\toks18
\eqnshift@=\dimen144
\alignsep@=\dimen145
\tagshift@=\dimen146
\tagwidth@=\dimen147
\totwidth@=\dimen148
\lineht@=\dimen149
\@envbody=\toks19
\multlinegap=\skip53
\multlinetaggap=\skip54
\mathdisplay@stack=\toks20
LaTeX Info: Redefining \[ on input line 2938.
LaTeX Info: Redefining \] on input line 2939.
)
(/Users/natereynolds/Library/Application Support/MiKTeX/texmfs/install/tex/late
x/amscls/amsthm.sty
Package: amsthm 2020/05/29 v2.20.6
\thm@style=\toks21
\thm@bodyfont=\toks22
\thm@headfont=\toks23
\thm@notefont=\toks24
\thm@headpunct=\toks25
\thm@preskip=\skip55
\thm@postskip=\skip56
\thm@headsep=\skip57
\dth@everypar=\toks26
)
(/Users/natereynolds/Library/Application Support/MiKTeX/texmfs/install/tex/late
x/float/float.sty
Package: float 2001/11/08 v1.3d Float enhancements (AL)
\c@float@type=\count275
\float@exts=\toks27
\float@box=\box52
\@float@everytoks=\toks28
\@floatcapt=\box53
)
(/Library/Application Support/MiKTeX/texmfs/install/tex/latex/tools/longtable.s
ty
Package: longtable 2021-09-01 v4.17 Multi-page Table package (DPC)
\LTleft=\skip58
\LTright=\skip59
\LTpre=\skip60
\LTpost=\skip61
\LTchunksize=\count276
\LTcapwidth=\dimen150
\LT@head=\box54
\LT@firsthead=\box55
\LT@foot=\box56
\LT@lastfoot=\box57
\LT@gbox=\box58
\LT@cols=\count277
\LT@rows=\count278
\c@LT@tables=\count279
\c@LT@chunks=\count280
\LT@p@ftn=\toks29
)
(/Users/natereynolds/Library/Application Support/MiKTeX/texmfs/install/tex/late
x/caption/caption.sty
Package: caption 2022/03/01 v3.6b Customizing captions (AR)

(/Users/natereynolds/Library/Application Support/MiKTeX/texmfs/install/tex/late
x/caption/caption3.sty
Package: caption3 2022/03/17 v2.3b caption3 kernel (AR)

(/Library/Application Support/MiKTeX/texmfs/install/tex/latex/graphics/keyval.s
ty
Package: keyval 2014/10/28 v1.15 key=value parser (DPC)
\KV@toks@=\toks30
)
\caption@tempdima=\dimen151
\captionmargin=\dimen152
\caption@leftmargin=\dimen153
\caption@rightmargin=\dimen154
\caption@width=\dimen155
\caption@indent=\dimen156
\caption@parindent=\dimen157
\caption@hangindent=\dimen158
Package caption Info: Unknown document class (or package),
(caption)             standard defaults will be used.
Package caption Info: \@makecaption = \long macro:#1#2->\vskip \abovecaptionski
p {\ssp \raggedright \bfseries #1. #2\par } \vskip \belowcaptionskip  on input 
line 1176.
)

Package caption Warning: Unknown document class (or package),
(caption)                standard defaults will be used.
See the caption package documentation for explanation.

\c@caption@flags=\count281
\c@continuedfloat=\count282
Package caption Info: float package is loaded.
Package caption Info: longtable package is loaded.

(/Users/natereynolds/Library/Application Support/MiKTeX/texmfs/install/tex/late
x/caption/ltcaption.sty
Package: ltcaption 2021/01/08 v1.4c longtable captions (AR)
))
(/Users/natereynolds/Library/Application Support/MiKTeX/texmfs/install/tex/late
x/ulem/ulem.sty
\UL@box=\box59
\UL@hyphenbox=\box60
\UL@skip=\skip62
\UL@hook=\toks31
\UL@height=\dimen159
\UL@pe=\count283
\UL@pixel=\dimen160
\ULC@box=\box61
Package: ulem 2019/11/18
\ULdepth=\dimen161
)
(/Library/Application Support/MiKTeX/texmfs/install/tex/latex/ragged2e/ragged2e
.sty
Package: ragged2e 2021/12/15 v3.1 ragged2e Package


LaTeX Warning: Command \@arrayparboxrestore  has changed.
               Check if current package is valid.


(/Users/natereynolds/Library/Application Support/MiKTeX/texmfs/install/tex/late
x/footmisc/footmisc.sty
Package: footmisc 2022/03/08 v6.0d a miscellany of footnote facilities
\FN@temptoken=\toks32
\footnotemargin=\dimen162
\@outputbox@depth=\dimen163
Package footmisc Info: Declaring symbol style bringhurst on input line 695.
Package footmisc Info: Declaring symbol style chicago on input line 703.
Package footmisc Info: Declaring symbol style wiley on input line 712.
Package footmisc Info: Declaring symbol style lamport-robust on input line 723.

Package footmisc Info: Declaring symbol style lamport* on input line 743.
Package footmisc Info: Declaring symbol style lamport*-robust on input line 764
.
)
\CenteringLeftskip=\skip63
\RaggedLeftLeftskip=\skip64
\RaggedRightLeftskip=\skip65
\CenteringRightskip=\skip66
\RaggedLeftRightskip=\skip67
\RaggedRightRightskip=\skip68
\CenteringParfillskip=\skip69
\RaggedLeftParfillskip=\skip70
\RaggedRightParfillskip=\skip71
\JustifyingParfillskip=\skip72
\CenteringParindent=\skip73
\RaggedLeftParindent=\skip74
\RaggedRightParindent=\skip75
\JustifyingParindent=\skip76
)

Package amsthm Warning: Unknown theoremstyle `theorem' on input line 16.

\c@theorem=\count284

(/Library/Application Support/MiKTeX/texmfs/install/tex/latex/amsfonts/amsfonts
.sty
Package: amsfonts 2013/01/14 v3.01 Basic AMSFonts support
\symAMSa=\mathgroup4
\symAMSb=\mathgroup5
LaTeX Font Info:    Redeclaring math symbol \hbar on input line 98.
LaTeX Font Info:    Overwriting math alphabet `\mathfrak' in version `bold'
(Font)                  U/euf/m/n --> U/euf/b/n on input line 106.
)
(/Library/Application Support/MiKTeX/texmfs/install/tex/latex/graphics/graphicx
.sty
Package: graphicx 2021/09/16 v1.2d Enhanced LaTeX Graphics (DPC,SPQR)

(/Library/Application Support/MiKTeX/texmfs/install/tex/latex/graphics/graphics
.sty
Package: graphics 2021/03/04 v1.4d Standard LaTeX Graphics (DPC,SPQR)

(/Library/Application Support/MiKTeX/texmfs/install/tex/latex/graphics/trig.sty
Package: trig 2021/08/11 v1.11 sin cos tan (DPC)
)
(/Library/Application Support/MiKTeX/texmfs/install/tex/latex/graphics-cfg/grap
hics.cfg
File: graphics.cfg 2016/06/04 v1.11 sample graphics configuration
)
Package graphics Info: Driver file: dvips.def on input line 107.

(/Library/Application Support/MiKTeX/texmfs/install/tex/latex/graphics-def/dvip
s.def
File: dvips.def 2017/06/20 v3.1d Graphics/color driver for dvips
))
\Gin@req@height=\dimen164
\Gin@req@width=\dimen165
)
(/Library/Application Support/MiKTeX/texmfs/install/tex/latex/hyperref/hyperref
.sty
Package: hyperref 2021-06-07 v7.00m Hypertext links for LaTeX

(/Users/natereynolds/Library/Application Support/MiKTeX/texmfs/install/tex/gene
ric/ltxcmds/ltxcmds.sty
Package: ltxcmds 2020-05-10 v1.25 LaTeX kernel commands for general use (HO)
)
(/Library/Application Support/MiKTeX/texmfs/install/tex/generic/iftex/iftex.sty
Package: iftex 2020/03/06 v1.0d TeX engine tests
)
(/Library/Application Support/MiKTeX/texmfs/install/tex/generic/pdftexcmds/pdft
excmds.sty
Package: pdftexcmds 2020-06-27 v0.33 Utility functions of pdfTeX for LuaTeX (HO
)

(/Users/natereynolds/Library/Application Support/MiKTeX/texmfs/install/tex/gene
ric/infwarerr/infwarerr.sty
Package: infwarerr 2019/12/03 v1.5 Providing info/warning/error messages (HO)
)
Package pdftexcmds Info: \pdf@primitive is available.
Package pdftexcmds Info: \pdf@ifprimitive is available.
Package pdftexcmds Info: \pdfdraftmode is ignored in DVI mode.
)
(/Users/natereynolds/Library/Application Support/MiKTeX/texmfs/install/tex/gene
ric/kvsetkeys/kvsetkeys.sty
Package: kvsetkeys 2019/12/15 v1.18 Key value parser (HO)
)
(/Users/natereynolds/Library/Application Support/MiKTeX/texmfs/install/tex/gene
ric/kvdefinekeys/kvdefinekeys.sty
Package: kvdefinekeys 2019-12-19 v1.6 Define keys (HO)
)
(/Users/natereynolds/Library/Application Support/MiKTeX/texmfs/install/tex/gene
ric/pdfescape/pdfescape.sty
Package: pdfescape 2019/12/09 v1.15 Implements pdfTeX's escape features (HO)
)
(/Users/natereynolds/Library/Application Support/MiKTeX/texmfs/install/tex/late
x/hycolor/hycolor.sty
Package: hycolor 2020-01-27 v1.10 Color options for hyperref/bookmark (HO)
)
(/Users/natereynolds/Library/Application Support/MiKTeX/texmfs/install/tex/late
x/letltxmacro/letltxmacro.sty
Package: letltxmacro 2019/12/03 v1.6 Let assignment for LaTeX macros (HO)
)
(/Users/natereynolds/Library/Application Support/MiKTeX/texmfs/install/tex/late
x/auxhook/auxhook.sty
Package: auxhook 2019-12-17 v1.6 Hooks for auxiliary files (HO)
)
(/Users/natereynolds/Library/Application Support/MiKTeX/texmfs/install/tex/late
x/kvoptions/kvoptions.sty
Package: kvoptions 2020-10-07 v3.14 Key value format for package options (HO)
)
\@linkdim=\dimen166
\Hy@linkcounter=\count285
\Hy@pagecounter=\count286

(/Library/Application Support/MiKTeX/texmfs/install/tex/latex/hyperref/pd1enc.d
ef
File: pd1enc.def 2021-06-07 v7.00m Hyperref: PDFDocEncoding definition (HO)
Now handling font encoding PD1 ...
... no UTF-8 mapping file for font encoding PD1
)
(/Library/Application Support/MiKTeX/texmfs/install/tex/latex/hyperref/hyperref
-langpatches.def
File: hyperref-langpatches.def 2021-06-07 v7.00m Hyperref: patches for babel la
nguages
)
(/Users/natereynolds/Library/Application Support/MiKTeX/texmfs/install/tex/gene
ric/intcalc/intcalc.sty
Package: intcalc 2019/12/15 v1.3 Expandable calculations with integers (HO)
)
(/Users/natereynolds/Library/Application Support/MiKTeX/texmfs/install/tex/gene
ric/etexcmds/etexcmds.sty
Package: etexcmds 2019/12/15 v1.7 Avoid name clashes with e-TeX commands (HO)
)
\Hy@SavedSpaceFactor=\count287

(/Library/Application Support/MiKTeX/texmfs/install/tex/latex/hyperref/puenc.de
f
File: puenc.def 2021-06-07 v7.00m Hyperref: PDF Unicode definition (HO)
Now handling font encoding PU ...
... no UTF-8 mapping file for font encoding PU
)
Package hyperref Info: Hyper figures OFF on input line 4192.
Package hyperref Info: Link nesting OFF on input line 4197.
Package hyperref Info: Hyper index ON on input line 4200.
Package hyperref Info: Plain pages OFF on input line 4207.
Package hyperref Info: Backreferencing OFF on input line 4212.
Package hyperref Info: Implicit mode ON; LaTeX internals redefined.
Package hyperref Info: Bookmarks ON on input line 4445.
\c@Hy@tempcnt=\count288
 (/Library/Application Support/MiKTeX/texmfs/install/tex/latex/url/url.sty
\Urlmuskip=\muskip17
Package: url 2013/09/16  ver 3.4  Verb mode for urls, etc.
)
LaTeX Info: Redefining \url on input line 4804.
\XeTeXLinkMargin=\dimen167

(/Users/natereynolds/Library/Application Support/MiKTeX/texmfs/install/tex/gene
ric/bitset/bitset.sty
Package: bitset 2019/12/09 v1.3 Handle bit-vector datatype (HO)

(/Users/natereynolds/Library/Application Support/MiKTeX/texmfs/install/tex/gene
ric/bigintcalc/bigintcalc.sty
Package: bigintcalc 2019/12/15 v1.5 Expandable calculations on big integers (HO
)
))
\Fld@menulength=\count289
\Field@Width=\dimen168
\Fld@charsize=\dimen169
Package hyperref Info: Hyper figures OFF on input line 6076.
Package hyperref Info: Link nesting OFF on input line 6081.
Package hyperref Info: Hyper index ON on input line 6084.
Package hyperref Info: backreferencing OFF on input line 6091.
Package hyperref Info: Link coloring OFF on input line 6096.
Package hyperref Info: Link coloring with OCG OFF on input line 6101.
Package hyperref Info: PDF/A mode OFF on input line 6106.
LaTeX Info: Redefining \ref on input line 6146.
LaTeX Info: Redefining \pageref on input line 6150.

(/Library/Application Support/MiKTeX/texmfs/install/tex/latex/base/atbegshi-ltx
.sty
Package: atbegshi-ltx 2021/01/10 v1.0c Emulation of the original atbegshi
package with kernel methods
)
\Hy@abspage=\count290
\c@Item=\count291
\c@Hfootnote=\count292
)
Package hyperref Info: Driver (default): hdvips.

(/Library/Application Support/MiKTeX/texmfs/install/tex/latex/hyperref/hdvips.d
ef
File: hdvips.def 2021-06-07 v7.00m Hyperref driver for dvips

(/Library/Application Support/MiKTeX/texmfs/install/tex/latex/hyperref/pdfmark.
def
File: pdfmark.def 2021-06-07 v7.00m Hyperref definitions for pdfmark specials
\pdf@docset=\toks33
\pdf@box=\box62
\pdf@toks=\toks34
\pdf@defaulttoks=\toks35
\HyField@AnnotCount=\count293
\Fld@listcount=\count294
\c@bookmark@seq@number=\count295

(/Users/natereynolds/Library/Application Support/MiKTeX/texmfs/install/tex/late
x/rerunfilecheck/rerunfilecheck.sty
Package: rerunfilecheck 2019/12/05 v1.9 Rerun checks for auxiliary files (HO)

(/Library/Application Support/MiKTeX/texmfs/install/tex/latex/base/atveryend-lt
x.sty
Package: atveryend-ltx 2020/08/19 v1.0a Emulation of the original atveryend pac
kage
with kernel methods
)
(/Users/natereynolds/Library/Application Support/MiKTeX/texmfs/install/tex/gene
ric/uniquecounter/uniquecounter.sty
Package: uniquecounter 2019/12/15 v1.4 Provide unlimited unique counter (HO)
)
Package uniquecounter Info: New unique counter `rerunfilecheck' on input line 2
86.
)
\Hy@SectionHShift=\skip77
))
Package hyperref Info: Option `colorlinks' set `true' on input line 45.

(/Library/Application Support/MiKTeX/texmfs/install/tex/latex/l3backend/l3backe
nd-dvips.def
File: l3backend-dvips.def 2021-12-14 L3 backend support: dvips
\l__pdf_internal_box=\box63
\g__pdf_backend_object_int=\count296
\l__pdf_backend_content_box=\box64
\l__pdf_backend_model_box=\box65
\g__pdf_backend_annotation_int=\count297
\g__pdf_backend_link_int=\count298
\g__pdf_backend_link_sf_int=\count299
) (Thesis.aux)
\openout1 = `Thesis.aux'.

LaTeX Font Info:    Checking defaults for OML/cmm/m/it on input line 171.
LaTeX Font Info:    ... okay on input line 171.
LaTeX Font Info:    Checking defaults for OMS/cmsy/m/n on input line 171.
LaTeX Font Info:    ... okay on input line 171.
LaTeX Font Info:    Checking defaults for OT1/cmr/m/n on input line 171.
LaTeX Font Info:    ... okay on input line 171.
LaTeX Font Info:    Checking defaults for T1/cmr/m/n on input line 171.
LaTeX Font Info:    ... okay on input line 171.
LaTeX Font Info:    Checking defaults for TS1/cmr/m/n on input line 171.
LaTeX Font Info:    ... okay on input line 171.
LaTeX Font Info:    Checking defaults for OMX/cmex/m/n on input line 171.
LaTeX Font Info:    ... okay on input line 171.
LaTeX Font Info:    Checking defaults for U/cmr/m/n on input line 171.
LaTeX Font Info:    ... okay on input line 171.
LaTeX Font Info:    Checking defaults for PD1/pdf/m/n on input line 171.
LaTeX Font Info:    ... okay on input line 171.
LaTeX Font Info:    Checking defaults for PU/pdf/m/n on input line 171.
LaTeX Font Info:    ... okay on input line 171.

Note: longtable package detected, redefining the caption printing
Package caption Info: Begin \AtBeginDocument code.
Package caption Info: hyperref package is loaded.
Package caption Info: End \AtBeginDocument code.
Package ragged2e Info: ABD: executing \RaggedRight on input line 171.

(/Library/Application Support/MiKTeX/texmfs/install/tex/latex/graphics/color.st
y
Package: color 2021/12/07 v1.3c Standard LaTeX Color (DPC)

(/Library/Application Support/MiKTeX/texmfs/install/tex/latex/graphics-cfg/colo
r.cfg
File: color.cfg 2016/01/02 v1.6 sample color configuration
)
Package color Info: Driver file: dvips.def on input line 149.

(/Library/Application Support/MiKTeX/texmfs/install/tex/latex/graphics/dvipsnam
.def
File: dvipsnam.def 2016/06/17 v3.0m Driver-dependent file (DPC,SPQR)
))
Package hyperref Info: Link coloring ON on input line 171.

(/Library/Application Support/MiKTeX/texmfs/install/tex/latex/hyperref/nameref.
sty
Package: nameref 2021-04-02 v2.47 Cross-referencing by name of section

(/Users/natereynolds/Library/Application Support/MiKTeX/texmfs/install/tex/late
x/refcount/refcount.sty
Package: refcount 2019/12/15 v3.6 Data extraction from label references (HO)
)
(/Users/natereynolds/Library/Application Support/MiKTeX/texmfs/install/tex/gene
ric/gettitlestring/gettitlestring.sty
Package: gettitlestring 2019/12/15 v1.6 Cleanup title references (HO)
)
\c@section@level=\count300
)
LaTeX Info: Redefining \ref on input line 171.
LaTeX Info: Redefining \pageref on input line 171.
LaTeX Info: Redefining \nameref on input line 171.
 (Thesis.out) (Thesis.out)
\@outlinefile=\write3
\openout3 = `Thesis.out'.

 [1


] [2]
[3] [4

]
Underfull \hbox (badness 10000) in paragraph at lines 197--198

 []

[5]

Package hyperref Warning: bookmark level for unknown schapter defaults to 0.

(abstract.tex
LaTeX Font Info:    Trying to load font information for U+msa on input line 15.


(/Library/Application Support/MiKTeX/texmfs/install/tex/latex/amsfonts/umsa.fd
File: umsa.fd 2013/01/14 v3.01 AMS symbols A
)
LaTeX Font Info:    Trying to load font information for U+msb on input line 15.

(/Library/Application Support/MiKTeX/texmfs/install/tex/latex/amsfonts/umsb.fd
File: umsb.fd 2013/01/14 v3.01 AMS symbols B
)) [6

] (Thesis.toc [7

])
\tf@toc=\write4
\openout4 = `Thesis.toc'.

 [8] (Thesis.lot)
\tf@lot=\write5
\openout5 = `Thesis.lot'.

 [9

] (Thesis.lof
Overfull \hbox (526.24654pt too wide) in paragraph at lines 1--1
 [][] [] [][]  
 []


Overfull \hbox (242.1546pt too wide) in paragraph at lines 2--2
 [][] [] [][]  
 []


Overfull \hbox (266.8208pt too wide) in paragraph at lines 3--3
 [][] [] [][]  
 []


Overfull \hbox (229.03366pt too wide) in paragraph at lines 4--4
 [][] [] [][]  
 []


Overfull \hbox (92.01727pt too wide) in paragraph at lines 5--5
 [][] [] [][]  
 []


Overfull \hbox (280.65955pt too wide) in paragraph at lines 6--6
 [][] [] [][]  
 []


Overfull \hbox (238.30301pt too wide) in paragraph at lines 7--7
 [][] [] [][]  
 []


Overfull \hbox (280.65955pt too wide) in paragraph at lines 8--8
 [][] [] [][]  
 []


Overfull \hbox (272.69574pt too wide) in paragraph at lines 9--9
 [][] [] [][]  
 []


Overfull \hbox (280.65955pt too wide) in paragraph at lines 10--10
 [][] [] [][]  
 []

)
\tf@lof=\write6
\openout6 = `Thesis.lof'.

 [10

] [11

] (body.tex

Package hyperref Warning: bookmark level for unknown chaphd defaults to 0.

CHAPTER 1.

LaTeX Font Warning: Font shape `OT1/cmr/bx/sc' undefined
(Font)              using `OT1/cmr/bx/n' instead on input line 12.


Underfull \hbox (badness 10000) in paragraph at lines 17--23

 []


Underfull \hbox (badness 10000) in paragraph at lines 24--29

 []


Underfull \hbox (badness 10000) in paragraph at lines 30--40

 []


Underfull \hbox (badness 10000) in paragraph at lines 41--47

 []

[1

]
 Section 1.1.

Underfull \hbox (badness 10000) in paragraph at lines 50--58

 []


Underfull \hbox (badness 10000) in paragraph at lines 59--66

 []


Underfull \hbox (badness 10000) in paragraph at lines 67--73

 []

 Subsection 1.1.1.
[2]

! Package amsmath Error: Erroneous nesting of equation structures;
(amsmath)                trying to recover with `aligned'.

See the amsmath package documentation for explanation.
Type  H <return>  for immediate help.
 ...                                              
                                                  
l.90               \end{align}
                              
? 

Underfull \hbox (badness 10000) in paragraph at lines 93--97

 []

 Subsection 1.1.2.

! Package amsmath Error: Erroneous nesting of equation structures;
(amsmath)                trying to recover with `aligned'.

See the amsmath package documentation for explanation.
Type  H <return>  for immediate help.
 ...                                              
                                                  
l.107               \end{align}
                               
? 

Underfull \hbox (badness 10000) in paragraph at lines 110--112

 []

 Subsection 1.1.3.
[3]

! Package amsmath Error: Erroneous nesting of equation structures;
(amsmath)                trying to recover with `aligned'.

See the amsmath package documentation for explanation.
Type  H <return>  for immediate help.
 ...                                              
                                                  
l.126               \end{align}
                               
? 

Underfull \hbox (badness 10000) in paragraph at lines 137--142

 []

 Subsection 1.1.4.

! Package amsmath Error: Erroneous nesting of equation structures;
(amsmath)                trying to recover with `aligned'.

See the amsmath package documentation for explanation.
Type  H <return>  for immediate help.
 ...                                              
                                                  
l.152               \end{align}
                               
? 

Underfull \hbox (badness 10000) in paragraph at lines 155--161

 []


! LaTeX Error: Cannot determine size of graphic in Plots//Attractor Plots/3D Pl
ots/Lorenz.png (no BoundingBox).

See the LaTeX manual or LaTeX Companion for explanation.
Type  H <return>  for immediate help.
 ...                                              
                                                  
l.165 ...cm]{/Attractor Plots/3D Plots/Lorenz.png}
                                                  &
? 
File: Plots//Attractor Plots/3D Plots/Lorenz.png Graphic file (type eps)
<Plots//Attractor Plots/3D Plots/Lorenz.png>

! LaTeX Error: Cannot determine size of graphic in Plots//Attractor Plots/3D Pl
ots/Rossler.png (no BoundingBox).

See the LaTeX manual or LaTeX Companion for explanation.
Type  H <return>  for immediate help.
 ...                                              
                                                  
l.166 ...m]{/Attractor Plots/3D Plots/Rossler.png}
                                                  \\
? 
File: Plots//Attractor Plots/3D Plots/Rossler.png Graphic file (type eps)
<Plots//Attractor Plots/3D Plots/Rossler.png>

! LaTeX Error: Cannot determine size of graphic in Plots//Attractor Plots/3D Pl
ots/Chua.png (no BoundingBox).

See the LaTeX manual or LaTeX Companion for explanation.
Type  H <return>  for immediate help.
 ...                                              
                                                  
l.168 ...=8cm]{/Attractor Plots/3D Plots/Chua.png}
                                                  &
? 
File: Plots//Attractor Plots/3D Plots/Chua.png Graphic file (type eps)
<Plots//Attractor Plots/3D Plots/Chua.png>

! LaTeX Error: Cannot determine size of graphic in Plots//Attractor Plots/3D Pl
ots/Signum.png (no BoundingBox).

See the LaTeX manual or LaTeX Companion for explanation.
Type  H <return>  for immediate help.
 ...                                              
                                                  
l.169 ...cm]{/Attractor Plots/3D Plots/Signum.png}
                                                  \\
? 
File: Plots//Attractor Plots/3D Plots/Signum.png Graphic file (type eps)
<Plots//Attractor Plots/3D Plots/Signum.png>
Overfull \hbox (27.55661pt too wide) in paragraph at lines 164--173
 [][] 
 []

[4]

! LaTeX Error: Something's wrong--perhaps a missing \item.

See the LaTeX manual or LaTeX Companion for explanation.
Type  H <return>  for immediate help.
 ...                                              
                                                  
l.176 `\section
               {Chaos}
? 
 Section 1.2.

Underfull \hbox (badness 10000) in paragraph at lines 179--185

 []

[5]
Underfull \hbox (badness 10000) in paragraph at lines 193--195

 []

 Section 1.3.

Underfull \hbox (badness 10000) in paragraph at lines 223--224

 []


Underfull \hbox (badness 10000) in paragraph at lines 225--228

 []

[6]
Underfull \hbox (badness 10000) in paragraph at lines 240--249

 []

 Section 1.4.

Underfull \hbox (badness 10000) in paragraph at lines 252--258

 []

[7]
! Missing } inserted.
<inserted text> 
                }
l.281                   \end{equation*}
                                       
? 
! Extra }, or forgotten \endgroup.
l.282 ...he Euclidean norm (\cite{item:1}, pp.17)}
                                                  .
? 
[8] [9]
CHAPTER 2.

Underfull \hbox (badness 10000) in paragraph at lines 331--339

 []

 Section 2.1.
 Subsection 2.1.1.

Underfull \hbox (badness 10000) in paragraph at lines 343--351

 []


Underfull \hbox (badness 10000) in paragraph at lines 352--357

 []

[10

]

! LaTeX Error: Something's wrong--perhaps a missing \item.

See the LaTeX manual or LaTeX Companion for explanation.
Type  H <return>  for immediate help.
 ...                                              
                                                  
l.378         \subsection
                         {Computing Lyapunov exponents from data}
? 
 Subsection 2.1.2.

Underfull \hbox (badness 10000) in paragraph at lines 380--385

 []

! Extra }, or forgotten $.
l.398 ... $\mathbf{y}_{l,j}^{n,+}=\phi_{\delta t}}
                                                  (\mathbf{y}_{l,j}^n)$
? 
! Extra }, or forgotten $.
l.399 ...$\mathbf{y}_{l,j}^{n,-}=\phi_{-\delta t}}
                                                  (\mathbf{y}_{l,j}^n)$}
? 
[11]
Underfull \hbox (badness 10000) in paragraph at lines 405--406

 []

 Subsection 2.1.3.

Underfull \hbox (badness 10000) in paragraph at lines 425--426

 []


Underfull \hbox (badness 10000) in paragraph at lines 427--432

 []

[12]
! Extra }, or forgotten $.
l.439 ...hbf{y})\vert_{\mathbf{y}=\mathbf{y}_{j}}}
                                                  $ by finding gradients
? 
! Extra }, or forgotten $.
l.441 ...hbf{y})\vert_{\mathbf{y}=\mathbf{y}_{j}}}
                                                  =\sum\limits_{l=1}^{N_{nb}...

? 

Underfull \hbox (badness 10000) in paragraph at lines 442--445

 []

 Section 2.2.

Underfull \hbox (badness 10000) in paragraph at lines 449--454

 []


Underfull \hbox (badness 10000) in paragraph at lines 457--461

 []

 Subsection 2.2.1.

Underfull \hbox (badness 10000) in paragraph at lines 464--472

 []

[13]

! LaTeX Error: Cannot determine size of graphic in Plots//Condition Number Plot
s/lorenz gaussian.png (no BoundingBox).

See the LaTeX manual or LaTeX Companion for explanation.
Type  H <return>  for immediate help.
 ...                                              
                                                  
l.485 ...ndition Number Plots/lorenz gaussian.png}
                                                  &
? 
File: Plots//Condition Number Plots/lorenz gaussian.png Graphic file (type eps)

<Plots//Condition Number Plots/lorenz gaussian.png>

! LaTeX Error: Cannot determine size of graphic in Plots//Shape Parameter/Loren
z, t=90.png (no BoundingBox).

See the LaTeX manual or LaTeX Companion for explanation.
Type  H <return>  for immediate help.
 ...                                              
                                                  
l.486 ...6.5cm]{/Shape Parameter/Lorenz, t=90.png}
                                                  \\
? 
File: Plots//Shape Parameter/Lorenz, t=90.png Graphic file (type eps)
<Plots//Shape Parameter/Lorenz, t=90.png> [14]
Underfull \hbox (badness 10000) in paragraph at lines 507--509

 []

 Subsection 2.2.2.

Underfull \hbox (badness 10000) in paragraph at lines 512--518

 []


Underfull \hbox (badness 10000) in paragraph at lines 520--524

 []

 Subsection 2.2.3.

Underfull \hbox (badness 10000) in paragraph at lines 527--533

 []

[15]
Underfull \hbox (badness 10000) in paragraph at lines 547--555

 []


Underfull \hbox (badness 10000) in paragraph at lines 556--560

 []

 Section 2.3.

Underfull \hbox (badness 10000) in paragraph at lines 569--577

 []

[16]
CHAPTER 3.

Underfull \hbox (badness 10000) in paragraph at lines 581--589

 []


Underfull \hbox (badness 10000) in paragraph at lines 590--598

 []


Underfull \hbox (badness 10000) in paragraph at lines 599--642

 []

 Section 3.1.
[17

]

! LaTeX Error: Cannot determine size of graphic in Plots//Jacobian Error/Lorenz
, t=90.png (no BoundingBox).

See the LaTeX manual or LaTeX Companion for explanation.
Type  H <return>  for immediate help.
 ...                                              
                                                  
l.660 ...=6.5cm]{/Jacobian Error/Lorenz, t=90.png}
                                                  &
? 
File: Plots//Jacobian Error/Lorenz, t=90.png Graphic file (type eps)
<Plots//Jacobian Error/Lorenz, t=90.png>

! LaTeX Error: Cannot determine size of graphic in Plots//Jacobian Error/Lorenz
, t=90 dt=0,001.png (no BoundingBox).

See the LaTeX manual or LaTeX Companion for explanation.
Type  H <return>  for immediate help.
 ...                                              
                                                  
l.661 ...Jacobian Error/Lorenz, t=90 dt=0,001.png}
                                                  \\
? 
File: Plots//Jacobian Error/Lorenz, t=90 dt=0,001.png Graphic file (type eps)
<Plots//Jacobian Error/Lorenz, t=90 dt=0,001.png>

! LaTeX Error: Cannot determine size of graphic in Plots//Jacobian Error/Lorenz
, t=1000.png (no BoundingBox).

See the LaTeX manual or LaTeX Companion for explanation.
Type  H <return>  for immediate help.
 ...                                              
                                                  
l.663 ....5cm]{/Jacobian Error/Lorenz, t=1000.png}
                                                  &
? 
File: Plots//Jacobian Error/Lorenz, t=1000.png Graphic file (type eps)
<Plots//Jacobian Error/Lorenz, t=1000.png>

! LaTeX Error: Cannot determine size of graphic in Plots//Jacobian Error/Lorenz
, dt=0,001.png (no BoundingBox).

See the LaTeX manual or LaTeX Companion for explanation.
Type  H <return>  for immediate help.
 ...                                              
                                                  
l.664 ...cm]{/Jacobian Error/Lorenz, dt=0,001.png}
                                                  \\
? 
File: Plots//Jacobian Error/Lorenz, dt=0,001.png Graphic file (type eps)
<Plots//Jacobian Error/Lorenz, dt=0,001.png>
Underfull \hbox (badness 10000) in paragraph at lines 650--668

 []


! LaTeX Error: Cannot determine size of graphic in Plots//Shape Parameter/Loren
z, t=90.png (no BoundingBox).

See the LaTeX manual or LaTeX Companion for explanation.
Type  H <return>  for immediate help.
 ...                                              
                                                  
l.672 ...6.5cm]{/Shape Parameter/Lorenz, t=90.png}
                                                  &
? 
File: Plots//Shape Parameter/Lorenz, t=90.png Graphic file (type eps)
<Plots//Shape Parameter/Lorenz, t=90.png>

! LaTeX Error: Cannot determine size of graphic in Plots//Shape Parameter/Loren
z, t=90 dt=0,001.png (no BoundingBox).

See the LaTeX manual or LaTeX Companion for explanation.
Type  H <return>  for immediate help.
 ...                                              
                                                  
l.673 ...hape Parameter/Lorenz, t=90 dt=0,001.png}
                                                  \\
? 
File: Plots//Shape Parameter/Lorenz, t=90 dt=0,001.png Graphic file (type eps)
<Plots//Shape Parameter/Lorenz, t=90 dt=0,001.png>

! LaTeX Error: Cannot determine size of graphic in Plots//Shape Parameter/Loren
z, t=1000 2.png (no BoundingBox).

See the LaTeX manual or LaTeX Companion for explanation.
Type  H <return>  for immediate help.
 ...                                              
                                                  
l.675 ...m]{/Shape Parameter/Lorenz, t=1000 2.png}
                                                  &
? 
File: Plots//Shape Parameter/Lorenz, t=1000 2.png Graphic file (type eps)
<Plots//Shape Parameter/Lorenz, t=1000 2.png>

! LaTeX Error: Cannot determine size of graphic in Plots//Shape Parameter/Loren
z, t=1000 dt=0,001.png (no BoundingBox).

See the LaTeX manual or LaTeX Companion for explanation.
Type  H <return>  for immediate help.
 ...                                              
                                                  
l.676 ...pe Parameter/Lorenz, t=1000 dt=0,001.png}
                                                  \\
? 
File: Plots//Shape Parameter/Lorenz, t=1000 dt=0,001.png Graphic file (type eps
)
<Plots//Shape Parameter/Lorenz, t=1000 dt=0,001.png> [18]

! LaTeX Error: Cannot determine size of graphic in Plots//Jacobian Error/Lorenz
 mult.png (no BoundingBox).

See the LaTeX manual or LaTeX Companion for explanation.
Type  H <return>  for immediate help.
 ...                                              
                                                  
l.684 ...h=6.5cm]{/Jacobian Error/Lorenz mult.png}
                                                  &
? 
File: Plots//Jacobian Error/Lorenz mult.png Graphic file (type eps)
<Plots//Jacobian Error/Lorenz mult.png>

! LaTeX Error: Cannot determine size of graphic in Plots//Jacobian Error/Lorenz
 inv.png (no BoundingBox).

See the LaTeX manual or LaTeX Companion for explanation.
Type  H <return>  for immediate help.
 ...                                              
                                                  
l.685 ...th=6.5cm]{/Jacobian Error/Lorenz inv.png}
                                                  \\
? 
File: Plots//Jacobian Error/Lorenz inv.png Graphic file (type eps)
<Plots//Jacobian Error/Lorenz inv.png>

! LaTeX Error: Cannot determine size of graphic in Plots//Jacobian Error/Lorenz
, 100nbrs.png (no BoundingBox).

See the LaTeX manual or LaTeX Companion for explanation.
Type  H <return>  for immediate help.
 ...                                              
                                                  
l.687 ...5cm]{/Jacobian Error/Lorenz, 100nbrs.png}
                                                  &
? 
File: Plots//Jacobian Error/Lorenz, 100nbrs.png Graphic file (type eps)
<Plots//Jacobian Error/Lorenz, 100nbrs.png>

! LaTeX Error: Cannot determine size of graphic in Plots//Jacobian Error/Lorenz
, 150nbrs.png (no BoundingBox).

See the LaTeX manual or LaTeX Companion for explanation.
Type  H <return>  for immediate help.
 ...                                              
                                                  
l.688 ...5cm]{/Jacobian Error/Lorenz, 150nbrs.png}
                                                  \\
? 
File: Plots//Jacobian Error/Lorenz, 150nbrs.png Graphic file (type eps)
<Plots//Jacobian Error/Lorenz, 150nbrs.png> [19] [20]
 Section 3.2.

! LaTeX Error: Cannot determine size of graphic in Plots//Jacobian Error/Rossle
r, t=180.png (no BoundingBox).

See the LaTeX manual or LaTeX Companion for explanation.
Type  H <return>  for immediate help.
 ...                                              
                                                  
l.740 ....5cm]{/Jacobian Error/Rossler, t=180.png}
                                                  &
? 
File: Plots//Jacobian Error/Rossler, t=180.png Graphic file (type eps)
<Plots//Jacobian Error/Rossler, t=180.png>

! LaTeX Error: Cannot determine size of graphic in Plots//Jacobian Error/Rossle
r, t=180 dt=0,001.png (no BoundingBox).

See the LaTeX manual or LaTeX Companion for explanation.
Type  H <return>  for immediate help.
 ...                                              
                                                  
l.741 ...cobian Error/Rossler, t=180 dt=0,001.png}
                                                  \\
? 
File: Plots//Jacobian Error/Rossler, t=180 dt=0,001.png Graphic file (type eps)

<Plots//Jacobian Error/Rossler, t=180 dt=0,001.png>

! LaTeX Error: Cannot determine size of graphic in Plots//Jacobian Error/Roslle
r, t=1000.png (no BoundingBox).

See the LaTeX manual or LaTeX Companion for explanation.
Type  H <return>  for immediate help.
 ...                                              
                                                  
l.743 ...5cm]{/Jacobian Error/Rosller, t=1000.png}
                                                  &
? 
File: Plots//Jacobian Error/Rosller, t=1000.png Graphic file (type eps)
<Plots//Jacobian Error/Rosller, t=1000.png>

! LaTeX Error: Cannot determine size of graphic in Plots//Jacobian Error/Rossle
r, dt=0,001.png (no BoundingBox).

See the LaTeX manual or LaTeX Companion for explanation.
Type  H <return>  for immediate help.
 ...                                              
                                                  
l.744 ...m]{/Jacobian Error/Rossler, dt=0,001.png}
                                                  \\
? 
File: Plots//Jacobian Error/Rossler, dt=0,001.png Graphic file (type eps)
<Plots//Jacobian Error/Rossler, dt=0,001.png>
Underfull \hbox (badness 10000) in paragraph at lines 730--748

 []


! LaTeX Error: Cannot determine size of graphic in Plots//Shape Parameter/Rossl
er t=180.png (no BoundingBox).

See the LaTeX manual or LaTeX Companion for explanation.
Type  H <return>  for immediate help.
 ...                                              
                                                  
l.752 ....5cm]{/Shape Parameter/Rossler t=180.png}
                                                  &
? 
File: Plots//Shape Parameter/Rossler t=180.png Graphic file (type eps)
<Plots//Shape Parameter/Rossler t=180.png>

! LaTeX Error: Cannot determine size of graphic in Plots//Shape Parameter/Rossl
er t=180 dt=0,001.png (no BoundingBox).

See the LaTeX manual or LaTeX Companion for explanation.
Type  H <return>  for immediate help.
 ...                                              
                                                  
l.753 ...ape Parameter/Rossler t=180 dt=0,001.png}
                                                  \\
? 
File: Plots//Shape Parameter/Rossler t=180 dt=0,001.png Graphic file (type eps)

<Plots//Shape Parameter/Rossler t=180 dt=0,001.png>

! LaTeX Error: Cannot determine size of graphic in Plots//Shape Parameter/Rossl
er t=1000.png (no BoundingBox).

See the LaTeX manual or LaTeX Companion for explanation.
Type  H <return>  for immediate help.
 ...                                              
                                                  
l.755 ...5cm]{/Shape Parameter/Rossler t=1000.png}
                                                  &
? 
File: Plots//Shape Parameter/Rossler t=1000.png Graphic file (type eps)
<Plots//Shape Parameter/Rossler t=1000.png>

! LaTeX Error: Cannot determine size of graphic in Plots//Shape Parameter/Rossl
er t=1000 dt=0,001.png (no BoundingBox).

See the LaTeX manual or LaTeX Companion for explanation.
Type  H <return>  for immediate help.
 ...                                              
                                                  
l.756 ...pe Parameter/Rossler t=1000 dt=0,001.png}
                                                  \\
? 
File: Plots//Shape Parameter/Rossler t=1000 dt=0,001.png Graphic file (type eps
)
<Plots//Shape Parameter/Rossler t=1000 dt=0,001.png> [21]
Overfull \vbox (32.75136pt too high) has occurred while \output is active []


[22]

! LaTeX Error: Cannot determine size of graphic in Plots//Jacobian Error/Rossle
r mult.png (no BoundingBox).

See the LaTeX manual or LaTeX Companion for explanation.
Type  H <return>  for immediate help.
 ...                                              
                                                  
l.764 ...=6.5cm]{/Jacobian Error/Rossler mult.png}
                                                  &
? 
File: Plots//Jacobian Error/Rossler mult.png Graphic file (type eps)
<Plots//Jacobian Error/Rossler mult.png>

! LaTeX Error: Cannot determine size of graphic in Plots//Jacobian Error/Rossle
r inv.png (no BoundingBox).

See the LaTeX manual or LaTeX Companion for explanation.
Type  H <return>  for immediate help.
 ...                                              
                                                  
l.765 ...h=6.5cm]{/Jacobian Error/Rossler inv.png}
                                                  \\
? 
File: Plots//Jacobian Error/Rossler inv.png Graphic file (type eps)
<Plots//Jacobian Error/Rossler inv.png>

! LaTeX Error: Cannot determine size of graphic in Plots//Jacobian Error/Rossle
r, 100nbrs.png (no BoundingBox).

See the LaTeX manual or LaTeX Companion for explanation.
Type  H <return>  for immediate help.
 ...                                              
                                                  
l.767 ...cm]{/Jacobian Error/Rossler, 100nbrs.png}
                                                  &
? 
File: Plots//Jacobian Error/Rossler, 100nbrs.png Graphic file (type eps)
<Plots//Jacobian Error/Rossler, 100nbrs.png>

! LaTeX Error: Cannot determine size of graphic in Plots//Jacobian Error/Rossle
r, 150nbrs.png (no BoundingBox).

See the LaTeX manual or LaTeX Companion for explanation.
Type  H <return>  for immediate help.
 ...                                              
                                                  
l.768 ...cm]{/Jacobian Error/Rossler, 150nbrs.png}
                                                  \\
? 
File: Plots//Jacobian Error/Rossler, 150nbrs.png Graphic file (type eps)
<Plots//Jacobian Error/Rossler, 150nbrs.png> [23]
 Section 3.3.
[24] [25]
CHAPTER 4.

Underfull \hbox (badness 10000) in paragraph at lines 846--851

 []


Underfull \hbox (badness 10000) in paragraph at lines 852--859

 []

! Undefined control sequence.
l.865             the trial $t=90, \ \dt
                                        =0.001$ as the minimal Lyapunov expo...

? 

Underfull \hbox (badness 10000) in paragraph at lines 860--872

 []

[26

]
Underfull \hbox (badness 10000) in paragraph at lines 873--882

 []


Underfull \hbox (badness 10000) in paragraph at lines 883--891

 []


Underfull \hbox (badness 10000) in paragraph at lines 892--901

 []


Underfull \hbox (badness 10000) in paragraph at lines 902--908

 []

[27] [28]
CHAPTER 5.
! Undefined control sequence.
l.938 ...ner time steps $t=1000, \ dt=0.005, \ \dt
                                                  =0.001$
? 

Underfull \hbox (badness 10000) in paragraph at lines 936--943

 []


Underfull \hbox (badness 10000) in paragraph at lines 944--950

 []


Underfull \hbox (badness 10000) in paragraph at lines 951--955

 []


Underfull \hbox (badness 10000) in paragraph at lines 956--962

 []

[29

]) (Thesis.bbl
Underfull \hbox (badness 10000) in paragraph at lines 963--1

 []

[30] [31

]
Underfull \hbox (badness 1226) in paragraph at lines 79--81
[]\OT1/cmr/m/sc/12 C.-E. E. Meador\OT1/cmr/m/n/12 , \OT1/cmr/m/it/12 Nu-mer-i-c
al cal-cu-la-tion of lya-punov ex-po-nents for three-
 []

[32]) (append.tex
APPENDIX A.
[33

]

! LaTeX Error: Cannot determine size of graphic in Plots//Jacobian Error/Lorenz
, t=500.png (no BoundingBox).

See the LaTeX manual or LaTeX Companion for explanation.
Type  H <return>  for immediate help.
 ...                                              
                                                  
l.12 ...=6.5cm]{/Jacobian Error/Lorenz, t=500.png}
                                                  &
? 
File: Plots//Jacobian Error/Lorenz, t=500.png Graphic file (type eps)
<Plots//Jacobian Error/Lorenz, t=500.png>

! LaTeX Error: Cannot determine size of graphic in Plots//Jacobian Error/Lorenz
, dt=0,1.png (no BoundingBox).

See the LaTeX manual or LaTeX Companion for explanation.
Type  H <return>  for immediate help.
 ...                                              
                                                  
l.13 ...6.5cm]{/Jacobian Error/Lorenz, dt=0,1.png}
                                                  \\
? 
File: Plots//Jacobian Error/Lorenz, dt=0,1.png Graphic file (type eps)
<Plots//Jacobian Error/Lorenz, dt=0,1.png>

! LaTeX Error: Cannot determine size of graphic in Plots//Jacobian Error/Lorenz
, dt=0,05.png (no BoundingBox).

See the LaTeX manual or LaTeX Companion for explanation.
Type  H <return>  for immediate help.
 ...                                              
                                                  
l.15 ....5cm]{/Jacobian Error/Lorenz, dt=0,05.png}
                                                  &
? 
File: Plots//Jacobian Error/Lorenz, dt=0,05.png Graphic file (type eps)
<Plots//Jacobian Error/Lorenz, dt=0,05.png>

! LaTeX Error: Cannot determine size of graphic in Plots//Jacobian Error/Lorenz
, dt=0,005.png (no BoundingBox).

See the LaTeX manual or LaTeX Companion for explanation.
Type  H <return>  for immediate help.
 ...                                              
                                                  
l.16 ...5cm]{/Jacobian Error/Lorenz, dt=0,005.png}
                                                  \\
? 
File: Plots//Jacobian Error/Lorenz, dt=0,005.png Graphic file (type eps)
<Plots//Jacobian Error/Lorenz, dt=0,005.png>

! LaTeX Error: Cannot determine size of graphic in Plots//Jacobian Error/Rossle
r, t=2000.png (no BoundingBox).

See the LaTeX manual or LaTeX Companion for explanation.
Type  H <return>  for immediate help.
 ...                                              
                                                  
l.25 ....5cm]{/Jacobian Error/Rossler, t=2000.png}
                                                  &
? 
File: Plots//Jacobian Error/Rossler, t=2000.png Graphic file (type eps)
<Plots//Jacobian Error/Rossler, t=2000.png>

! LaTeX Error: Cannot determine size of graphic in Plots//Jacobian Error/Rossle
r, dt=0,1.png (no BoundingBox).

See the LaTeX manual or LaTeX Companion for explanation.
Type  H <return>  for immediate help.
 ...                                              
                                                  
l.26 ....5cm]{/Jacobian Error/Rossler, dt=0,1.png}
                                                  \\
? 
File: Plots//Jacobian Error/Rossler, dt=0,1.png Graphic file (type eps)
<Plots//Jacobian Error/Rossler, dt=0,1.png>

! LaTeX Error: Cannot determine size of graphic in Plots//Jacobian Error/Rossle
r, dt=0,05.png (no BoundingBox).

See the LaTeX manual or LaTeX Companion for explanation.
Type  H <return>  for immediate help.
 ...                                              
                                                  
l.28 ...5cm]{/Jacobian Error/Rossler, dt=0,05.png}
                                                  &
? 
File: Plots//Jacobian Error/Rossler, dt=0,05.png Graphic file (type eps)
<Plots//Jacobian Error/Rossler, dt=0,05.png>

! LaTeX Error: Cannot determine size of graphic in Plots//Jacobian Error/Rossle
r, dt=0,005.png (no BoundingBox).

See the LaTeX manual or LaTeX Companion for explanation.
Type  H <return>  for immediate help.
 ...                                              
                                                  
l.29 ...cm]{/Jacobian Error/Rossler, dt=0,005.png}
                                                  \\
? 
File: Plots//Jacobian Error/Rossler, dt=0,005.png Graphic file (type eps)
<Plots//Jacobian Error/Rossler, dt=0,005.png> [34]) [35] (Thesis.aux)

LaTeX Font Warning: Some font shapes were not available, defaults substituted.

Package rerunfilecheck Info: File `Thesis.out' has not changed.
(rerunfilecheck)             Checksum: E3CC326C63A08CE173679D8928AC73FB;4622.
 ) 
Here is how much of TeX's memory you used:
 11717 strings out of 478661
 216128 string characters out of 2843063
 493544 words of memory out of 3000000
 29504 multiletter control sequences out of 15000+600000
 412078 words of font info for 58 fonts, out of 8000000 for 9000
 1141 hyphenation exceptions out of 8191
 65i,12n,67p,1793b,464s stack positions out of 5000i,500n,10000p,200000b,80000s

Output written on Thesis.dvi (46 pages, 218604 bytes).
