This is pdfTeX, Version 3.141592653-2.6-1.40.24 (MiKTeX 21.12.10) (preloaded format=pdflatex 2022.2.21)  4 APR 2022 12:35
entering extended mode
 restricted \write18 enabled.
 file:line:error style messages enabled.
 %&-line parsing enabled.
**./Thesis.tex
(Thesis.tex
LaTeX2e <2021-11-15> patch level 1
L3 programming layer <2021-11-22>
(/Library/Application Support/MiKTeX/texmfs/install/tex/latex/base/article.cls
Document Class: article 2021/10/04 v1.4n Standard LaTeX document class
(/Library/Application Support/MiKTeX/texmfs/install/tex/latex/base/size12.clo
File: size12.clo 2021/10/04 v1.4n Standard LaTeX file (size option)
)
\c@part=\count183
\c@section=\count184
\c@subsection=\count185
\c@subsubsection=\count186
\c@paragraph=\count187
\c@subparagraph=\count188
\c@figure=\count189
\c@table=\count190
\abovecaptionskip=\skip47
\belowcaptionskip=\skip48
\bibindent=\dimen138
)
(/Library/Application Support/MiKTeX/texmfs/install/tex/latex/amsmath/amsmath.s
ty
Package: amsmath 2021/10/15 v2.17l AMS math features
\@mathmargin=\skip49

For additional information on amsmath, use the `?' option.

(/Library/Application Support/MiKTeX/texmfs/install/tex/latex/amsmath/amstext.s
ty
Package: amstext 2021/08/26 v2.01 AMS text

(/Library/Application Support/MiKTeX/texmfs/install/tex/latex/amsmath/amsgen.st
y
File: amsgen.sty 1999/11/30 v2.0 generic functions
\@emptytoks=\toks16
\ex@=\dimen139
))
(/Library/Application Support/MiKTeX/texmfs/install/tex/latex/amsmath/amsbsy.st
y
Package: amsbsy 1999/11/29 v1.2d Bold Symbols
\pmbraise@=\dimen140
)
(/Library/Application Support/MiKTeX/texmfs/install/tex/latex/amsmath/amsopn.st
y
Package: amsopn 2021/08/26 v2.02 operator names
)
\inf@bad=\count191
LaTeX Info: Redefining \frac on input line 234.
\uproot@=\count192
\leftroot@=\count193
LaTeX Info: Redefining \overline on input line 399.
\classnum@=\count194
\DOTSCASE@=\count195
LaTeX Info: Redefining \ldots on input line 496.
LaTeX Info: Redefining \dots on input line 499.
LaTeX Info: Redefining \cdots on input line 620.
\Mathstrutbox@=\box50
\strutbox@=\box51
\big@size=\dimen141
LaTeX Font Info:    Redeclaring font encoding OML on input line 743.
LaTeX Font Info:    Redeclaring font encoding OMS on input line 744.
\macc@depth=\count196
\c@MaxMatrixCols=\count197
\dotsspace@=\muskip16
\c@parentequation=\count198
\dspbrk@lvl=\count199
\tag@help=\toks17
\row@=\count266
\column@=\count267
\maxfields@=\count268
\andhelp@=\toks18
\eqnshift@=\dimen142
\alignsep@=\dimen143
\tagshift@=\dimen144
\tagwidth@=\dimen145
\totwidth@=\dimen146
\lineht@=\dimen147
\@envbody=\toks19
\multlinegap=\skip50
\multlinetaggap=\skip51
\mathdisplay@stack=\toks20
LaTeX Info: Redefining \[ on input line 2938.
LaTeX Info: Redefining \] on input line 2939.
)
(/Users/natereynolds/Library/Application Support/MiKTeX/texmfs/install/tex/late
x/amscls/amsthm.sty
Package: amsthm 2020/05/29 v2.20.6
\thm@style=\toks21
\thm@bodyfont=\toks22
\thm@headfont=\toks23
\thm@notefont=\toks24
\thm@headpunct=\toks25
\thm@preskip=\skip52
\thm@postskip=\skip53
\thm@headsep=\skip54
\dth@everypar=\toks26
)
(/Users/natereynolds/Library/Application Support/MiKTeX/texmfs/install/tex/late
x/float/float.sty
Package: float 2001/11/08 v1.3d Float enhancements (AL)
\c@float@type=\count269
\float@exts=\toks27
\float@box=\box52
\@float@everytoks=\toks28
\@floatcapt=\box53
)

Package amsthm Warning: Unknown theoremstyle `theorem' on input line 12.

\c@theorem=\count270
\c@definition=\count271

(/Library/Application Support/MiKTeX/texmfs/install/tex/latex/amsfonts/amsfonts
.sty
Package: amsfonts 2013/01/14 v3.01 Basic AMSFonts support
\symAMSa=\mathgroup4
\symAMSb=\mathgroup5
LaTeX Font Info:    Redeclaring math symbol \hbar on input line 98.
LaTeX Font Info:    Overwriting math alphabet `\mathfrak' in version `bold'
(Font)                  U/euf/m/n --> U/euf/b/n on input line 106.
)
(/Library/Application Support/MiKTeX/texmfs/install/tex/latex/graphics/graphicx
.sty
Package: graphicx 2021/09/16 v1.2d Enhanced LaTeX Graphics (DPC,SPQR)

(/Library/Application Support/MiKTeX/texmfs/install/tex/latex/graphics/keyval.s
ty
Package: keyval 2014/10/28 v1.15 key=value parser (DPC)
\KV@toks@=\toks29
)
(/Library/Application Support/MiKTeX/texmfs/install/tex/latex/graphics/graphics
.sty
Package: graphics 2021/03/04 v1.4d Standard LaTeX Graphics (DPC,SPQR)

(/Library/Application Support/MiKTeX/texmfs/install/tex/latex/graphics/trig.sty
Package: trig 2021/08/11 v1.11 sin cos tan (DPC)
)
(/Library/Application Support/MiKTeX/texmfs/install/tex/latex/graphics-cfg/grap
hics.cfg
File: graphics.cfg 2016/06/04 v1.11 sample graphics configuration
)
Package graphics Info: Driver file: pdftex.def on input line 107.

(/Library/Application Support/MiKTeX/texmfs/install/tex/latex/graphics-def/pdft
ex.def
File: pdftex.def 2020/10/05 v1.2a Graphics/color driver for pdftex
))
\Gin@req@height=\dimen148
\Gin@req@width=\dimen149
)
(/Library/Application Support/MiKTeX/texmfs/install/tex/latex/hyperref/hyperref
.sty
Package: hyperref 2021-06-07 v7.00m Hypertext links for LaTeX

(/Users/natereynolds/Library/Application Support/MiKTeX/texmfs/install/tex/gene
ric/ltxcmds/ltxcmds.sty
Package: ltxcmds 2020-05-10 v1.25 LaTeX kernel commands for general use (HO)
)
(/Library/Application Support/MiKTeX/texmfs/install/tex/generic/iftex/iftex.sty
Package: iftex 2020/03/06 v1.0d TeX engine tests
)
(/Library/Application Support/MiKTeX/texmfs/install/tex/generic/pdftexcmds/pdft
excmds.sty
Package: pdftexcmds 2020-06-27 v0.33 Utility functions of pdfTeX for LuaTeX (HO
)

(/Users/natereynolds/Library/Application Support/MiKTeX/texmfs/install/tex/gene
ric/infwarerr/infwarerr.sty
Package: infwarerr 2019/12/03 v1.5 Providing info/warning/error messages (HO)
)
Package pdftexcmds Info: \pdf@primitive is available.
Package pdftexcmds Info: \pdf@ifprimitive is available.
Package pdftexcmds Info: \pdfdraftmode found.
)
(/Users/natereynolds/Library/Application Support/MiKTeX/texmfs/install/tex/gene
ric/kvsetkeys/kvsetkeys.sty
Package: kvsetkeys 2019/12/15 v1.18 Key value parser (HO)
)
(/Users/natereynolds/Library/Application Support/MiKTeX/texmfs/install/tex/gene
ric/kvdefinekeys/kvdefinekeys.sty
Package: kvdefinekeys 2019-12-19 v1.6 Define keys (HO)
)
(/Users/natereynolds/Library/Application Support/MiKTeX/texmfs/install/tex/gene
ric/pdfescape/pdfescape.sty
Package: pdfescape 2019/12/09 v1.15 Implements pdfTeX's escape features (HO)
)
(/Users/natereynolds/Library/Application Support/MiKTeX/texmfs/install/tex/late
x/hycolor/hycolor.sty
Package: hycolor 2020-01-27 v1.10 Color options for hyperref/bookmark (HO)
)
(/Users/natereynolds/Library/Application Support/MiKTeX/texmfs/install/tex/late
x/letltxmacro/letltxmacro.sty
Package: letltxmacro 2019/12/03 v1.6 Let assignment for LaTeX macros (HO)
)
(/Users/natereynolds/Library/Application Support/MiKTeX/texmfs/install/tex/late
x/auxhook/auxhook.sty
Package: auxhook 2019-12-17 v1.6 Hooks for auxiliary files (HO)
)
(/Users/natereynolds/Library/Application Support/MiKTeX/texmfs/install/tex/late
x/kvoptions/kvoptions.sty
Package: kvoptions 2020-10-07 v3.14 Key value format for package options (HO)
)
\@linkdim=\dimen150
\Hy@linkcounter=\count272
\Hy@pagecounter=\count273

(/Library/Application Support/MiKTeX/texmfs/install/tex/latex/hyperref/pd1enc.d
ef
File: pd1enc.def 2021-06-07 v7.00m Hyperref: PDFDocEncoding definition (HO)
Now handling font encoding PD1 ...
... no UTF-8 mapping file for font encoding PD1
)
(/Library/Application Support/MiKTeX/texmfs/install/tex/latex/hyperref/hyperref
-langpatches.def
File: hyperref-langpatches.def 2021-06-07 v7.00m Hyperref: patches for babel la
nguages
)
(/Users/natereynolds/Library/Application Support/MiKTeX/texmfs/install/tex/gene
ric/intcalc/intcalc.sty
Package: intcalc 2019/12/15 v1.3 Expandable calculations with integers (HO)
)
(/Users/natereynolds/Library/Application Support/MiKTeX/texmfs/install/tex/gene
ric/etexcmds/etexcmds.sty
Package: etexcmds 2019/12/15 v1.7 Avoid name clashes with e-TeX commands (HO)
)
\Hy@SavedSpaceFactor=\count274

(/Library/Application Support/MiKTeX/texmfs/install/tex/latex/hyperref/puenc.de
f
File: puenc.def 2021-06-07 v7.00m Hyperref: PDF Unicode definition (HO)
Now handling font encoding PU ...
... no UTF-8 mapping file for font encoding PU
)
Package hyperref Info: Hyper figures OFF on input line 4192.
Package hyperref Info: Link nesting OFF on input line 4197.
Package hyperref Info: Hyper index ON on input line 4200.
Package hyperref Info: Plain pages OFF on input line 4207.
Package hyperref Info: Backreferencing OFF on input line 4212.
Package hyperref Info: Implicit mode ON; LaTeX internals redefined.
Package hyperref Info: Bookmarks ON on input line 4445.
\c@Hy@tempcnt=\count275
 (/Library/Application Support/MiKTeX/texmfs/install/tex/latex/url/url.sty
\Urlmuskip=\muskip17
Package: url 2013/09/16  ver 3.4  Verb mode for urls, etc.
)
LaTeX Info: Redefining \url on input line 4804.
\XeTeXLinkMargin=\dimen151

(/Users/natereynolds/Library/Application Support/MiKTeX/texmfs/install/tex/gene
ric/bitset/bitset.sty
Package: bitset 2019/12/09 v1.3 Handle bit-vector datatype (HO)

(/Users/natereynolds/Library/Application Support/MiKTeX/texmfs/install/tex/gene
ric/bigintcalc/bigintcalc.sty
Package: bigintcalc 2019/12/15 v1.5 Expandable calculations on big integers (HO
)
))
\Fld@menulength=\count276
\Field@Width=\dimen152
\Fld@charsize=\dimen153
Package hyperref Info: Hyper figures OFF on input line 6076.
Package hyperref Info: Link nesting OFF on input line 6081.
Package hyperref Info: Hyper index ON on input line 6084.
Package hyperref Info: backreferencing OFF on input line 6091.
Package hyperref Info: Link coloring OFF on input line 6096.
Package hyperref Info: Link coloring with OCG OFF on input line 6101.
Package hyperref Info: PDF/A mode OFF on input line 6106.
LaTeX Info: Redefining \ref on input line 6146.
LaTeX Info: Redefining \pageref on input line 6150.

(/Library/Application Support/MiKTeX/texmfs/install/tex/latex/base/atbegshi-ltx
.sty
Package: atbegshi-ltx 2021/01/10 v1.0c Emulation of the original atbegshi
package with kernel methods
)
\Hy@abspage=\count277
\c@Item=\count278
\c@Hfootnote=\count279
)
Package hyperref Info: Driver (autodetected): hpdftex.

(/Library/Application Support/MiKTeX/texmfs/install/tex/latex/hyperref/hpdftex.
def
File: hpdftex.def 2021-06-07 v7.00m Hyperref driver for pdfTeX

(/Library/Application Support/MiKTeX/texmfs/install/tex/latex/base/atveryend-lt
x.sty
Package: atveryend-ltx 2020/08/19 v1.0a Emulation of the original atveryend pac
kage
with kernel methods
)
\Fld@listcount=\count280
\c@bookmark@seq@number=\count281

(/Users/natereynolds/Library/Application Support/MiKTeX/texmfs/install/tex/late
x/rerunfilecheck/rerunfilecheck.sty
Package: rerunfilecheck 2019/12/05 v1.9 Rerun checks for auxiliary files (HO)

(/Users/natereynolds/Library/Application Support/MiKTeX/texmfs/install/tex/gene
ric/uniquecounter/uniquecounter.sty
Package: uniquecounter 2019/12/15 v1.4 Provide unlimited unique counter (HO)
)
Package uniquecounter Info: New unique counter `rerunfilecheck' on input line 2
86.
)
\Hy@SectionHShift=\skip55
)
Package hyperref Info: Option `colorlinks' set `true' on input line 32.

(/Users/natereynolds/Library/Application Support/MiKTeX/texmfs/install/tex/late
x/titling/titling.sty
Package: titling 2009/09/04 v2.1d maketitle typesetting
\thanksmarkwidth=\skip56
\thanksmargin=\skip57
\droptitle=\skip58
)
(/Library/Application Support/MiKTeX/texmfs/install/tex/latex/base/textcomp.sty
Package: textcomp 2020/02/02 v2.0n Standard LaTeX package
)
(/Users/natereynolds/Library/Application Support/MiKTeX/texmfs/install/tex/late
x/datatool/datatool.sty
Package: datatool 2019/09/27 v2.32 (NLCT)

(/Library/Application Support/MiKTeX/texmfs/install/tex/latex/xkeyval/xkeyval.s
ty
Package: xkeyval 2020/11/20 v2.8 package option processing (HA)

(/Library/Application Support/MiKTeX/texmfs/install/tex/generic/xkeyval/xkeyval
.tex
(/Library/Application Support/MiKTeX/texmfs/install/tex/generic/xkeyval/xkvutil
s.tex
\XKV@toks=\toks30
\XKV@tempa@toks=\toks31
)
\XKV@depth=\count282
File: xkeyval.tex 2014/12/03 v2.7a key=value parser (HA)
))
(/Library/Application Support/MiKTeX/texmfs/install/tex/latex/base/ifthen.sty
Package: ifthen 2020/11/24 v1.1c Standard LaTeX ifthen package (DPC)
)
(/Users/natereynolds/Library/Application Support/MiKTeX/texmfs/install/tex/late
x/xfor/xfor.sty
Package: xfor 2009/02/05 v1.05 (NLCT)
)
(/Users/natereynolds/Library/Application Support/MiKTeX/texmfs/install/tex/late
x/substr/substr.sty
Package: substr 2009/10/20 v1.2 Handle substrings
\c@su@anzahl=\count283
)
(/Library/Application Support/MiKTeX/texmfs/install/tex/latex/etoolbox/etoolbox
.sty
Package: etoolbox 2020/10/05 v2.5k e-TeX tools for LaTeX (JAW)
\etb@tempcnta=\count284
)
(/Users/natereynolds/Library/Application Support/MiKTeX/texmfs/install/tex/late
x/datatool/datatool-base.sty
Package: datatool-base 2019/09/27 v2.32 (NLCT)

(/Users/natereynolds/Library/Application Support/MiKTeX/texmfs/install/tex/late
x/datatool/datatool-fp.sty
Package: datatool-fp 2019/09/27 v2.32 (NLCT)

(/Users/natereynolds/Library/Application Support/MiKTeX/texmfs/install/tex/late
x/fp/fp.sty
Package: fp 1995/04/02

`Fixed Point Package', Version 0.8, April 2, 1995 (C) Michael Mehlich
(/Users/natereynolds/Library/Application Support/MiKTeX/texmfs/install/tex/late
x/fp/defpattern.sty
Package: defpattern 1994/10/12
\actioncount=\count285
)
(/Users/natereynolds/Library/Application Support/MiKTeX/texmfs/install/tex/late
x/fp/fp-basic.sty
Package: fp-basic 1996/05/13
\FP@xs=\count286
\FP@xia=\count287
\FP@xib=\count288
\FP@xfa=\count289
\FP@xfb=\count290
\FP@rega=\count291
\FP@regb=\count292
\FP@regs=\count293
\FP@times=\count294
)
(/Users/natereynolds/Library/Application Support/MiKTeX/texmfs/install/tex/late
x/fp/fp-addons.sty
Package: fp-addons 1995/03/15
)
(/Users/natereynolds/Library/Application Support/MiKTeX/texmfs/install/tex/late
x/fp/fp-snap.sty
Package: fp-snap 1995/04/05
)
(/Users/natereynolds/Library/Application Support/MiKTeX/texmfs/install/tex/late
x/fp/fp-exp.sty
Package: fp-exp 1995/04/03
)
(/Users/natereynolds/Library/Application Support/MiKTeX/texmfs/install/tex/late
x/fp/fp-trigo.sty
Package: fp-trigo 1995/04/14
)
(/Users/natereynolds/Library/Application Support/MiKTeX/texmfs/install/tex/late
x/fp/fp-pas.sty
Package: fp-pas 1994/08/29
)
(/Users/natereynolds/Library/Application Support/MiKTeX/texmfs/install/tex/late
x/fp/fp-random.sty
Package: fp-random 1995/02/23
\FPseed=\count295
)
(/Users/natereynolds/Library/Application Support/MiKTeX/texmfs/install/tex/late
x/fp/fp-eqn.sty
Package: fp-eqn 1995/04/03
)
(/Users/natereynolds/Library/Application Support/MiKTeX/texmfs/install/tex/late
x/fp/fp-upn.sty
Package: fp-upn 1996/10/21
)
(/Users/natereynolds/Library/Application Support/MiKTeX/texmfs/install/tex/late
x/fp/fp-eval.sty
Package: fp-eval 1995/04/03
)))
\@dtl@toks=\toks32
\@dtl@tmpcount=\count296
\dtl@tmplength=\skip59
\dtl@sortresult=\count297
\@dtl@numgrpsepcount=\count298
\@dtl@datatype=\count299
\dtl@codeA=\count300
\dtl@codeB=\count301
\@dtl@foreach@level=\count302
)
\dtlcolumnnum=\count303
\dtlrownum=\count304
\@dtl@before=\toks33
\@dtl@after=\toks34
\@dtl@colhead=\toks35
\dtlcurrentrow=\toks36
\dtlbeforerow=\toks37
\dtlafterrow=\toks38
\dtlforeachlevel=\count305
\c@DTLrowi=\count306
\c@DTLrowii=\count307
\c@DTLrowiii=\count308
\c@DTLrow=\count309
\dtl@rowi=\count310
\dtl@rowii=\count311
\dtl@rowiii=\count312
\@dtl@curi=\toks39
\@dtl@previ=\toks40
\@dtl@nexti=\toks41
\@dtl@curii=\toks42
\@dtl@previi=\toks43
\@dtl@nextii=\toks44
\@dtl@curiii=\toks45
\@dtl@previii=\toks46
\@dtl@nextiii=\toks47
\@dtl@elements=\count313
\@dtl@list=\toks48
\@dtl@rowa=\toks49
\@dtl@rowb=\toks50
\@dtl@toksA=\toks51
\@dtl@toksB=\toks52
\@dtl@write=\write3
\@dtl@read=\read2
\dtl@entrycr=\count314
\dtl@omitlines=\count315
)
(/Library/Application Support/MiKTeX/texmfs/install/tex/latex/l3backend/l3backe
nd-pdftex.def
File: l3backend-pdftex.def 2021-12-14 L3 backend support: PDF output (pdfTeX)
\l__color_backend_stack_int=\count316
\l__pdf_internal_box=\box54
) (/Users/natereynolds/Desktop/Grad School Thesis/out/Thesis.aux

LaTeX Warning: Label `item:19' multiply defined.


LaTeX Warning: Label `fig:lorenzcub' multiply defined.


LaTeX Warning: Label `table:app4' multiply defined.

)
\openout1 = `Thesis.aux'.

LaTeX Font Info:    Checking defaults for OML/cmm/m/it on input line 59.
LaTeX Font Info:    ... okay on input line 59.
LaTeX Font Info:    Checking defaults for OMS/cmsy/m/n on input line 59.
LaTeX Font Info:    ... okay on input line 59.
LaTeX Font Info:    Checking defaults for OT1/cmr/m/n on input line 59.
LaTeX Font Info:    ... okay on input line 59.
LaTeX Font Info:    Checking defaults for T1/cmr/m/n on input line 59.
LaTeX Font Info:    ... okay on input line 59.
LaTeX Font Info:    Checking defaults for TS1/cmr/m/n on input line 59.
LaTeX Font Info:    ... okay on input line 59.
LaTeX Font Info:    Checking defaults for OMX/cmex/m/n on input line 59.
LaTeX Font Info:    ... okay on input line 59.
LaTeX Font Info:    Checking defaults for U/cmr/m/n on input line 59.
LaTeX Font Info:    ... okay on input line 59.
LaTeX Font Info:    Checking defaults for PD1/pdf/m/n on input line 59.
LaTeX Font Info:    ... okay on input line 59.
LaTeX Font Info:    Checking defaults for PU/pdf/m/n on input line 59.
LaTeX Font Info:    ... okay on input line 59.

(/Library/Application Support/MiKTeX/texmfs/install/tex/context/base/mkii/supp-
pdf.mkii
[Loading MPS to PDF converter (version 2006.09.02).]
\scratchcounter=\count317
\scratchdimen=\dimen154
\scratchbox=\box55
\nofMPsegments=\count318
\nofMParguments=\count319
\everyMPshowfont=\toks53
\MPscratchCnt=\count320
\MPscratchDim=\dimen155
\MPnumerator=\count321
\makeMPintoPDFobject=\count322
\everyMPtoPDFconversion=\toks54
)
(/Library/Application Support/MiKTeX/texmfs/install/tex/latex/epstopdf-pkg/epst
opdf-base.sty
Package: epstopdf-base 2020-01-24 v2.11 Base part for package epstopdf
Package epstopdf-base Info: Redefining graphics rule for `.eps' on input line 4
85.

(/Library/Application Support/MiKTeX/texmfs/install/tex/latex/00miktex/epstopdf
-sys.cfg
File: epstopdf-sys.cfg 2021/03/18 v2.0 Configuration of epstopdf for MiKTeX
))
(/Library/Application Support/MiKTeX/texmfs/install/tex/latex/graphics/color.st
y
Package: color 2021/12/07 v1.3c Standard LaTeX Color (DPC)

(/Library/Application Support/MiKTeX/texmfs/install/tex/latex/graphics-cfg/colo
r.cfg
File: color.cfg 2016/01/02 v1.6 sample color configuration
)
Package color Info: Driver file: pdftex.def on input line 149.
)
Package hyperref Info: Link coloring ON on input line 59.

(/Library/Application Support/MiKTeX/texmfs/install/tex/latex/hyperref/nameref.
sty
Package: nameref 2021-04-02 v2.47 Cross-referencing by name of section

(/Users/natereynolds/Library/Application Support/MiKTeX/texmfs/install/tex/late
x/refcount/refcount.sty
Package: refcount 2019/12/15 v3.6 Data extraction from label references (HO)
)
(/Users/natereynolds/Library/Application Support/MiKTeX/texmfs/install/tex/gene
ric/gettitlestring/gettitlestring.sty
Package: gettitlestring 2019/12/15 v1.6 Cleanup title references (HO)
)
\c@section@level=\count323
)
LaTeX Info: Redefining \ref on input line 59.
LaTeX Info: Redefining \pageref on input line 59.
LaTeX Info: Redefining \nameref on input line 59.

(/Users/natereynolds/Desktop/Grad School Thesis/out/Thesis.out)
(/Users/natereynolds/Desktop/Grad School Thesis/out/Thesis.out)
\@outlinefile=\write4
\openout4 = `Thesis.out'.



Thesis.tex:69: LaTeX Error: Can be used only in preamble.

See the LaTeX manual or LaTeX Companion for explanation.
Type  H <return>  for immediate help.
 ...                                              
                                                  
l.69 \begin{document}
                     
Your command was ignored.
Type  I <command> <return>  to replace it with another command,
or  <return>  to continue without it.

LaTeX Font Info:    Trying to load font information for U+msa on input line 71.

(/Library/Application Support/MiKTeX/texmfs/install/tex/latex/amsfonts/umsa.fd
File: umsa.fd 2013/01/14 v3.01 AMS symbols A
)
LaTeX Font Info:    Trying to load font information for U+msb on input line 71.

(/Library/Application Support/MiKTeX/texmfs/install/tex/latex/amsfonts/umsb.fd
File: umsb.fd 2013/01/14 v3.01 AMS symbols B
) [1

{/Users/natereynolds/Library/Application Support/MiKTeX/texmfs/data/fonts/map/p
dftex/pdftex.map}] [2]
Thesis.tex:89: Missing } inserted.
<inserted text> 
                }
l.89     \end{titlepage}
                        
I've inserted something that you may have forgotten.
(See the <inserted text> above.)
With luck, this will get me unwedged. But if you
really didn't forget anything, try typing `2' now; then
my insertion and my current dilemma will both disappear.


pdfTeX warning (ext4): destination with the same identifier (name{page.1}) has 
been already used, duplicate ignored
<to be read again> 
                   \relax 
l.103     \newpage
                   [1]
pdfTeX warning (ext4): destination with the same identifier (name{page.2}) has 
been already used, duplicate ignored
<to be read again> 
                   \relax 
l.112     \newpage
                   [2]
(/Users/natereynolds/Desktop/Grad School Thesis/out/Thesis.toc [3])
\tf@toc=\write5
\openout5 = `Thesis.toc'.

 [4]
[5]

LaTeX Warning: Reference `fig:flow' on page 6 undefined on input line 171.

[6]

Thesis.tex:205: Package amsmath Error: Erroneous nesting of equation structures
;
(amsmath)                trying to recover with `aligned'.

See the amsmath package documentation for explanation.
Type  H <return>  for immediate help.
 ...                                              
                                                  
l.205                         \end{align}
                                         
Try typing  <return>  to proceed.
If that doesn't work, type  X <return>  to quit.

<Plots//Attractor Plots/3D Plots/Lorenz.png, id=300, 722.7pt x 505.89pt>
File: Plots//Attractor Plots/3D Plots/Lorenz.png Graphic file (type png)
<use Plots//Attractor Plots/3D Plots/Lorenz.png>
Package pdftex.def Info: Plots//Attractor Plots/3D Plots/Lorenz.png  used on in
put line 213.
(pdftex.def)             Requested size: 289.07487pt x 202.3524pt.

LaTeX Warning: `h' float specifier changed to `ht'.


Thesis.tex:226: Package amsmath Error: Erroneous nesting of equation structures
;
(amsmath)                trying to recover with `aligned'.

See the amsmath package documentation for explanation.
Type  H <return>  for immediate help.
 ...                                              
                                                  
l.226                         \end{align}
                                         
Try typing  <return>  to proceed.
If that doesn't work, type  X <return>  to quit.

<Plots//Attractor Plots/3D Plots/Rossler.png, id=304, 722.7pt x 505.89pt>
File: Plots//Attractor Plots/3D Plots/Rossler.png Graphic file (type png)
<use Plots//Attractor Plots/3D Plots/Rossler.png>
Package pdftex.def Info: Plots//Attractor Plots/3D Plots/Rossler.png  used on i
nput line 230.
(pdftex.def)             Requested size: 289.07487pt x 202.3524pt.

LaTeX Warning: `h' float specifier changed to `ht'.

[7]

Thesis.tex:249: Package amsmath Error: Erroneous nesting of equation structures
;
(amsmath)                trying to recover with `aligned'.

See the amsmath package documentation for explanation.
Type  H <return>  for immediate help.
 ...                                              
                                                  
l.249                         \end{align}
                                         
Try typing  <return>  to proceed.
If that doesn't work, type  X <return>  to quit.

<Plots//Attractor Plots/3D Plots/Chua.png, id=321, 722.7pt x 505.89pt>
File: Plots//Attractor Plots/3D Plots/Chua.png Graphic file (type png)
<use Plots//Attractor Plots/3D Plots/Chua.png>
Package pdftex.def Info: Plots//Attractor Plots/3D Plots/Chua.png  used on inpu
t line 261.
(pdftex.def)             Requested size: 289.07487pt x 202.3524pt.
[8 <./Plots//Attractor Plots/3D Plots/Lorenz.png>]

LaTeX Warning: `h' float specifier changed to `ht'.


Thesis.tex:279: Package amsmath Error: Erroneous nesting of equation structures
;
(amsmath)                trying to recover with `aligned'.

See the amsmath package documentation for explanation.
Type  H <return>  for immediate help.
 ...                                              
                                                  
l.279                         \end{align}
                                         
Try typing  <return>  to proceed.
If that doesn't work, type  X <return>  to quit.

<Plots//Attractor Plots/3D Plots/Signum.png, id=338, 722.7pt x 505.89pt>
File: Plots//Attractor Plots/3D Plots/Signum.png Graphic file (type png)
<use Plots//Attractor Plots/3D Plots/Signum.png>
Package pdftex.def Info: Plots//Attractor Plots/3D Plots/Signum.png  used on in
put line 283.
(pdftex.def)             Requested size: 289.07487pt x 202.3524pt.

LaTeX Warning: `h' float specifier changed to `ht'.

[9 <./Plots//Attractor Plots/3D Plots/Rossler.png>] [10 <./Plots//Attractor Plo
ts/3D Plots/Chua.png>] [11 <./Plots//Attractor Plots/3D Plots/Signum.png>]
Thesis.tex:358: Extra }, or forgotten \endgroup.
l.358 ... the Euclidean norm [\ref{item:1}, pp.17}
                                                  ].
I've deleted a group-closing symbol because it seems to be
spurious, as in `$x}$'. But perhaps the } is legitimate and
you forgot something else, as in `\hbox{$x}'. In such cases
the way to recover is to insert both the forgotten and the
deleted material, e.g., by typing `I$}'.

[12] [13] [14] [15] [16] [17] [18] [19] [20]
\dtldb@list=\toks55
\dtlkeys@list=\toks56
\dtlrows@list=\count324
\dtlcols@list=\count325

Thesis.tex:664: Misplaced alignment tab character &.
\theDesc ->Eckmann, Jean-Pierre &
                                  Kamphorst, Sylvie & Ruelle, D & Ciliberto,...
l.664     \end{sortedlist}
                          
I can't figure out why you would want to use a tab mark
here. If you just want an ampersand, the remedy is
simple: Just type `I\&' now. But if some right brace
up above has ended a previous alignment prematurely,
you're probably due for more error messages, and you
might try typing `S' now just to see what is salvageable.

Thesis.tex:664: Misplaced alignment tab character &.
\theDesc ...ann, Jean-Pierre & Kamphorst, Sylvie &
                                                   Ruelle, D & Ciliberto, Se...
l.664     \end{sortedlist}
                          
I can't figure out why you would want to use a tab mark
here. If you just want an ampersand, the remedy is
simple: Just type `I\&' now. But if some right brace
up above has ended a previous alignment prematurely,
you're probably due for more error messages, and you
might try typing `S' now just to see what is salvageable.

Thesis.tex:664: Misplaced alignment tab character &.
\theDesc ...erre & Kamphorst, Sylvie & Ruelle, D &
                                                   Ciliberto, Sergio. (1987)...
l.664     \end{sortedlist}
                          
I can't figure out why you would want to use a tab mark
here. If you just want an ampersand, the remedy is
simple: Just type `I\&' now. But if some right brace
up above has ended a previous alignment prematurely,
you're probably due for more error messages, and you
might try typing `S' now just to see what is salvageable.


Overfull \hbox (6.1823pt too wide) in paragraph at lines 664--664
\OT1/cmr/m/n/12 ArXiv, arXiv:2002.05909 (2020). [][]$\OT1/cmtt/m/n/12 https : /
 / arxiv . org / abs / 2002 . 05909$[][]
 []

[21]
Thesis.tex:664: Misplaced alignment tab character &.
\theDesc ->Meador, Clyde &
                           Sarra, Scott. (2022). A Comparison of two 4th-Ord...
l.664     \end{sortedlist}
                          
I can't figure out why you would want to use a tab mark
here. If you just want an ampersand, the remedy is
simple: Just type `I\&' now. But if some right brace
up above has ended a previous alignment prematurely,
you're probably due for more error messages, and you
might try typing `S' now just to see what is salvageable.

[22]
<Plots//Attractor Plots/2D Plots/Lorenz.png, id=542, 361.35pt x 1084.05pt>
File: Plots//Attractor Plots/2D Plots/Lorenz.png Graphic file (type png)
<use Plots//Attractor Plots/2D Plots/Lorenz.png>
Package pdftex.def Info: Plots//Attractor Plots/2D Plots/Lorenz.png  used on in
put line 671.
(pdftex.def)             Requested size: 144.53743pt x 433.61232pt.
<Plots//Attractor Plots/2D Plots/Rossler.png, id=543, 361.35pt x 1084.05pt>
File: Plots//Attractor Plots/2D Plots/Rossler.png Graphic file (type png)
<use Plots//Attractor Plots/2D Plots/Rossler.png>
Package pdftex.def Info: Plots//Attractor Plots/2D Plots/Rossler.png  used on i
nput line 676.
(pdftex.def)             Requested size: 144.53743pt x 433.61232pt.
<Plots//Attractor Plots/2D Plots/Chua.png, id=544, 361.35pt x 1084.05pt>
File: Plots//Attractor Plots/2D Plots/Chua.png Graphic file (type png)
<use Plots//Attractor Plots/2D Plots/Chua.png>
Package pdftex.def Info: Plots//Attractor Plots/2D Plots/Chua.png  used on inpu
t line 681.
(pdftex.def)             Requested size: 144.53743pt x 433.61232pt.
 [23 <./Plots//Attractor Plots/2D Plots/Lorenz.png>]
<Plots//Attractor Plots/2D Plots/Signum.png, id=552, 361.35pt x 1084.05pt>
File: Plots//Attractor Plots/2D Plots/Signum.png Graphic file (type png)
<use Plots//Attractor Plots/2D Plots/Signum.png>
Package pdftex.def Info: Plots//Attractor Plots/2D Plots/Signum.png  used on in
put line 686.
(pdftex.def)             Requested size: 144.53743pt x 433.61232pt.
 [24 <./Plots//Attractor Plots/2D Plots/Rossler.png>]
<Plots//Attractor Plots/2D Plots/RF1.png, id=559, 361.35pt x 1084.05pt>
File: Plots//Attractor Plots/2D Plots/RF1.png Graphic file (type png)
<use Plots//Attractor Plots/2D Plots/RF1.png>
Package pdftex.def Info: Plots//Attractor Plots/2D Plots/RF1.png  used on input
 line 691.
(pdftex.def)             Requested size: 144.53743pt x 433.61232pt.
 [25 <./Plots//Attractor Plots/2D Plots/Chua.png>]
<Plots//Attractor Plots/2D Plots/RF2.png, id=566, 361.35pt x 1084.05pt>
File: Plots//Attractor Plots/2D Plots/RF2.png Graphic file (type png)
<use Plots//Attractor Plots/2D Plots/RF2.png>
Package pdftex.def Info: Plots//Attractor Plots/2D Plots/RF2.png  used on input
 line 696.
(pdftex.def)             Requested size: 144.53743pt x 433.61232pt.
 [26 <./Plots//Attractor Plots/2D Plots/Signum.png>] [27 <./Plots//Attractor Pl
ots/2D Plots/RF1.png>] [28 <./Plots//Attractor Plots/2D Plots/RF2.png>]
<Plots//Condition Number Plots/Lorenzmultiquadric.png, id=585, 722.7pt x 505.89
pt>
File: Plots//Condition Number Plots/Lorenzmultiquadric.png Graphic file (type p
ng)
<use Plots//Condition Number Plots/Lorenzmultiquadric.png>
Package pdftex.def Info: Plots//Condition Number Plots/Lorenzmultiquadric.png  
used on input line 704.
(pdftex.def)             Requested size: 289.07487pt x 202.3524pt.
<Plots//Condition Number Plots/Lorenzinverse.png, id=586, 722.7pt x 505.89pt>
File: Plots//Condition Number Plots/Lorenzinverse.png Graphic file (type png)
<use Plots//Condition Number Plots/Lorenzinverse.png>
Package pdftex.def Info: Plots//Condition Number Plots/Lorenzinverse.png  used 
on input line 709.
(pdftex.def)             Requested size: 289.07487pt x 202.3524pt.

Thesis.tex:712: Extra }, or forgotten \endgroup.
\@endfloatbox ...pagefalse \outer@nobreak \egroup 
                                                  \color@endbox 
l.712                 \end{figure}
                                  
I've deleted a group-closing symbol because it seems to be
spurious, as in `$x}$'. But perhaps the } is legitimate and
you forgot something else, as in `\hbox{$x}'. In such cases
the way to recover is to insert both the forgotten and the
deleted material, e.g., by typing `I$}'.

Thesis.tex:712: Too many }'s.
\color@endbox ->\color@endgroup \egroup 
                                        
l.712                 \end{figure}
                                  
You've closed more groups than you opened.
Such booboos are generally harmless, so keep going.


Thesis.tex:712: LaTeX Error: \begin{document} ended by \end{figure}.

See the LaTeX manual or LaTeX Companion for explanation.
Type  H <return>  for immediate help.
 ...                                              
                                                  
l.712                 \end{figure}
                                  
Your command was ignored.
Type  I <command> <return>  to replace it with another command,
or  <return>  to continue without it.

Thesis.tex:712: Extra \endgroup.
<recently read> \endgroup 
                          
l.712                 \end{figure}
                                  
Things are pretty mixed up, but I think the worst is over.

<Plots//Condition Number Plots/Lorenzcubic.png, id=587, 722.7pt x 505.89pt>
File: Plots//Condition Number Plots/Lorenzcubic.png Graphic file (type png)
<use Plots//Condition Number Plots/Lorenzcubic.png>
Package pdftex.def Info: Plots//Condition Number Plots/Lorenzcubic.png  used on
 input line 715.
(pdftex.def)             Requested size: 289.07487pt x 202.3524pt.
<Plots//Condition Number Plots/Lorenzquintic.png, id=588, 722.7pt x 505.89pt>
File: Plots//Condition Number Plots/Lorenzquintic.png Graphic file (type png)
<use Plots//Condition Number Plots/Lorenzquintic.png>
Package pdftex.def Info: Plots//Condition Number Plots/Lorenzquintic.png  used 
on input line 720.
(pdftex.def)             Requested size: 289.07487pt x 202.3524pt.
[29 <./Plots//Condition Number Plots/Lorenzmultiquadric.png> <./Plots//Conditio
n Number Plots/Lorenzinverse.png>] [30 <./Plots//Condition Number Plots/Lorenzc
ubic.png> <./Plots//Condition Number Plots/Lorenzquintic.png>]
<Plots//Condition Number Plots/Rossler gaussian.png, id=606, 722.7pt x 505.89pt
>
File: Plots//Condition Number Plots/Rossler gaussian.png Graphic file (type png
)
<use Plots//Condition Number Plots/Rossler gaussian.png>
Package pdftex.def Info: Plots//Condition Number Plots/Rossler gaussian.png  us
ed on input line 727.
(pdftex.def)             Requested size: 289.07487pt x 202.3524pt.
<Plots//Condition Number Plots/Rossler multiquadric.png, id=607, 722.7pt x 505.
89pt>
File: Plots//Condition Number Plots/Rossler multiquadric.png Graphic file (type
 png)
<use Plots//Condition Number Plots/Rossler multiquadric.png>
Package pdftex.def Info: Plots//Condition Number Plots/Rossler multiquadric.png
  used on input line 732.
(pdftex.def)             Requested size: 289.07487pt x 202.3524pt.
<Plots//Condition Number Plots/Rossler inverse.png, id=608, 722.7pt x 505.89pt>

File: Plots//Condition Number Plots/Rossler inverse.png Graphic file (type png)

<use Plots//Condition Number Plots/Rossler inverse.png>
Package pdftex.def Info: Plots//Condition Number Plots/Rossler inverse.png  use
d on input line 737.
(pdftex.def)             Requested size: 289.07487pt x 202.3524pt.
<Plots//Condition Number Plots/Rossler linear.png, id=609, 722.7pt x 505.89pt>
File: Plots//Condition Number Plots/Rossler linear.png Graphic file (type png)
<use Plots//Condition Number Plots/Rossler linear.png>
Package pdftex.def Info: Plots//Condition Number Plots/Rossler linear.png  used
 on input line 742.
(pdftex.def)             Requested size: 289.07487pt x 202.3524pt.
 [31 <./Plots//Condition Number Plots/Rossler gaussian.png> <./Plots//Condition
 Number Plots/Rossler multiquadric.png>]
<Plots//Condition Number Plots/Rossler cubic.png, id=618, 722.7pt x 505.89pt>
File: Plots//Condition Number Plots/Rossler cubic.png Graphic file (type png)
<use Plots//Condition Number Plots/Rossler cubic.png>
Package pdftex.def Info: Plots//Condition Number Plots/Rossler cubic.png  used 
on input line 747.
(pdftex.def)             Requested size: 289.07487pt x 202.3524pt.
<Plots//Condition Number Plots/Rossler quintic.png, id=619, 722.7pt x 505.89pt>

File: Plots//Condition Number Plots/Rossler quintic.png Graphic file (type png)

<use Plots//Condition Number Plots/Rossler quintic.png>
Package pdftex.def Info: Plots//Condition Number Plots/Rossler quintic.png  use
d on input line 752.
(pdftex.def)             Requested size: 289.07487pt x 202.3524pt.
 [32 <./Plots//Condition Number Plots/Rossler inverse.png> <./Plots//Condition 
Number Plots/Rossler linear.png>] [33 <./Plots//Condition Number Plots/Rossler 
cubic.png> <./Plots//Condition Number Plots/Rossler quintic.png>]
<Plots//Condition Number Plots/Chua gaussian.png, id=636, 722.7pt x 505.89pt>
File: Plots//Condition Number Plots/Chua gaussian.png Graphic file (type png)
<use Plots//Condition Number Plots/Chua gaussian.png>
Package pdftex.def Info: Plots//Condition Number Plots/Chua gaussian.png  used 
on input line 759.
(pdftex.def)             Requested size: 289.07487pt x 202.3524pt.
<Plots//Condition Number Plots/Chua multiquadric.png, id=637, 722.7pt x 505.89p
t>
File: Plots//Condition Number Plots/Chua multiquadric.png Graphic file (type pn
g)
<use Plots//Condition Number Plots/Chua multiquadric.png>
Package pdftex.def Info: Plots//Condition Number Plots/Chua multiquadric.png  u
sed on input line 764.
(pdftex.def)             Requested size: 289.07487pt x 202.3524pt.
<Plots//Condition Number Plots/Chua inverse.png, id=638, 722.7pt x 505.89pt>
File: Plots//Condition Number Plots/Chua inverse.png Graphic file (type png)
<use Plots//Condition Number Plots/Chua inverse.png>
Package pdftex.def Info: Plots//Condition Number Plots/Chua inverse.png  used o
n input line 769.
(pdftex.def)             Requested size: 289.07487pt x 202.3524pt.
<Plots//Condition Number Plots/Chua linear.png, id=639, 722.7pt x 505.89pt>
File: Plots//Condition Number Plots/Chua linear.png Graphic file (type png)
<use Plots//Condition Number Plots/Chua linear.png>
Package pdftex.def Info: Plots//Condition Number Plots/Chua linear.png  used on
 input line 774.
(pdftex.def)             Requested size: 289.07487pt x 202.3524pt.
 [34 <./Plots//Condition Number Plots/Chua gaussian.png> <./Plots//Condition Nu
mber Plots/Chua multiquadric.png>]
<Plots//Condition Number Plots/Chua cubic.png, id=648, 722.7pt x 505.89pt>
File: Plots//Condition Number Plots/Chua cubic.png Graphic file (type png)
<use Plots//Condition Number Plots/Chua cubic.png>
Package pdftex.def Info: Plots//Condition Number Plots/Chua cubic.png  used on 
input line 779.
(pdftex.def)             Requested size: 289.07487pt x 202.3524pt.
<Plots//Condition Number Plots/Chua quintic.png, id=649, 722.7pt x 505.89pt>
File: Plots//Condition Number Plots/Chua quintic.png Graphic file (type png)
<use Plots//Condition Number Plots/Chua quintic.png>
Package pdftex.def Info: Plots//Condition Number Plots/Chua quintic.png  used o
n input line 784.
(pdftex.def)             Requested size: 289.07487pt x 202.3524pt.
 [35 <./Plots//Condition Number Plots/Chua inverse.png> <./Plots//Condition Num
ber Plots/Chua linear.png>]
<Plots//Condition Number Plots/Signum gaussian.png, id=659, 722.7pt x 505.89pt>

File: Plots//Condition Number Plots/Signum gaussian.png Graphic file (type png)

<use Plots//Condition Number Plots/Signum gaussian.png>
Package pdftex.def Info: Plots//Condition Number Plots/Signum gaussian.png  use
d on input line 790.
(pdftex.def)             Requested size: 289.07487pt x 202.3524pt.
<Plots//Condition Number Plots/Signum multiquadric.png, id=660, 722.7pt x 505.8
9pt>
File: Plots//Condition Number Plots/Signum multiquadric.png Graphic file (type 
png)
<use Plots//Condition Number Plots/Signum multiquadric.png>
Package pdftex.def Info: Plots//Condition Number Plots/Signum multiquadric.png 
 used on input line 795.
(pdftex.def)             Requested size: 289.07487pt x 202.3524pt.
 [36 <./Plots//Condition Number Plots/Chua cubic.png> <./Plots//Condition Numbe
r Plots/Chua quintic.png>]
<Plots//Condition Number Plots/Signum inverse.png, id=669, 722.7pt x 505.89pt>
File: Plots//Condition Number Plots/Signum inverse.png Graphic file (type png)
<use Plots//Condition Number Plots/Signum inverse.png>
Package pdftex.def Info: Plots//Condition Number Plots/Signum inverse.png  used
 on input line 800.
(pdftex.def)             Requested size: 289.07487pt x 202.3524pt.
<Plots//Condition Number Plots/Signum linear.png, id=670, 722.7pt x 505.89pt>
File: Plots//Condition Number Plots/Signum linear.png Graphic file (type png)
<use Plots//Condition Number Plots/Signum linear.png>
Package pdftex.def Info: Plots//Condition Number Plots/Signum linear.png  used 
on input line 805.
(pdftex.def)             Requested size: 289.07487pt x 202.3524pt.
 [37 <./Plots//Condition Number Plots/Signum gaussian.png> <./Plots//Condition 
Number Plots/Signum multiquadric.png>]
<Plots//Condition Number Plots/Signum cubic.png, id=679, 722.7pt x 505.89pt>
File: Plots//Condition Number Plots/Signum cubic.png Graphic file (type png)
<use Plots//Condition Number Plots/Signum cubic.png>
Package pdftex.def Info: Plots//Condition Number Plots/Signum cubic.png  used o
n input line 810.
(pdftex.def)             Requested size: 289.07487pt x 202.3524pt.
<Plots//Condition Number Plots/Signum quintic.png, id=680, 722.7pt x 505.89pt>
File: Plots//Condition Number Plots/Signum quintic.png Graphic file (type png)
<use Plots//Condition Number Plots/Signum quintic.png>
Package pdftex.def Info: Plots//Condition Number Plots/Signum quintic.png  used
 on input line 815.
(pdftex.def)             Requested size: 289.07487pt x 202.3524pt.
 [38 <./Plots//Condition Number Plots/Signum inverse.png> <./Plots//Condition N
umber Plots/Signum linear.png>] [39 <./Plots//Condition Number Plots/Signum cub
ic.png> <./Plots//Condition Number Plots/Signum quintic.png>]
<Plots//Condition Number Plots/RF1 gaussian.png, id=697, 722.7pt x 505.89pt>
File: Plots//Condition Number Plots/RF1 gaussian.png Graphic file (type png)
<use Plots//Condition Number Plots/RF1 gaussian.png>
Package pdftex.def Info: Plots//Condition Number Plots/RF1 gaussian.png  used o
n input line 822.
(pdftex.def)             Requested size: 289.07487pt x 202.3524pt.
<Plots//Condition Number Plots/RF1 multiquadric.png, id=698, 722.7pt x 505.89pt
>
File: Plots//Condition Number Plots/RF1 multiquadric.png Graphic file (type png
)
<use Plots//Condition Number Plots/RF1 multiquadric.png>
Package pdftex.def Info: Plots//Condition Number Plots/RF1 multiquadric.png  us
ed on input line 827.
(pdftex.def)             Requested size: 289.07487pt x 202.3524pt.
<Plots//Condition Number Plots/RF1 inverse.png, id=699, 722.7pt x 505.89pt>
File: Plots//Condition Number Plots/RF1 inverse.png Graphic file (type png)
<use Plots//Condition Number Plots/RF1 inverse.png>
Package pdftex.def Info: Plots//Condition Number Plots/RF1 inverse.png  used on
 input line 832.
(pdftex.def)             Requested size: 289.07487pt x 202.3524pt.
<Plots//Condition Number Plots/RF1 linear.png, id=700, 722.7pt x 505.89pt>
File: Plots//Condition Number Plots/RF1 linear.png Graphic file (type png)
<use Plots//Condition Number Plots/RF1 linear.png>
Package pdftex.def Info: Plots//Condition Number Plots/RF1 linear.png  used on 
input line 837.
(pdftex.def)             Requested size: 289.07487pt x 202.3524pt.
 [40 <./Plots//Condition Number Plots/RF1 gaussian.png> <./Plots//Condition Num
ber Plots/RF1 multiquadric.png>]
<Plots//Condition Number Plots/RF1 cubic.png, id=709, 722.7pt x 505.89pt>
File: Plots//Condition Number Plots/RF1 cubic.png Graphic file (type png)
<use Plots//Condition Number Plots/RF1 cubic.png>
Package pdftex.def Info: Plots//Condition Number Plots/RF1 cubic.png  used on i
nput line 842.
(pdftex.def)             Requested size: 289.07487pt x 202.3524pt.
<Plots//Condition Number Plots/RF1 quintic.png, id=710, 722.7pt x 505.89pt>
File: Plots//Condition Number Plots/RF1 quintic.png Graphic file (type png)
<use Plots//Condition Number Plots/RF1 quintic.png>
Package pdftex.def Info: Plots//Condition Number Plots/RF1 quintic.png  used on
 input line 847.
(pdftex.def)             Requested size: 289.07487pt x 202.3524pt.
 [41 <./Plots//Condition Number Plots/RF1 inverse.png> <./Plots//Condition Numb
er Plots/RF1 linear.png>] [42 <./Plots//Condition Number Plots/RF1 cubic.png> <
./Plots//Condition Number Plots/RF1 quintic.png>]
<Plots//Condition Number Plots/RF2 gaussian.png, id=728, 722.7pt x 505.89pt>
File: Plots//Condition Number Plots/RF2 gaussian.png Graphic file (type png)
<use Plots//Condition Number Plots/RF2 gaussian.png>
Package pdftex.def Info: Plots//Condition Number Plots/RF2 gaussian.png  used o
n input line 854.
(pdftex.def)             Requested size: 289.07487pt x 202.3524pt.
<Plots//Condition Number Plots/RF2 multiquadric.png, id=729, 722.7pt x 505.89pt
>
File: Plots//Condition Number Plots/RF2 multiquadric.png Graphic file (type png
)
<use Plots//Condition Number Plots/RF2 multiquadric.png>
Package pdftex.def Info: Plots//Condition Number Plots/RF2 multiquadric.png  us
ed on input line 859.
(pdftex.def)             Requested size: 289.07487pt x 202.3524pt.
<Plots//Condition Number Plots/RF2 inverse.png, id=730, 722.7pt x 505.89pt>
File: Plots//Condition Number Plots/RF2 inverse.png Graphic file (type png)
<use Plots//Condition Number Plots/RF2 inverse.png>
Package pdftex.def Info: Plots//Condition Number Plots/RF2 inverse.png  used on
 input line 864.
(pdftex.def)             Requested size: 289.07487pt x 202.3524pt.
<Plots//Condition Number Plots/RF2 linear.png, id=731, 722.7pt x 505.89pt>
File: Plots//Condition Number Plots/RF2 linear.png Graphic file (type png)
<use Plots//Condition Number Plots/RF2 linear.png>
Package pdftex.def Info: Plots//Condition Number Plots/RF2 linear.png  used on 
input line 869.
(pdftex.def)             Requested size: 289.07487pt x 202.3524pt.
 [43 <./Plots//Condition Number Plots/RF2 gaussian.png> <./Plots//Condition Num
ber Plots/RF2 multiquadric.png>]
<Plots//Condition Number Plots/RF2 cubic.png, id=740, 722.7pt x 505.89pt>
File: Plots//Condition Number Plots/RF2 cubic.png Graphic file (type png)
<use Plots//Condition Number Plots/RF2 cubic.png>
Package pdftex.def Info: Plots//Condition Number Plots/RF2 cubic.png  used on i
nput line 874.
(pdftex.def)             Requested size: 289.07487pt x 202.3524pt.
<Plots//Condition Number Plots/RF2 quintic.png, id=741, 722.7pt x 505.89pt>
File: Plots//Condition Number Plots/RF2 quintic.png Graphic file (type png)
<use Plots//Condition Number Plots/RF2 quintic.png>
Package pdftex.def Info: Plots//Condition Number Plots/RF2 quintic.png  used on
 input line 879.
(pdftex.def)             Requested size: 289.07487pt x 202.3524pt.

[44 <./Plots//Condition Number Plots/RF2 inverse.png> <./Plots//Condition Numbe
r Plots/RF2 linear.png>] [45 <./Plots//Condition Number Plots/RF2 cubic.png> <.
/Plots//Condition Number Plots/RF2 quintic.png>]

Package hyperref Warning: Token not allowed in a PDF string (Unicode):
(hyperref)                removing `math shift' on input line 883.


Package hyperref Warning: Token not allowed in a PDF string (Unicode):
(hyperref)                removing `\epsilon' on input line 883.


Package hyperref Warning: Token not allowed in a PDF string (Unicode):
(hyperref)                removing `math shift' on input line 883.

<Plots//Epsilon/Lorenz multiquadric.png, id=758, 722.7pt x 505.89pt>
File: Plots//Epsilon/Lorenz multiquadric.png Graphic file (type png)
<use Plots//Epsilon/Lorenz multiquadric.png>
Package pdftex.def Info: Plots//Epsilon/Lorenz multiquadric.png  used on input 
line 887.
(pdftex.def)             Requested size: 289.07487pt x 202.3524pt.
<Plots//Epsilon/Lorenz inverse.png, id=759, 722.7pt x 505.89pt>
File: Plots//Epsilon/Lorenz inverse.png Graphic file (type png)
<use Plots//Epsilon/Lorenz inverse.png>
Package pdftex.def Info: Plots//Epsilon/Lorenz inverse.png  used on input line 
892.
(pdftex.def)             Requested size: 289.07487pt x 202.3524pt.
<Plots//Epsilon/Lorenz cubic.png, id=760, 722.7pt x 505.89pt>
File: Plots//Epsilon/Lorenz cubic.png Graphic file (type png)
<use Plots//Epsilon/Lorenz cubic.png>
Package pdftex.def Info: Plots//Epsilon/Lorenz cubic.png  used on input line 89
7.
(pdftex.def)             Requested size: 289.07487pt x 202.3524pt.
<Plots//Epsilon/Lorenz quintic.png, id=761, 722.7pt x 505.89pt>
File: Plots//Epsilon/Lorenz quintic.png Graphic file (type png)
<use Plots//Epsilon/Lorenz quintic.png>
Package pdftex.def Info: Plots//Epsilon/Lorenz quintic.png  used on input line 
902.
(pdftex.def)             Requested size: 289.07487pt x 202.3524pt.
[46 <./Plots//Epsilon/Lorenz multiquadric.png> <./Plots//Epsilon/Lorenz inverse
.png>]
<Plots//Epsilon/Rossler gaussian.png, id=770, 722.7pt x 505.89pt>
File: Plots//Epsilon/Rossler gaussian.png Graphic file (type png)
<use Plots//Epsilon/Rossler gaussian.png>
Package pdftex.def Info: Plots//Epsilon/Rossler gaussian.png  used on input lin
e 908.
(pdftex.def)             Requested size: 289.07487pt x 202.3524pt.
<Plots//Epsilon/Rossler multiquadric.png, id=771, 722.7pt x 505.89pt>
File: Plots//Epsilon/Rossler multiquadric.png Graphic file (type png)
<use Plots//Epsilon/Rossler multiquadric.png>
Package pdftex.def Info: Plots//Epsilon/Rossler multiquadric.png  used on input
 line 913.
(pdftex.def)             Requested size: 289.07487pt x 202.3524pt.
 [47 <./Plots//Epsilon/Lorenz cubic.png> <./Plots//Epsilon/Lorenz quintic.png>]
<Plots//Epsilon/Rossler inverse.png, id=781, 722.7pt x 505.89pt>
File: Plots//Epsilon/Rossler inverse.png Graphic file (type png)
<use Plots//Epsilon/Rossler inverse.png>
Package pdftex.def Info: Plots//Epsilon/Rossler inverse.png  used on input line
 918.
(pdftex.def)             Requested size: 289.07487pt x 202.3524pt.
<Plots//Epsilon/Rossler linear.png, id=782, 722.7pt x 505.89pt>
File: Plots//Epsilon/Rossler linear.png Graphic file (type png)
<use Plots//Epsilon/Rossler linear.png>
Package pdftex.def Info: Plots//Epsilon/Rossler linear.png  used on input line 
923.
(pdftex.def)             Requested size: 289.07487pt x 202.3524pt.
 [48 <./Plots//Epsilon/Rossler gaussian.png> <./Plots//Epsilon/Rossler multiqua
dric.png>]
<Plots//Epsilon/Rossler cubic.png, id=791, 722.7pt x 505.89pt>
File: Plots//Epsilon/Rossler cubic.png Graphic file (type png)
<use Plots//Epsilon/Rossler cubic.png>
Package pdftex.def Info: Plots//Epsilon/Rossler cubic.png  used on input line 9
28.
(pdftex.def)             Requested size: 289.07487pt x 202.3524pt.
<Plots//Epsilon/Rossler quintic.png, id=792, 722.7pt x 505.89pt>
File: Plots//Epsilon/Rossler quintic.png Graphic file (type png)
<use Plots//Epsilon/Rossler quintic.png>
Package pdftex.def Info: Plots//Epsilon/Rossler quintic.png  used on input line
 933.
(pdftex.def)             Requested size: 289.07487pt x 202.3524pt.
 [49 <./Plots//Epsilon/Rossler inverse.png> <./Plots//Epsilon/Rossler linear.pn
g>]
<Plots//Epsilon/Chua gaussian.png, id=801, 722.7pt x 505.89pt>
File: Plots//Epsilon/Chua gaussian.png Graphic file (type png)
<use Plots//Epsilon/Chua gaussian.png>
Package pdftex.def Info: Plots//Epsilon/Chua gaussian.png  used on input line 9
39.
(pdftex.def)             Requested size: 289.07487pt x 202.3524pt.


LaTeX Warning: File `/Epsilon/Chua multiquadric.png' not found on input line 94
4.


Thesis.tex:944: Package pdftex.def Error: File `/Epsilon/Chua multiquadric.png'
 not found: using draft setting.

See the pdftex.def package documentation for explanation.
Type  H <return>  for immediate help.
 ...                                              
                                                  
l.944 ...cale=0.4]{/Epsilon/Chua multiquadric.png}
                                                  
Try typing  <return>  to proceed.
If that doesn't work, type  X <return>  to quit.

[50 <./Plots//Epsilon/Rossler cubic.png> <./Plots//Epsilon/Rossler quintic.png>
]
<Plots//Epsilon/Chua inverse.png, id=810, 722.7pt x 505.89pt>
File: Plots//Epsilon/Chua inverse.png Graphic file (type png)
<use Plots//Epsilon/Chua inverse.png>
Package pdftex.def Info: Plots//Epsilon/Chua inverse.png  used on input line 94
9.
(pdftex.def)             Requested size: 289.07487pt x 202.3524pt.
<Plots//Epsilon/Chua linear.png, id=811, 722.7pt x 505.89pt>
File: Plots//Epsilon/Chua linear.png Graphic file (type png)
<use Plots//Epsilon/Chua linear.png>
Package pdftex.def Info: Plots//Epsilon/Chua linear.png  used on input line 954
.
(pdftex.def)             Requested size: 289.07487pt x 202.3524pt.
 [51 <./Plots//Epsilon/Chua gaussian.png>]
<Plots//Epsilon/Chua cubic.png, id=819, 722.7pt x 505.89pt>
File: Plots//Epsilon/Chua cubic.png Graphic file (type png)
<use Plots//Epsilon/Chua cubic.png>
Package pdftex.def Info: Plots//Epsilon/Chua cubic.png  used on input line 959.

(pdftex.def)             Requested size: 289.07487pt x 202.3524pt.
<Plots//Epsilon/Chua quintic.png, id=820, 722.7pt x 505.89pt>
File: Plots//Epsilon/Chua quintic.png Graphic file (type png)
<use Plots//Epsilon/Chua quintic.png>
Package pdftex.def Info: Plots//Epsilon/Chua quintic.png  used on input line 96
4.
(pdftex.def)             Requested size: 289.07487pt x 202.3524pt.
 [52 <./Plots//Epsilon/Chua inverse.png> <./Plots//Epsilon/Chua linear.png>]
<Plots//Epsilon/Signum gaussian.png, id=829, 722.7pt x 505.89pt>
File: Plots//Epsilon/Signum gaussian.png Graphic file (type png)
<use Plots//Epsilon/Signum gaussian.png>
Package pdftex.def Info: Plots//Epsilon/Signum gaussian.png  used on input line
 970.
(pdftex.def)             Requested size: 289.07487pt x 202.3524pt.
<Plots//Epsilon/Signum multiquadric.png, id=830, 722.7pt x 505.89pt>
File: Plots//Epsilon/Signum multiquadric.png Graphic file (type png)
<use Plots//Epsilon/Signum multiquadric.png>
Package pdftex.def Info: Plots//Epsilon/Signum multiquadric.png  used on input 
line 975.
(pdftex.def)             Requested size: 289.07487pt x 202.3524pt.
 [53 <./Plots//Epsilon/Chua cubic.png> <./Plots//Epsilon/Chua quintic.png>]
<Plots//Epsilon/Signum inverse.png, id=840, 722.7pt x 505.89pt>
File: Plots//Epsilon/Signum inverse.png Graphic file (type png)
<use Plots//Epsilon/Signum inverse.png>
Package pdftex.def Info: Plots//Epsilon/Signum inverse.png  used on input line 
980.
(pdftex.def)             Requested size: 289.07487pt x 202.3524pt.
<Plots//Epsilon/Signum linear.png, id=841, 722.7pt x 505.89pt>
File: Plots//Epsilon/Signum linear.png Graphic file (type png)
<use Plots//Epsilon/Signum linear.png>
Package pdftex.def Info: Plots//Epsilon/Signum linear.png  used on input line 9
85.
(pdftex.def)             Requested size: 289.07487pt x 202.3524pt.
 [54 <./Plots//Epsilon/Signum gaussian.png> <./Plots//Epsilon/Signum multiquadr
ic.png>]
<Plots//Epsilon/Signum cubic.png, id=850, 722.7pt x 505.89pt>
File: Plots//Epsilon/Signum cubic.png Graphic file (type png)
<use Plots//Epsilon/Signum cubic.png>
Package pdftex.def Info: Plots//Epsilon/Signum cubic.png  used on input line 99
0.
(pdftex.def)             Requested size: 289.07487pt x 202.3524pt.
<Plots//Epsilon/Signum quintic.png, id=851, 722.7pt x 505.89pt>
File: Plots//Epsilon/Signum quintic.png Graphic file (type png)
<use Plots//Epsilon/Signum quintic.png>
Package pdftex.def Info: Plots//Epsilon/Signum quintic.png  used on input line 
995.
(pdftex.def)             Requested size: 289.07487pt x 202.3524pt.
 [55 <./Plots//Epsilon/Signum inverse.png> <./Plots//Epsilon/Signum linear.png>
]
<Plots//Epsilon/RF1 gaussian.png, id=860, 722.7pt x 505.89pt>
File: Plots//Epsilon/RF1 gaussian.png Graphic file (type png)
<use Plots//Epsilon/RF1 gaussian.png>
Package pdftex.def Info: Plots//Epsilon/RF1 gaussian.png  used on input line 10
01.
(pdftex.def)             Requested size: 289.07487pt x 202.3524pt.
<Plots//Epsilon/RF1 multiquadric.png, id=861, 722.7pt x 505.89pt>
File: Plots//Epsilon/RF1 multiquadric.png Graphic file (type png)
<use Plots//Epsilon/RF1 multiquadric.png>
Package pdftex.def Info: Plots//Epsilon/RF1 multiquadric.png  used on input lin
e 1006.
(pdftex.def)             Requested size: 289.07487pt x 202.3524pt.
 [56 <./Plots//Epsilon/Signum cubic.png> <./Plots//Epsilon/Signum quintic.png>]
<Plots//Epsilon/RF1 inverse.png, id=870, 722.7pt x 505.89pt>
File: Plots//Epsilon/RF1 inverse.png Graphic file (type png)
<use Plots//Epsilon/RF1 inverse.png>
Package pdftex.def Info: Plots//Epsilon/RF1 inverse.png  used on input line 101
1.
(pdftex.def)             Requested size: 289.07487pt x 202.3524pt.
<Plots//Epsilon/RF1 linear.png, id=871, 722.7pt x 505.89pt>
File: Plots//Epsilon/RF1 linear.png Graphic file (type png)
<use Plots//Epsilon/RF1 linear.png>
Package pdftex.def Info: Plots//Epsilon/RF1 linear.png  used on input line 1016
.
(pdftex.def)             Requested size: 289.07487pt x 202.3524pt.
 [57 <./Plots//Epsilon/RF1 gaussian.png> <./Plots//Epsilon/RF1 multiquadric.png
>]
<Plots//Epsilon/RF1 cubic.png, id=880, 722.7pt x 505.89pt>
File: Plots//Epsilon/RF1 cubic.png Graphic file (type png)
<use Plots//Epsilon/RF1 cubic.png>
Package pdftex.def Info: Plots//Epsilon/RF1 cubic.png  used on input line 1021.

(pdftex.def)             Requested size: 289.07487pt x 202.3524pt.
<Plots//Epsilon/RF1 quintic.png, id=881, 722.7pt x 505.89pt>
File: Plots//Epsilon/RF1 quintic.png Graphic file (type png)
<use Plots//Epsilon/RF1 quintic.png>
Package pdftex.def Info: Plots//Epsilon/RF1 quintic.png  used on input line 102
6.
(pdftex.def)             Requested size: 289.07487pt x 202.3524pt.
 [58 <./Plots//Epsilon/RF1 inverse.png> <./Plots//Epsilon/RF1 linear.png>]
<Plots//Epsilon/RF2 gaussian.png, id=890, 722.7pt x 505.89pt>
File: Plots//Epsilon/RF2 gaussian.png Graphic file (type png)
<use Plots//Epsilon/RF2 gaussian.png>
Package pdftex.def Info: Plots//Epsilon/RF2 gaussian.png  used on input line 10
32.
(pdftex.def)             Requested size: 289.07487pt x 202.3524pt.
<Plots//Epsilon/RF2 multiquadric.png, id=891, 722.7pt x 505.89pt>
File: Plots//Epsilon/RF2 multiquadric.png Graphic file (type png)
<use Plots//Epsilon/RF2 multiquadric.png>
Package pdftex.def Info: Plots//Epsilon/RF2 multiquadric.png  used on input lin
e 1037.
(pdftex.def)             Requested size: 289.07487pt x 202.3524pt.
 [59 <./Plots//Epsilon/RF1 cubic.png> <./Plots//Epsilon/RF1 quintic.png>]
<Plots//Epsilon/RF2 inverse.png, id=901, 722.7pt x 505.89pt>
File: Plots//Epsilon/RF2 inverse.png Graphic file (type png)
<use Plots//Epsilon/RF2 inverse.png>
Package pdftex.def Info: Plots//Epsilon/RF2 inverse.png  used on input line 104
2.
(pdftex.def)             Requested size: 289.07487pt x 202.3524pt.
<Plots//Epsilon/RF2 linear.png, id=902, 722.7pt x 505.89pt>
File: Plots//Epsilon/RF2 linear.png Graphic file (type png)
<use Plots//Epsilon/RF2 linear.png>
Package pdftex.def Info: Plots//Epsilon/RF2 linear.png  used on input line 1047
.
(pdftex.def)             Requested size: 289.07487pt x 202.3524pt.
 [60 <./Plots//Epsilon/RF2 gaussian.png> <./Plots//Epsilon/RF2 multiquadric.png
>]
<Plots//Epsilon/RF2 cubic.png, id=911, 722.7pt x 505.89pt>
File: Plots//Epsilon/RF2 cubic.png Graphic file (type png)
<use Plots//Epsilon/RF2 cubic.png>
Package pdftex.def Info: Plots//Epsilon/RF2 cubic.png  used on input line 1052.

(pdftex.def)             Requested size: 289.07487pt x 202.3524pt.
<Plots//Epsilon/RF2 quintic.png, id=912, 722.7pt x 505.89pt>
File: Plots//Epsilon/RF2 quintic.png Graphic file (type png)
<use Plots//Epsilon/RF2 quintic.png>
Package pdftex.def Info: Plots//Epsilon/RF2 quintic.png  used on input line 105
7.
(pdftex.def)             Requested size: 289.07487pt x 202.3524pt.
 [61 <./Plots//Epsilon/RF2 inverse.png> <./Plots//Epsilon/RF2 linear.png>] [62 
<./Plots//Epsilon/RF2 cubic.png> <./Plots//Epsilon/RF2 quintic.png>]

Thesis.tex:1071: LaTeX Error: \caption outside float.

See the LaTeX manual or LaTeX Companion for explanation.
Type  H <return>  for immediate help.
 ...                                              
                                                  
l.1071                     \caption
                                   {Rossler Jacobian}
You're in trouble here.  Try typing  <return>  to proceed.
If that doesn't work, type  X <return>  to quit.


Thesis.tex:1079: LaTeX Error: There's no line here to end.

See the LaTeX manual or LaTeX Companion for explanation.
Type  H <return>  for immediate help.
 ...                                              
                                                  
l.1079                            \end{pmatrix}\\
                                                  \\
Your command was ignored.
Type  I <command> <return>  to replace it with another command,
or  <return>  to continue without it.

Thesis.tex:1079: Missing $ inserted.
<inserted text> 
                $
l.1079                            \end{pmatrix}\\
                                                  \\
I've inserted a begin-math/end-math symbol since I think
you left one out. Proceed, with fingers crossed.

Thesis.tex:1079: Missing } inserted.
<inserted text> 
                }
l.1079                            \end{pmatrix}\\
                                                  \\
I've inserted something that you may have forgotten.
(See the <inserted text> above.)
With luck, this will get me unwedged. But if you
really didn't forget anything, try typing `2' now; then
my insertion and my current dilemma will both disappear.

Thesis.tex:1079: Display math should end with $$.
<to be read again> 
                   \tex_par:D 
l.1079                            \end{pmatrix}\\
                                                  \\
The `$' that I just saw supposedly matches a previous `$$'.
So I shall assume that you typed `$$' both times.

Thesis.tex:1079: Extra }, or forgotten \endgroup.
\par ...m \@noitemerr {\@@par }\fi \else {\@@par }
                                                  \fi 
l.1079                            \end{pmatrix}\\
                                                  \\
I've deleted a group-closing symbol because it seems to be
spurious, as in `$x}$'. But perhaps the } is legitimate and
you forgot something else, as in `\hbox{$x}'. In such cases
the way to recover is to insert both the forgotten and the
deleted material, e.g., by typing `I$}'.


Thesis.tex:1079: LaTeX Error: There's no line here to end.

See the LaTeX manual or LaTeX Companion for explanation.
Type  H <return>  for immediate help.
 ...                                              
                                                  
l.1079 ...                      \end{pmatrix}\\ \\
                                                  
Your command was ignored.
Type  I <command> <return>  to replace it with another command,
or  <return>  to continue without it.

Thesis.tex:1080: Missing $ inserted.
<inserted text> 
                $
l.1080 ...               $f'(y_{1})$=\begin{cases}
                                                  
I've inserted a begin-math/end-math symbol since I think
you left one out. Proceed, with fingers crossed.

Thesis.tex:1083: Missing $ inserted.
<inserted text> 
                $
l.1083                               \end{cases}
                                                
I've inserted something that you may have forgotten.
(See the <inserted text> above.)
With luck, this will get me unwedged. But if you
really didn't forget anything, try typing `2' now; then
my insertion and my current dilemma will both disappear.


Thesis.tex:1084: LaTeX Error: Bad math environment delimiter.

See the LaTeX manual or LaTeX Companion for explanation.
Type  H <return>  for immediate help.
 ...                                              
                                                  
l.1084                     \end{equation*}
                                          
Your command was ignored.
Type  I <command> <return>  to replace it with another command,
or  <return>  to continue without it.

Thesis.tex:1084: Missing $ inserted.
<inserted text> 
                $
l.1084                     \end{equation*}
                                          
I've inserted something that you may have forgotten.
(See the <inserted text> above.)
With luck, this will get me unwedged. But if you
really didn't forget anything, try typing `2' now; then
my insertion and my current dilemma will both disappear.

Thesis.tex:1084: Display math should end with $$.
<to be read again> 
                   \endgroup 
l.1084                     \end{equation*}
                                          
The `$' that I just saw supposedly matches a previous `$$'.
So I shall assume that you typed `$$' both times.


Thesis.tex:1085: LaTeX Error: \caption outside float.

See the LaTeX manual or LaTeX Companion for explanation.
Type  H <return>  for immediate help.
 ...                                              
                                                  
l.1085                     \caption
                                   {Chua Jacobian}
You're in trouble here.  Try typing  <return>  to proceed.
If that doesn't work, type  X <return>  to quit.


Thesis.tex:1095: LaTeX Error: \caption outside float.

See the LaTeX manual or LaTeX Companion for explanation.
Type  H <return>  for immediate help.
 ...                                              
                                                  
l.1095                     \caption
                                   {Signum Jacobian}
You're in trouble here.  Try typing  <return>  to proceed.
If that doesn't work, type  X <return>  to quit.


Thesis.tex:1105: LaTeX Error: \caption outside float.

See the LaTeX manual or LaTeX Companion for explanation.
Type  H <return>  for immediate help.
 ...                                              
                                                  
l.1105                     \caption
                                   {Rabinovich-Fabrikant Jacobian}
You're in trouble here.  Try typing  <return>  to proceed.
If that doesn't work, type  X <return>  to quit.


Thesis.tex:1116: LaTeX Error: \caption outside float.

See the LaTeX manual or LaTeX Companion for explanation.
Type  H <return>  for immediate help.
 ...                                              
                                                  
l.1116                     \caption
                                   {Rossler Jacobian}
You're in trouble here.  Try typing  <return>  to proceed.
If that doesn't work, type  X <return>  to quit.

[63]

Thesis.tex:1126: LaTeX Error: \caption outside float.

See the LaTeX manual or LaTeX Companion for explanation.
Type  H <return>  for immediate help.
 ...                                              
                                                  
l.1126                     \caption
                                   {Chua Jacobian}
You're in trouble here.  Try typing  <return>  to proceed.
If that doesn't work, type  X <return>  to quit.


Thesis.tex:1136: LaTeX Error: \caption outside float.

See the LaTeX manual or LaTeX Companion for explanation.
Type  H <return>  for immediate help.
 ...                                              
                                                  
l.1136                     \caption
                                   {Signum Jacobian}
You're in trouble here.  Try typing  <return>  to proceed.
If that doesn't work, type  X <return>  to quit.


Thesis.tex:1138: LaTeX Error: \begin{document} ended by \end{center}.

See the LaTeX manual or LaTeX Companion for explanation.
Type  H <return>  for immediate help.
 ...                                              
                                                  
l.1138                 \end{center}
                                   
Your command was ignored.
Type  I <command> <return>  to replace it with another command,
or  <return>  to continue without it.

Thesis.tex:1138: Extra \endgroup.
<recently read> \endgroup 
                          
l.1138                 \end{center}
                                   
Things are pretty mixed up, but I think the worst is over.


Thesis.tex:1147: LaTeX Error: \caption outside float.

See the LaTeX manual or LaTeX Companion for explanation.
Type  H <return>  for immediate help.
 ...                                              
                                                  
l.1147                     \caption
                                   {RF1 Jacobian}
You're in trouble here.  Try typing  <return>  to proceed.
If that doesn't work, type  X <return>  to quit.


Thesis.tex:1157: LaTeX Error: \caption outside float.

See the LaTeX manual or LaTeX Companion for explanation.
Type  H <return>  for immediate help.
 ...                                              
                                                  
l.1157                     \caption
                                   {RF2 Jacobian}
You're in trouble here.  Try typing  <return>  to proceed.
If that doesn't work, type  X <return>  to quit.


Thesis.tex:1169: LaTeX Error: \caption outside float.

See the LaTeX manual or LaTeX Companion for explanation.
Type  H <return>  for immediate help.
 ...                                              
                                                  
l.1169                         \caption
                                       {Multiquadric}
You're in trouble here.  Try typing  <return>  to proceed.
If that doesn't work, type  X <return>  to quit.

[64]

Thesis.tex:1179: LaTeX Error: \caption outside float.

See the LaTeX manual or LaTeX Companion for explanation.
Type  H <return>  for immediate help.
 ...                                              
                                                  
l.1179                         \caption
                                       {Inverse}
You're in trouble here.  Try typing  <return>  to proceed.
If that doesn't work, type  X <return>  to quit.


Thesis.tex:1189: LaTeX Error: \caption outside float.

See the LaTeX manual or LaTeX Companion for explanation.
Type  H <return>  for immediate help.
 ...                                              
                                                  
l.1189                         \caption
                                       {Linear}
You're in trouble here.  Try typing  <return>  to proceed.
If that doesn't work, type  X <return>  to quit.


Thesis.tex:1199: LaTeX Error: \caption outside float.

See the LaTeX manual or LaTeX Companion for explanation.
Type  H <return>  for immediate help.
 ...                                              
                                                  
l.1199                         \caption
                                       {Cubic}
You're in trouble here.  Try typing  <return>  to proceed.
If that doesn't work, type  X <return>  to quit.


Thesis.tex:1209: LaTeX Error: \caption outside float.

See the LaTeX manual or LaTeX Companion for explanation.
Type  H <return>  for immediate help.
 ...                                              
                                                  
l.1209                         \caption
                                       {Quintic}
You're in trouble here.  Try typing  <return>  to proceed.
If that doesn't work, type  X <return>  to quit.


Thesis.tex:1220: LaTeX Error: \caption outside float.

See the LaTeX manual or LaTeX Companion for explanation.
Type  H <return>  for immediate help.
 ...                                              
                                                  
l.1220                         \caption
                                       {Gaussian}
You're in trouble here.  Try typing  <return>  to proceed.
If that doesn't work, type  X <return>  to quit.

[65]

Thesis.tex:1230: LaTeX Error: \caption outside float.

See the LaTeX manual or LaTeX Companion for explanation.
Type  H <return>  for immediate help.
 ...                                              
                                                  
l.1230                         \caption
                                       {Multiquadric}
You're in trouble here.  Try typing  <return>  to proceed.
If that doesn't work, type  X <return>  to quit.


Thesis.tex:1240: LaTeX Error: \caption outside float.

See the LaTeX manual or LaTeX Companion for explanation.
Type  H <return>  for immediate help.
 ...                                              
                                                  
l.1240                         \caption
                                       {Inverse}
You're in trouble here.  Try typing  <return>  to proceed.
If that doesn't work, type  X <return>  to quit.


Thesis.tex:1250: LaTeX Error: \caption outside float.

See the LaTeX manual or LaTeX Companion for explanation.
Type  H <return>  for immediate help.
 ...                                              
                                                  
l.1250                         \caption
                                       {Linear}
You're in trouble here.  Try typing  <return>  to proceed.
If that doesn't work, type  X <return>  to quit.


Thesis.tex:1260: LaTeX Error: \caption outside float.

See the LaTeX manual or LaTeX Companion for explanation.
Type  H <return>  for immediate help.
 ...                                              
                                                  
l.1260                         \caption
                                       {Cubic}
You're in trouble here.  Try typing  <return>  to proceed.
If that doesn't work, type  X <return>  to quit.


Thesis.tex:1270: LaTeX Error: \caption outside float.

See the LaTeX manual or LaTeX Companion for explanation.
Type  H <return>  for immediate help.
 ...                                              
                                                  
l.1270                         \caption
                                       {Quintic}
You're in trouble here.  Try typing  <return>  to proceed.
If that doesn't work, type  X <return>  to quit.

[66]

Thesis.tex:1281: LaTeX Error: \caption outside float.

See the LaTeX manual or LaTeX Companion for explanation.
Type  H <return>  for immediate help.
 ...                                              
                                                  
l.1281                         \caption
                                       {Gaussian}
You're in trouble here.  Try typing  <return>  to proceed.
If that doesn't work, type  X <return>  to quit.


Thesis.tex:1291: LaTeX Error: \caption outside float.

See the LaTeX manual or LaTeX Companion for explanation.
Type  H <return>  for immediate help.
 ...                                              
                                                  
l.1291                         \caption
                                       {Multiquadric}
You're in trouble here.  Try typing  <return>  to proceed.
If that doesn't work, type  X <return>  to quit.


Thesis.tex:1301: LaTeX Error: \caption outside float.

See the LaTeX manual or LaTeX Companion for explanation.
Type  H <return>  for immediate help.
 ...                                              
                                                  
l.1301                         \caption
                                       {Inverse}
You're in trouble here.  Try typing  <return>  to proceed.
If that doesn't work, type  X <return>  to quit.


Thesis.tex:1311: LaTeX Error: \caption outside float.

See the LaTeX manual or LaTeX Companion for explanation.
Type  H <return>  for immediate help.
 ...                                              
                                                  
l.1311                         \caption
                                       {Linear}
You're in trouble here.  Try typing  <return>  to proceed.
If that doesn't work, type  X <return>  to quit.


Thesis.tex:1321: LaTeX Error: \caption outside float.

See the LaTeX manual or LaTeX Companion for explanation.
Type  H <return>  for immediate help.
 ...                                              
                                                  
l.1321                         \caption
                                       {Cubic}
You're in trouble here.  Try typing  <return>  to proceed.
If that doesn't work, type  X <return>  to quit.


Thesis.tex:1331: LaTeX Error: \caption outside float.

See the LaTeX manual or LaTeX Companion for explanation.
Type  H <return>  for immediate help.
 ...                                              
                                                  
l.1331                         \caption
                                       {Quintic}
You're in trouble here.  Try typing  <return>  to proceed.
If that doesn't work, type  X <return>  to quit.

[67]

Thesis.tex:1342: LaTeX Error: \caption outside float.

See the LaTeX manual or LaTeX Companion for explanation.
Type  H <return>  for immediate help.
 ...                                              
                                                  
l.1342                         \caption
                                       {Gaussian}
You're in trouble here.  Try typing  <return>  to proceed.
If that doesn't work, type  X <return>  to quit.


Thesis.tex:1352: LaTeX Error: \caption outside float.

See the LaTeX manual or LaTeX Companion for explanation.
Type  H <return>  for immediate help.
 ...                                              
                                                  
l.1352                         \caption
                                       {Multiquadric}
You're in trouble here.  Try typing  <return>  to proceed.
If that doesn't work, type  X <return>  to quit.


Thesis.tex:1362: LaTeX Error: \caption outside float.

See the LaTeX manual or LaTeX Companion for explanation.
Type  H <return>  for immediate help.
 ...                                              
                                                  
l.1362                         \caption
                                       {Inverse}
You're in trouble here.  Try typing  <return>  to proceed.
If that doesn't work, type  X <return>  to quit.


Thesis.tex:1372: LaTeX Error: \caption outside float.

See the LaTeX manual or LaTeX Companion for explanation.
Type  H <return>  for immediate help.
 ...                                              
                                                  
l.1372                         \caption
                                       {Linear}
You're in trouble here.  Try typing  <return>  to proceed.
If that doesn't work, type  X <return>  to quit.


Thesis.tex:1382: LaTeX Error: \caption outside float.

See the LaTeX manual or LaTeX Companion for explanation.
Type  H <return>  for immediate help.
 ...                                              
                                                  
l.1382                         \caption
                                       {Cubic}
You're in trouble here.  Try typing  <return>  to proceed.
If that doesn't work, type  X <return>  to quit.


Thesis.tex:1392: LaTeX Error: \caption outside float.

See the LaTeX manual or LaTeX Companion for explanation.
Type  H <return>  for immediate help.
 ...                                              
                                                  
l.1392                         \caption
                                       {Quintic}
You're in trouble here.  Try typing  <return>  to proceed.
If that doesn't work, type  X <return>  to quit.

[68]

Thesis.tex:1403: LaTeX Error: \caption outside float.

See the LaTeX manual or LaTeX Companion for explanation.
Type  H <return>  for immediate help.
 ...                                              
                                                  
l.1403                         \caption
                                       {Gaussian}
You're in trouble here.  Try typing  <return>  to proceed.
If that doesn't work, type  X <return>  to quit.


Thesis.tex:1413: LaTeX Error: \caption outside float.

See the LaTeX manual or LaTeX Companion for explanation.
Type  H <return>  for immediate help.
 ...                                              
                                                  
l.1413                         \caption
                                       {Multiquadric}
You're in trouble here.  Try typing  <return>  to proceed.
If that doesn't work, type  X <return>  to quit.


Thesis.tex:1423: LaTeX Error: \caption outside float.

See the LaTeX manual or LaTeX Companion for explanation.
Type  H <return>  for immediate help.
 ...                                              
                                                  
l.1423                         \caption
                                       {Inverse}
You're in trouble here.  Try typing  <return>  to proceed.
If that doesn't work, type  X <return>  to quit.


Thesis.tex:1433: LaTeX Error: \caption outside float.

See the LaTeX manual or LaTeX Companion for explanation.
Type  H <return>  for immediate help.
 ...                                              
                                                  
l.1433                         \caption
                                       {Linear}
You're in trouble here.  Try typing  <return>  to proceed.
If that doesn't work, type  X <return>  to quit.


Thesis.tex:1443: LaTeX Error: \caption outside float.

See the LaTeX manual or LaTeX Companion for explanation.
Type  H <return>  for immediate help.
 ...                                              
                                                  
l.1443                         \caption
                                       {Cubic}
You're in trouble here.  Try typing  <return>  to proceed.
If that doesn't work, type  X <return>  to quit.


Thesis.tex:1453: LaTeX Error: \caption outside float.

See the LaTeX manual or LaTeX Companion for explanation.
Type  H <return>  for immediate help.
 ...                                              
                                                  
l.1453                         \caption
                                       {Quintic}
You're in trouble here.  Try typing  <return>  to proceed.
If that doesn't work, type  X <return>  to quit.

[69]

Thesis.tex:1464: LaTeX Error: \caption outside float.

See the LaTeX manual or LaTeX Companion for explanation.
Type  H <return>  for immediate help.
 ...                                              
                                                  
l.1464                         \caption
                                       {Gaussian}
You're in trouble here.  Try typing  <return>  to proceed.
If that doesn't work, type  X <return>  to quit.


Thesis.tex:1474: LaTeX Error: \caption outside float.

See the LaTeX manual or LaTeX Companion for explanation.
Type  H <return>  for immediate help.
 ...                                              
                                                  
l.1474                         \caption
                                       {Multiquadric}
You're in trouble here.  Try typing  <return>  to proceed.
If that doesn't work, type  X <return>  to quit.


Thesis.tex:1484: LaTeX Error: \caption outside float.

See the LaTeX manual or LaTeX Companion for explanation.
Type  H <return>  for immediate help.
 ...                                              
                                                  
l.1484                         \caption
                                       {Inverse}
You're in trouble here.  Try typing  <return>  to proceed.
If that doesn't work, type  X <return>  to quit.


Thesis.tex:1494: LaTeX Error: \caption outside float.

See the LaTeX manual or LaTeX Companion for explanation.
Type  H <return>  for immediate help.
 ...                                              
                                                  
l.1494                         \caption
                                       {Linear}
You're in trouble here.  Try typing  <return>  to proceed.
If that doesn't work, type  X <return>  to quit.


Thesis.tex:1504: LaTeX Error: \caption outside float.

See the LaTeX manual or LaTeX Companion for explanation.
Type  H <return>  for immediate help.
 ...                                              
                                                  
l.1504                         \caption
                                       {Cubic}
You're in trouble here.  Try typing  <return>  to proceed.
If that doesn't work, type  X <return>  to quit.


Thesis.tex:1514: LaTeX Error: \caption outside float.

See the LaTeX manual or LaTeX Companion for explanation.
Type  H <return>  for immediate help.
 ...                                              
                                                  
l.1514                         \caption
                                       {Quintic}
You're in trouble here.  Try typing  <return>  to proceed.
If that doesn't work, type  X <return>  to quit.


LaTeX Warning: File `/Fill Distance/Rossler Fill Distance.png' not found on inp
ut line 1519.


Thesis.tex:1519: Package pdftex.def Error: File `/Fill Distance/Rossler Fill Di
stance.png' not found: using draft setting.

See the pdftex.def package documentation for explanation.
Type  H <return>  for immediate help.
 ...                                              
                                                  
l.1519 ...Fill Distance/Rossler Fill Distance.png}
                                                  
Try typing  <return>  to proceed.
If that doesn't work, type  X <return>  to quit.


LaTeX Warning: File `/Fill Distance/Chua Fill Distance.png' not found on input 
line 1524.


Thesis.tex:1524: Package pdftex.def Error: File `/Fill Distance/Chua Fill Dista
nce.png' not found: using draft setting.

See the pdftex.def package documentation for explanation.
Type  H <return>  for immediate help.
 ...                                              
                                                  
l.1524 ...]{/Fill Distance/Chua Fill Distance.png}
                                                  
Try typing  <return>  to proceed.
If that doesn't work, type  X <return>  to quit.

[70]

LaTeX Warning: File `/Fill Distance/Signum Fill Distance.png' not found on inpu
t line 1529.


Thesis.tex:1529: Package pdftex.def Error: File `/Fill Distance/Signum Fill Dis
tance.png' not found: using draft setting.

See the pdftex.def package documentation for explanation.
Type  H <return>  for immediate help.
 ...                                              
                                                  
l.1529 .../Fill Distance/Signum Fill Distance.png}
                                                  
Try typing  <return>  to proceed.
If that doesn't work, type  X <return>  to quit.


LaTeX Warning: File `/Fill Distance/RF1 Fill Distance.png' not found on input l
ine 1534.


Thesis.tex:1534: Package pdftex.def Error: File `/Fill Distance/RF1 Fill Distan
ce.png' not found: using draft setting.

See the pdftex.def package documentation for explanation.
Type  H <return>  for immediate help.
 ...                                              
                                                  
l.1534 ...4]{/Fill Distance/RF1 Fill Distance.png}
                                                  
Try typing  <return>  to proceed.
If that doesn't work, type  X <return>  to quit.


Thesis.tex:1558: LaTeX Error: \caption outside float.

See the LaTeX manual or LaTeX Companion for explanation.
Type  H <return>  for immediate help.
 ...                                              
                                                  
l.1558                 \caption
                               {Multiquadric Lyapunov exponent estimates}
You're in trouble here.  Try typing  <return>  to proceed.
If that doesn't work, type  X <return>  to quit.


Thesis.tex:1580: LaTeX Error: \caption outside float.

See the LaTeX manual or LaTeX Companion for explanation.
Type  H <return>  for immediate help.
 ...                                              
                                                  
l.1580                 \caption
                               {Inverse Multiquadric Lyapunov exponent estim...

You're in trouble here.  Try typing  <return>  to proceed.
If that doesn't work, type  X <return>  to quit.

[71]

Thesis.tex:1602: LaTeX Error: \caption outside float.

See the LaTeX manual or LaTeX Companion for explanation.
Type  H <return>  for immediate help.
 ...                                              
                                                  
l.1602                 \caption
                               {Linear RBF Lyapunov exponent estimates}
You're in trouble here.  Try typing  <return>  to proceed.
If that doesn't work, type  X <return>  to quit.


Thesis.tex:1624: LaTeX Error: \caption outside float.

See the LaTeX manual or LaTeX Companion for explanation.
Type  H <return>  for immediate help.
 ...                                              
                                                  
l.1624                 \caption
                               {Cubic RBF Lyapunov exponent estimates}
You're in trouble here.  Try typing  <return>  to proceed.
If that doesn't work, type  X <return>  to quit.


Thesis.tex:1646: LaTeX Error: \caption outside float.

See the LaTeX manual or LaTeX Companion for explanation.
Type  H <return>  for immediate help.
 ...                                              
                                                  
l.1646                 \caption
                               {Quintic RBF Lyapunov exponent estimates}
You're in trouble here.  Try typing  <return>  to proceed.
If that doesn't work, type  X <return>  to quit.

[72] (/Users/natereynolds/Desktop/Grad School Thesis/out/Thesis.aux)

LaTeX Warning: There were undefined references.


LaTeX Warning: There were multiply-defined labels.

Package rerunfilecheck Info: File `Thesis.out' has not changed.
(rerunfilecheck)             Checksum: 546F3F49045C74CDAC8803F10C957A25;6076.
 ) 
Here is how much of TeX's memory you used:
 13020 strings out of 478660
 227874 string characters out of 2843037
 565395 words of memory out of 3000000
 30522 multiletter control sequences out of 15000+600000
 415293 words of font info for 71 fonts, out of 8000000 for 9000
 1141 hyphenation exceptions out of 8191
 104i,12n,110p,344b,1062s stack positions out of 5000i,500n,10000p,200000b,80000s
 </Users/natereynolds/Library/Application Support/MiKTeX/texmfs/data/fonts/pk
/ljfour/jknappen/ec/dpi600/tcrm1200.pk></Library/Application Support/MiKTeX/tex
mfs/install/fonts/type1/public/amsfonts/cm/cmbx12.pfb></Library/Application Sup
port/MiKTeX/texmfs/install/fonts/type1/public/amsfonts/cm/cmex10.pfb></Library/
Application Support/MiKTeX/texmfs/install/fonts/type1/public/amsfonts/cm/cmmi12
.pfb></Library/Application Support/MiKTeX/texmfs/install/fonts/type1/public/ams
fonts/cm/cmmi6.pfb></Library/Application Support/MiKTeX/texmfs/install/fonts/ty
pe1/public/amsfonts/cm/cmmi8.pfb></Library/Application Support/MiKTeX/texmfs/in
stall/fonts/type1/public/amsfonts/cm/cmr12.pfb></Library/Application Support/Mi
KTeX/texmfs/install/fonts/type1/public/amsfonts/cm/cmr17.pfb></Library/Applicat
ion Support/MiKTeX/texmfs/install/fonts/type1/public/amsfonts/cm/cmr6.pfb></Lib
rary/Application Support/MiKTeX/texmfs/install/fonts/type1/public/amsfonts/cm/c
mr8.pfb></Library/Application Support/MiKTeX/texmfs/install/fonts/type1/public/
amsfonts/cm/cmsy10.pfb></Library/Application Support/MiKTeX/texmfs/install/font
s/type1/public/amsfonts/cm/cmsy6.pfb></Library/Application Support/MiKTeX/texmf
s/install/fonts/type1/public/amsfonts/cm/cmsy8.pfb></Library/Application Suppor
t/MiKTeX/texmfs/install/fonts/type1/public/amsfonts/cm/cmti12.pfb></Library/App
lication Support/MiKTeX/texmfs/install/fonts/type1/public/amsfonts/cm/cmtt12.pf
b></Library/Application Support/MiKTeX/texmfs/install/fonts/type1/public/amsfon
ts/symbols/msbm10.pfb>
Output written on "/Users/natereynolds/Desktop/Grad School Thesis/out/Thesis.pd
f" (74 pages, 1675359 bytes).
PDF statistics:
 1120 PDF objects out of 1200 (max. 8388607)
 324 named destinations out of 1000 (max. 500000)
 746 words of extra memory for PDF output out of 10000 (max. 10000000)

