This is pdfTeX, Version 3.141592653-2.6-1.40.24 (MiKTeX 21.12.10) (preloaded format=pdflatex 2022.2.21)  6 APR 2022 14:50
entering extended mode
 restricted \write18 enabled.
 file:line:error style messages enabled.
 %&-line parsing enabled.
**./Thesis.tex
(Thesis.tex
LaTeX2e <2021-11-15> patch level 1
L3 programming layer <2021-11-22>
(/Library/Application Support/MiKTeX/texmfs/install/tex/latex/base/article.cls
Document Class: article 2021/10/04 v1.4n Standard LaTeX document class
(/Library/Application Support/MiKTeX/texmfs/install/tex/latex/base/size12.clo
File: size12.clo 2021/10/04 v1.4n Standard LaTeX file (size option)
)
\c@part=\count183
\c@section=\count184
\c@subsection=\count185
\c@subsubsection=\count186
\c@paragraph=\count187
\c@subparagraph=\count188
\c@figure=\count189
\c@table=\count190
\abovecaptionskip=\skip47
\belowcaptionskip=\skip48
\bibindent=\dimen138
)
(/Library/Application Support/MiKTeX/texmfs/install/tex/latex/amsmath/amsmath.s
ty
Package: amsmath 2021/10/15 v2.17l AMS math features
\@mathmargin=\skip49

For additional information on amsmath, use the `?' option.

(/Library/Application Support/MiKTeX/texmfs/install/tex/latex/amsmath/amstext.s
ty
Package: amstext 2021/08/26 v2.01 AMS text

(/Library/Application Support/MiKTeX/texmfs/install/tex/latex/amsmath/amsgen.st
y
File: amsgen.sty 1999/11/30 v2.0 generic functions
\@emptytoks=\toks16
\ex@=\dimen139
))
(/Library/Application Support/MiKTeX/texmfs/install/tex/latex/amsmath/amsbsy.st
y
Package: amsbsy 1999/11/29 v1.2d Bold Symbols
\pmbraise@=\dimen140
)
(/Library/Application Support/MiKTeX/texmfs/install/tex/latex/amsmath/amsopn.st
y
Package: amsopn 2021/08/26 v2.02 operator names
)
\inf@bad=\count191
LaTeX Info: Redefining \frac on input line 234.
\uproot@=\count192
\leftroot@=\count193
LaTeX Info: Redefining \overline on input line 399.
\classnum@=\count194
\DOTSCASE@=\count195
LaTeX Info: Redefining \ldots on input line 496.
LaTeX Info: Redefining \dots on input line 499.
LaTeX Info: Redefining \cdots on input line 620.
\Mathstrutbox@=\box50
\strutbox@=\box51
\big@size=\dimen141
LaTeX Font Info:    Redeclaring font encoding OML on input line 743.
LaTeX Font Info:    Redeclaring font encoding OMS on input line 744.
\macc@depth=\count196
\c@MaxMatrixCols=\count197
\dotsspace@=\muskip16
\c@parentequation=\count198
\dspbrk@lvl=\count199
\tag@help=\toks17
\row@=\count266
\column@=\count267
\maxfields@=\count268
\andhelp@=\toks18
\eqnshift@=\dimen142
\alignsep@=\dimen143
\tagshift@=\dimen144
\tagwidth@=\dimen145
\totwidth@=\dimen146
\lineht@=\dimen147
\@envbody=\toks19
\multlinegap=\skip50
\multlinetaggap=\skip51
\mathdisplay@stack=\toks20
LaTeX Info: Redefining \[ on input line 2938.
LaTeX Info: Redefining \] on input line 2939.
)
(/Users/natereynolds/Library/Application Support/MiKTeX/texmfs/install/tex/late
x/amscls/amsthm.sty
Package: amsthm 2020/05/29 v2.20.6
\thm@style=\toks21
\thm@bodyfont=\toks22
\thm@headfont=\toks23
\thm@notefont=\toks24
\thm@headpunct=\toks25
\thm@preskip=\skip52
\thm@postskip=\skip53
\thm@headsep=\skip54
\dth@everypar=\toks26
)
(/Users/natereynolds/Library/Application Support/MiKTeX/texmfs/install/tex/late
x/float/float.sty
Package: float 2001/11/08 v1.3d Float enhancements (AL)
\c@float@type=\count269
\float@exts=\toks27
\float@box=\box52
\@float@everytoks=\toks28
\@floatcapt=\box53
)

Package amsthm Warning: Unknown theoremstyle `theorem' on input line 12.

\c@theorem=\count270
\c@definition=\count271

(/Library/Application Support/MiKTeX/texmfs/install/tex/latex/amsfonts/amsfonts
.sty
Package: amsfonts 2013/01/14 v3.01 Basic AMSFonts support
\symAMSa=\mathgroup4
\symAMSb=\mathgroup5
LaTeX Font Info:    Redeclaring math symbol \hbar on input line 98.
LaTeX Font Info:    Overwriting math alphabet `\mathfrak' in version `bold'
(Font)                  U/euf/m/n --> U/euf/b/n on input line 106.
)
(/Library/Application Support/MiKTeX/texmfs/install/tex/latex/graphics/graphicx
.sty
Package: graphicx 2021/09/16 v1.2d Enhanced LaTeX Graphics (DPC,SPQR)

(/Library/Application Support/MiKTeX/texmfs/install/tex/latex/graphics/keyval.s
ty
Package: keyval 2014/10/28 v1.15 key=value parser (DPC)
\KV@toks@=\toks29
)
(/Library/Application Support/MiKTeX/texmfs/install/tex/latex/graphics/graphics
.sty
Package: graphics 2021/03/04 v1.4d Standard LaTeX Graphics (DPC,SPQR)

(/Library/Application Support/MiKTeX/texmfs/install/tex/latex/graphics/trig.sty
Package: trig 2021/08/11 v1.11 sin cos tan (DPC)
)
(/Library/Application Support/MiKTeX/texmfs/install/tex/latex/graphics-cfg/grap
hics.cfg
File: graphics.cfg 2016/06/04 v1.11 sample graphics configuration
)
Package graphics Info: Driver file: pdftex.def on input line 107.

(/Library/Application Support/MiKTeX/texmfs/install/tex/latex/graphics-def/pdft
ex.def
File: pdftex.def 2020/10/05 v1.2a Graphics/color driver for pdftex
))
\Gin@req@height=\dimen148
\Gin@req@width=\dimen149
)
(/Library/Application Support/MiKTeX/texmfs/install/tex/latex/hyperref/hyperref
.sty
Package: hyperref 2021-06-07 v7.00m Hypertext links for LaTeX

(/Users/natereynolds/Library/Application Support/MiKTeX/texmfs/install/tex/gene
ric/ltxcmds/ltxcmds.sty
Package: ltxcmds 2020-05-10 v1.25 LaTeX kernel commands for general use (HO)
)
(/Library/Application Support/MiKTeX/texmfs/install/tex/generic/iftex/iftex.sty
Package: iftex 2020/03/06 v1.0d TeX engine tests
)
(/Library/Application Support/MiKTeX/texmfs/install/tex/generic/pdftexcmds/pdft
excmds.sty
Package: pdftexcmds 2020-06-27 v0.33 Utility functions of pdfTeX for LuaTeX (HO
)

(/Users/natereynolds/Library/Application Support/MiKTeX/texmfs/install/tex/gene
ric/infwarerr/infwarerr.sty
Package: infwarerr 2019/12/03 v1.5 Providing info/warning/error messages (HO)
)
Package pdftexcmds Info: \pdf@primitive is available.
Package pdftexcmds Info: \pdf@ifprimitive is available.
Package pdftexcmds Info: \pdfdraftmode found.
)
(/Users/natereynolds/Library/Application Support/MiKTeX/texmfs/install/tex/gene
ric/kvsetkeys/kvsetkeys.sty
Package: kvsetkeys 2019/12/15 v1.18 Key value parser (HO)
)
(/Users/natereynolds/Library/Application Support/MiKTeX/texmfs/install/tex/gene
ric/kvdefinekeys/kvdefinekeys.sty
Package: kvdefinekeys 2019-12-19 v1.6 Define keys (HO)
)
(/Users/natereynolds/Library/Application Support/MiKTeX/texmfs/install/tex/gene
ric/pdfescape/pdfescape.sty
Package: pdfescape 2019/12/09 v1.15 Implements pdfTeX's escape features (HO)
)
(/Users/natereynolds/Library/Application Support/MiKTeX/texmfs/install/tex/late
x/hycolor/hycolor.sty
Package: hycolor 2020-01-27 v1.10 Color options for hyperref/bookmark (HO)
)
(/Users/natereynolds/Library/Application Support/MiKTeX/texmfs/install/tex/late
x/letltxmacro/letltxmacro.sty
Package: letltxmacro 2019/12/03 v1.6 Let assignment for LaTeX macros (HO)
)
(/Users/natereynolds/Library/Application Support/MiKTeX/texmfs/install/tex/late
x/auxhook/auxhook.sty
Package: auxhook 2019-12-17 v1.6 Hooks for auxiliary files (HO)
)
(/Users/natereynolds/Library/Application Support/MiKTeX/texmfs/install/tex/late
x/kvoptions/kvoptions.sty
Package: kvoptions 2020-10-07 v3.14 Key value format for package options (HO)
)
\@linkdim=\dimen150
\Hy@linkcounter=\count272
\Hy@pagecounter=\count273

(/Library/Application Support/MiKTeX/texmfs/install/tex/latex/hyperref/pd1enc.d
ef
File: pd1enc.def 2021-06-07 v7.00m Hyperref: PDFDocEncoding definition (HO)
Now handling font encoding PD1 ...
... no UTF-8 mapping file for font encoding PD1
)
(/Library/Application Support/MiKTeX/texmfs/install/tex/latex/hyperref/hyperref
-langpatches.def
File: hyperref-langpatches.def 2021-06-07 v7.00m Hyperref: patches for babel la
nguages
)
(/Users/natereynolds/Library/Application Support/MiKTeX/texmfs/install/tex/gene
ric/intcalc/intcalc.sty
Package: intcalc 2019/12/15 v1.3 Expandable calculations with integers (HO)
)
(/Users/natereynolds/Library/Application Support/MiKTeX/texmfs/install/tex/gene
ric/etexcmds/etexcmds.sty
Package: etexcmds 2019/12/15 v1.7 Avoid name clashes with e-TeX commands (HO)
)
\Hy@SavedSpaceFactor=\count274

(/Library/Application Support/MiKTeX/texmfs/install/tex/latex/hyperref/puenc.de
f
File: puenc.def 2021-06-07 v7.00m Hyperref: PDF Unicode definition (HO)
Now handling font encoding PU ...
... no UTF-8 mapping file for font encoding PU
)
Package hyperref Info: Hyper figures OFF on input line 4192.
Package hyperref Info: Link nesting OFF on input line 4197.
Package hyperref Info: Hyper index ON on input line 4200.
Package hyperref Info: Plain pages OFF on input line 4207.
Package hyperref Info: Backreferencing OFF on input line 4212.
Package hyperref Info: Implicit mode ON; LaTeX internals redefined.
Package hyperref Info: Bookmarks ON on input line 4445.
\c@Hy@tempcnt=\count275
 (/Library/Application Support/MiKTeX/texmfs/install/tex/latex/url/url.sty
\Urlmuskip=\muskip17
Package: url 2013/09/16  ver 3.4  Verb mode for urls, etc.
)
LaTeX Info: Redefining \url on input line 4804.
\XeTeXLinkMargin=\dimen151

(/Users/natereynolds/Library/Application Support/MiKTeX/texmfs/install/tex/gene
ric/bitset/bitset.sty
Package: bitset 2019/12/09 v1.3 Handle bit-vector datatype (HO)

(/Users/natereynolds/Library/Application Support/MiKTeX/texmfs/install/tex/gene
ric/bigintcalc/bigintcalc.sty
Package: bigintcalc 2019/12/15 v1.5 Expandable calculations on big integers (HO
)
))
\Fld@menulength=\count276
\Field@Width=\dimen152
\Fld@charsize=\dimen153
Package hyperref Info: Hyper figures OFF on input line 6076.
Package hyperref Info: Link nesting OFF on input line 6081.
Package hyperref Info: Hyper index ON on input line 6084.
Package hyperref Info: backreferencing OFF on input line 6091.
Package hyperref Info: Link coloring OFF on input line 6096.
Package hyperref Info: Link coloring with OCG OFF on input line 6101.
Package hyperref Info: PDF/A mode OFF on input line 6106.
LaTeX Info: Redefining \ref on input line 6146.
LaTeX Info: Redefining \pageref on input line 6150.

(/Library/Application Support/MiKTeX/texmfs/install/tex/latex/base/atbegshi-ltx
.sty
Package: atbegshi-ltx 2021/01/10 v1.0c Emulation of the original atbegshi
package with kernel methods
)
\Hy@abspage=\count277
\c@Item=\count278
\c@Hfootnote=\count279
)
Package hyperref Info: Driver (autodetected): hpdftex.

(/Library/Application Support/MiKTeX/texmfs/install/tex/latex/hyperref/hpdftex.
def
File: hpdftex.def 2021-06-07 v7.00m Hyperref driver for pdfTeX

(/Library/Application Support/MiKTeX/texmfs/install/tex/latex/base/atveryend-lt
x.sty
Package: atveryend-ltx 2020/08/19 v1.0a Emulation of the original atveryend pac
kage
with kernel methods
)
\Fld@listcount=\count280
\c@bookmark@seq@number=\count281

(/Users/natereynolds/Library/Application Support/MiKTeX/texmfs/install/tex/late
x/rerunfilecheck/rerunfilecheck.sty
Package: rerunfilecheck 2019/12/05 v1.9 Rerun checks for auxiliary files (HO)

(/Users/natereynolds/Library/Application Support/MiKTeX/texmfs/install/tex/gene
ric/uniquecounter/uniquecounter.sty
Package: uniquecounter 2019/12/15 v1.4 Provide unlimited unique counter (HO)
)
Package uniquecounter Info: New unique counter `rerunfilecheck' on input line 2
86.
)
\Hy@SectionHShift=\skip55
)
Package hyperref Info: Option `colorlinks' set `true' on input line 32.

(/Users/natereynolds/Library/Application Support/MiKTeX/texmfs/install/tex/late
x/titling/titling.sty
Package: titling 2009/09/04 v2.1d maketitle typesetting
\thanksmarkwidth=\skip56
\thanksmargin=\skip57
\droptitle=\skip58
)
(/Library/Application Support/MiKTeX/texmfs/install/tex/latex/base/textcomp.sty
Package: textcomp 2020/02/02 v2.0n Standard LaTeX package
)
(/Users/natereynolds/Library/Application Support/MiKTeX/texmfs/install/tex/late
x/datatool/datatool.sty
Package: datatool 2019/09/27 v2.32 (NLCT)

(/Library/Application Support/MiKTeX/texmfs/install/tex/latex/xkeyval/xkeyval.s
ty
Package: xkeyval 2020/11/20 v2.8 package option processing (HA)

(/Library/Application Support/MiKTeX/texmfs/install/tex/generic/xkeyval/xkeyval
.tex
(/Library/Application Support/MiKTeX/texmfs/install/tex/generic/xkeyval/xkvutil
s.tex
\XKV@toks=\toks30
\XKV@tempa@toks=\toks31
)
\XKV@depth=\count282
File: xkeyval.tex 2014/12/03 v2.7a key=value parser (HA)
))
(/Library/Application Support/MiKTeX/texmfs/install/tex/latex/base/ifthen.sty
Package: ifthen 2020/11/24 v1.1c Standard LaTeX ifthen package (DPC)
)
(/Users/natereynolds/Library/Application Support/MiKTeX/texmfs/install/tex/late
x/xfor/xfor.sty
Package: xfor 2009/02/05 v1.05 (NLCT)
)
(/Users/natereynolds/Library/Application Support/MiKTeX/texmfs/install/tex/late
x/substr/substr.sty
Package: substr 2009/10/20 v1.2 Handle substrings
\c@su@anzahl=\count283
)
(/Library/Application Support/MiKTeX/texmfs/install/tex/latex/etoolbox/etoolbox
.sty
Package: etoolbox 2020/10/05 v2.5k e-TeX tools for LaTeX (JAW)
\etb@tempcnta=\count284
)
(/Users/natereynolds/Library/Application Support/MiKTeX/texmfs/install/tex/late
x/datatool/datatool-base.sty
Package: datatool-base 2019/09/27 v2.32 (NLCT)

(/Users/natereynolds/Library/Application Support/MiKTeX/texmfs/install/tex/late
x/datatool/datatool-fp.sty
Package: datatool-fp 2019/09/27 v2.32 (NLCT)

(/Users/natereynolds/Library/Application Support/MiKTeX/texmfs/install/tex/late
x/fp/fp.sty
Package: fp 1995/04/02

`Fixed Point Package', Version 0.8, April 2, 1995 (C) Michael Mehlich
(/Users/natereynolds/Library/Application Support/MiKTeX/texmfs/install/tex/late
x/fp/defpattern.sty
Package: defpattern 1994/10/12
\actioncount=\count285
)
(/Users/natereynolds/Library/Application Support/MiKTeX/texmfs/install/tex/late
x/fp/fp-basic.sty
Package: fp-basic 1996/05/13
\FP@xs=\count286
\FP@xia=\count287
\FP@xib=\count288
\FP@xfa=\count289
\FP@xfb=\count290
\FP@rega=\count291
\FP@regb=\count292
\FP@regs=\count293
\FP@times=\count294
)
(/Users/natereynolds/Library/Application Support/MiKTeX/texmfs/install/tex/late
x/fp/fp-addons.sty
Package: fp-addons 1995/03/15
)
(/Users/natereynolds/Library/Application Support/MiKTeX/texmfs/install/tex/late
x/fp/fp-snap.sty
Package: fp-snap 1995/04/05
)
(/Users/natereynolds/Library/Application Support/MiKTeX/texmfs/install/tex/late
x/fp/fp-exp.sty
Package: fp-exp 1995/04/03
)
(/Users/natereynolds/Library/Application Support/MiKTeX/texmfs/install/tex/late
x/fp/fp-trigo.sty
Package: fp-trigo 1995/04/14
)
(/Users/natereynolds/Library/Application Support/MiKTeX/texmfs/install/tex/late
x/fp/fp-pas.sty
Package: fp-pas 1994/08/29
)
(/Users/natereynolds/Library/Application Support/MiKTeX/texmfs/install/tex/late
x/fp/fp-random.sty
Package: fp-random 1995/02/23
\FPseed=\count295
)
(/Users/natereynolds/Library/Application Support/MiKTeX/texmfs/install/tex/late
x/fp/fp-eqn.sty
Package: fp-eqn 1995/04/03
)
(/Users/natereynolds/Library/Application Support/MiKTeX/texmfs/install/tex/late
x/fp/fp-upn.sty
Package: fp-upn 1996/10/21
)
(/Users/natereynolds/Library/Application Support/MiKTeX/texmfs/install/tex/late
x/fp/fp-eval.sty
Package: fp-eval 1995/04/03
)))
\@dtl@toks=\toks32
\@dtl@tmpcount=\count296
\dtl@tmplength=\skip59
\dtl@sortresult=\count297
\@dtl@numgrpsepcount=\count298
\@dtl@datatype=\count299
\dtl@codeA=\count300
\dtl@codeB=\count301
\@dtl@foreach@level=\count302
)
\dtlcolumnnum=\count303
\dtlrownum=\count304
\@dtl@before=\toks33
\@dtl@after=\toks34
\@dtl@colhead=\toks35
\dtlcurrentrow=\toks36
\dtlbeforerow=\toks37
\dtlafterrow=\toks38
\dtlforeachlevel=\count305
\c@DTLrowi=\count306
\c@DTLrowii=\count307
\c@DTLrowiii=\count308
\c@DTLrow=\count309
\dtl@rowi=\count310
\dtl@rowii=\count311
\dtl@rowiii=\count312
\@dtl@curi=\toks39
\@dtl@previ=\toks40
\@dtl@nexti=\toks41
\@dtl@curii=\toks42
\@dtl@previi=\toks43
\@dtl@nextii=\toks44
\@dtl@curiii=\toks45
\@dtl@previii=\toks46
\@dtl@nextiii=\toks47
\@dtl@elements=\count313
\@dtl@list=\toks48
\@dtl@rowa=\toks49
\@dtl@rowb=\toks50
\@dtl@toksA=\toks51
\@dtl@toksB=\toks52
\@dtl@write=\write3
\@dtl@read=\read2
\dtl@entrycr=\count314
\dtl@omitlines=\count315
)
(/Library/Application Support/MiKTeX/texmfs/install/tex/latex/l3backend/l3backe
nd-pdftex.def
File: l3backend-pdftex.def 2021-12-14 L3 backend support: PDF output (pdfTeX)
\l__color_backend_stack_int=\count316
\l__pdf_internal_box=\box54
) (/Users/natereynolds/Desktop/Grad School Thesis/out/Thesis.aux

LaTeX Warning: Label `item:19' multiply defined.

)
\openout1 = `Thesis.aux'.

LaTeX Font Info:    Checking defaults for OML/cmm/m/it on input line 59.
LaTeX Font Info:    ... okay on input line 59.
LaTeX Font Info:    Checking defaults for OMS/cmsy/m/n on input line 59.
LaTeX Font Info:    ... okay on input line 59.
LaTeX Font Info:    Checking defaults for OT1/cmr/m/n on input line 59.
LaTeX Font Info:    ... okay on input line 59.
LaTeX Font Info:    Checking defaults for T1/cmr/m/n on input line 59.
LaTeX Font Info:    ... okay on input line 59.
LaTeX Font Info:    Checking defaults for TS1/cmr/m/n on input line 59.
LaTeX Font Info:    ... okay on input line 59.
LaTeX Font Info:    Checking defaults for OMX/cmex/m/n on input line 59.
LaTeX Font Info:    ... okay on input line 59.
LaTeX Font Info:    Checking defaults for U/cmr/m/n on input line 59.
LaTeX Font Info:    ... okay on input line 59.
LaTeX Font Info:    Checking defaults for PD1/pdf/m/n on input line 59.
LaTeX Font Info:    ... okay on input line 59.
LaTeX Font Info:    Checking defaults for PU/pdf/m/n on input line 59.
LaTeX Font Info:    ... okay on input line 59.

(/Library/Application Support/MiKTeX/texmfs/install/tex/context/base/mkii/supp-
pdf.mkii
[Loading MPS to PDF converter (version 2006.09.02).]
\scratchcounter=\count317
\scratchdimen=\dimen154
\scratchbox=\box55
\nofMPsegments=\count318
\nofMParguments=\count319
\everyMPshowfont=\toks53
\MPscratchCnt=\count320
\MPscratchDim=\dimen155
\MPnumerator=\count321
\makeMPintoPDFobject=\count322
\everyMPtoPDFconversion=\toks54
)
(/Library/Application Support/MiKTeX/texmfs/install/tex/latex/epstopdf-pkg/epst
opdf-base.sty
Package: epstopdf-base 2020-01-24 v2.11 Base part for package epstopdf
Package epstopdf-base Info: Redefining graphics rule for `.eps' on input line 4
85.

(/Library/Application Support/MiKTeX/texmfs/install/tex/latex/00miktex/epstopdf
-sys.cfg
File: epstopdf-sys.cfg 2021/03/18 v2.0 Configuration of epstopdf for MiKTeX
))
(/Library/Application Support/MiKTeX/texmfs/install/tex/latex/graphics/color.st
y
Package: color 2021/12/07 v1.3c Standard LaTeX Color (DPC)

(/Library/Application Support/MiKTeX/texmfs/install/tex/latex/graphics-cfg/colo
r.cfg
File: color.cfg 2016/01/02 v1.6 sample color configuration
)
Package color Info: Driver file: pdftex.def on input line 149.
)
Package hyperref Info: Link coloring ON on input line 59.

(/Library/Application Support/MiKTeX/texmfs/install/tex/latex/hyperref/nameref.
sty
Package: nameref 2021-04-02 v2.47 Cross-referencing by name of section

(/Users/natereynolds/Library/Application Support/MiKTeX/texmfs/install/tex/late
x/refcount/refcount.sty
Package: refcount 2019/12/15 v3.6 Data extraction from label references (HO)
)
(/Users/natereynolds/Library/Application Support/MiKTeX/texmfs/install/tex/gene
ric/gettitlestring/gettitlestring.sty
Package: gettitlestring 2019/12/15 v1.6 Cleanup title references (HO)
)
\c@section@level=\count323
)
LaTeX Info: Redefining \ref on input line 59.
LaTeX Info: Redefining \pageref on input line 59.
LaTeX Info: Redefining \nameref on input line 59.

(/Users/natereynolds/Desktop/Grad School Thesis/out/Thesis.out)
(/Users/natereynolds/Desktop/Grad School Thesis/out/Thesis.out)
\@outlinefile=\write4
\openout4 = `Thesis.out'.



Thesis.tex:69: LaTeX Error: Can be used only in preamble.

See the LaTeX manual or LaTeX Companion for explanation.
Type  H <return>  for immediate help.
 ...                                              
                                                  
l.69 \begin{document}
                     
Your command was ignored.
Type  I <command> <return>  to replace it with another command,
or  <return>  to continue without it.

LaTeX Font Info:    Trying to load font information for U+msa on input line 71.

(/Library/Application Support/MiKTeX/texmfs/install/tex/latex/amsfonts/umsa.fd
File: umsa.fd 2013/01/14 v3.01 AMS symbols A
)
LaTeX Font Info:    Trying to load font information for U+msb on input line 71.

(/Library/Application Support/MiKTeX/texmfs/install/tex/latex/amsfonts/umsb.fd
File: umsb.fd 2013/01/14 v3.01 AMS symbols B
) [1

{/Users/natereynolds/Library/Application Support/MiKTeX/texmfs/data/fonts/map/p
dftex/pdftex.map}] [2]
pdfTeX warning (ext4): destination with the same identifier (name{page.1}) has 
been already used, duplicate ignored
<to be read again> 
                   \relax 
l.104     \newpage
                   [1]
pdfTeX warning (ext4): destination with the same identifier (name{page.2}) has 
been already used, duplicate ignored
<to be read again> 
                   \relax 
l.113     \newpage
                   [2]
(/Users/natereynolds/Desktop/Grad School Thesis/out/Thesis.toc)
\tf@toc=\write5
\openout5 = `Thesis.toc'.

 [3] [4]

LaTeX Warning: Reference `fig:flow' on page 5 undefined on input line 172.

[5]

Thesis.tex:206: Package amsmath Error: Erroneous nesting of equation structures
;
(amsmath)                trying to recover with `aligned'.

See the amsmath package documentation for explanation.
Type  H <return>  for immediate help.
 ...                                              
                                                  
l.206                         \end{align}
                                         
Try typing  <return>  to proceed.
If that doesn't work, type  X <return>  to quit.

<Plots//Attractor Plots/3D Plots/Lorenz.png, id=201, 722.7pt x 505.89pt>
File: Plots//Attractor Plots/3D Plots/Lorenz.png Graphic file (type png)
<use Plots//Attractor Plots/3D Plots/Lorenz.png>
Package pdftex.def Info: Plots//Attractor Plots/3D Plots/Lorenz.png  used on in
put line 214.
(pdftex.def)             Requested size: 289.07487pt x 202.3524pt.

LaTeX Warning: `h' float specifier changed to `ht'.


Thesis.tex:227: Package amsmath Error: Erroneous nesting of equation structures
;
(amsmath)                trying to recover with `aligned'.

See the amsmath package documentation for explanation.
Type  H <return>  for immediate help.
 ...                                              
                                                  
l.227                         \end{align}
                                         
Try typing  <return>  to proceed.
If that doesn't work, type  X <return>  to quit.

<Plots//Attractor Plots/3D Plots/Rossler.png, id=205, 722.7pt x 505.89pt>
File: Plots//Attractor Plots/3D Plots/Rossler.png Graphic file (type png)
<use Plots//Attractor Plots/3D Plots/Rossler.png>
Package pdftex.def Info: Plots//Attractor Plots/3D Plots/Rossler.png  used on i
nput line 231.
(pdftex.def)             Requested size: 289.07487pt x 202.3524pt.

LaTeX Warning: `h' float specifier changed to `ht'.

[6]

Thesis.tex:250: Package amsmath Error: Erroneous nesting of equation structures
;
(amsmath)                trying to recover with `aligned'.

See the amsmath package documentation for explanation.
Type  H <return>  for immediate help.
 ...                                              
                                                  
l.250                         \end{align}
                                         
Try typing  <return>  to proceed.
If that doesn't work, type  X <return>  to quit.

<Plots//Attractor Plots/3D Plots/Chua.png, id=222, 722.7pt x 505.89pt>
File: Plots//Attractor Plots/3D Plots/Chua.png Graphic file (type png)
<use Plots//Attractor Plots/3D Plots/Chua.png>
Package pdftex.def Info: Plots//Attractor Plots/3D Plots/Chua.png  used on inpu
t line 262.
(pdftex.def)             Requested size: 289.07487pt x 202.3524pt.
[7 <./Plots//Attractor Plots/3D Plots/Lorenz.png>]

LaTeX Warning: `h' float specifier changed to `ht'.


Thesis.tex:280: Package amsmath Error: Erroneous nesting of equation structures
;
(amsmath)                trying to recover with `aligned'.

See the amsmath package documentation for explanation.
Type  H <return>  for immediate help.
 ...                                              
                                                  
l.280                         \end{align}
                                         
Try typing  <return>  to proceed.
If that doesn't work, type  X <return>  to quit.

<Plots//Attractor Plots/3D Plots/Signum.png, id=239, 722.7pt x 505.89pt>
File: Plots//Attractor Plots/3D Plots/Signum.png Graphic file (type png)
<use Plots//Attractor Plots/3D Plots/Signum.png>
Package pdftex.def Info: Plots//Attractor Plots/3D Plots/Signum.png  used on in
put line 284.
(pdftex.def)             Requested size: 289.07487pt x 202.3524pt.

LaTeX Warning: `h' float specifier changed to `ht'.

[8 <./Plots//Attractor Plots/3D Plots/Rossler.png>] [9 <./Plots//Attractor Plot
s/3D Plots/Chua.png>] [10 <./Plots//Attractor Plots/3D Plots/Signum.png>]
Thesis.tex:359: Extra }, or forgotten \endgroup.
l.359 ... the Euclidean norm [\ref{item:1}, pp.17}
                                                  ].
I've deleted a group-closing symbol because it seems to be
spurious, as in `$x}$'. But perhaps the } is legitimate and
you forgot something else, as in `\hbox{$x}'. In such cases
the way to recover is to insert both the forgotten and the
deleted material, e.g., by typing `I$}'.

[11] [12] [13] [14] [15] [16] [17] [18]

Package hyperref Warning: Difference (2) between bookmark levels is greater 
(hyperref)                than one, level fixed on input line 671.

<Plots//Jacobian Error/Lorenz, t=90.png, id=399, 722.7pt x 505.89pt>
File: Plots//Jacobian Error/Lorenz, t=90.png Graphic file (type png)
<use Plots//Jacobian Error/Lorenz, t=90.png>
Package pdftex.def Info: Plots//Jacobian Error/Lorenz, t=90.png  used on input 
line 681.
(pdftex.def)             Requested size: 199.16928pt x 139.41736pt.
<Plots//Jacobian Error/Lorenz 90 0,001.png, id=400, 722.7pt x 505.89pt>
File: Plots//Jacobian Error/Lorenz 90 0,001.png Graphic file (type png)
<use Plots//Jacobian Error/Lorenz 90 0,001.png>
Package pdftex.def Info: Plots//Jacobian Error/Lorenz 90 0,001.png  used on inp
ut line 682.
(pdftex.def)             Requested size: 199.16928pt x 139.41736pt.
<Plots//Jacobian Error/Lorenz, t=1000.png, id=401, 722.7pt x 505.89pt>
File: Plots//Jacobian Error/Lorenz, t=1000.png Graphic file (type png)
<use Plots//Jacobian Error/Lorenz, t=1000.png>
Package pdftex.def Info: Plots//Jacobian Error/Lorenz, t=1000.png  used on inpu
t line 688.
(pdftex.def)             Requested size: 199.16928pt x 139.41736pt.
<Plots//Jacobian Error/Lorenz, dt=0,001.png, id=402, 722.7pt x 505.89pt>
File: Plots//Jacobian Error/Lorenz, dt=0,001.png Graphic file (type png)
<use Plots//Jacobian Error/Lorenz, dt=0,001.png>
Package pdftex.def Info: Plots//Jacobian Error/Lorenz, dt=0,001.png  used on in
put line 689.
(pdftex.def)             Requested size: 199.16928pt x 139.41736pt.

Overfull \hbox (32.3386pt too wide) in paragraph at lines 680--699
 [][] 
 []


Overfull \hbox (0.26537pt too wide) in paragraph at lines 673--701
 [][] \OT1/cmr/m/n/12 The Lorenz equa-tion was tested with sim-u-la-tion length
s $\OML/cmm/m/it/12 t \OT1/cmr/m/n/12 = 90$ and t=1000.
 []


LaTeX Warning: `h' float specifier changed to `ht'.

[19] [20 <./Plots//Jacobian Error/Lorenz, t=90.png> <./Plots//Jacobian Error/Lo
renz 90 0,001.png> <./Plots//Jacobian Error/Lorenz, t=1000.png> <./Plots//Jacob
ian Error/Lorenz, dt=0,001.png>] [21]
\dtldb@list=\toks55
\dtlkeys@list=\toks56
\dtlrows@list=\count324
\dtlcols@list=\count325

Thesis.tex:780: Misplaced alignment tab character &.
\theDesc ->Eckmann, Jean-Pierre &
                                  Kamphorst, Sylvie & Ruelle, D & Ciliberto,...
l.780     \end{sortedlist}
                          
I can't figure out why you would want to use a tab mark
here. If you just want an ampersand, the remedy is
simple: Just type `I\&' now. But if some right brace
up above has ended a previous alignment prematurely,
you're probably due for more error messages, and you
might try typing `S' now just to see what is salvageable.

Thesis.tex:780: Misplaced alignment tab character &.
\theDesc ...ann, Jean-Pierre & Kamphorst, Sylvie &
                                                   Ruelle, D & Ciliberto, Se...
l.780     \end{sortedlist}
                          
I can't figure out why you would want to use a tab mark
here. If you just want an ampersand, the remedy is
simple: Just type `I\&' now. But if some right brace
up above has ended a previous alignment prematurely,
you're probably due for more error messages, and you
might try typing `S' now just to see what is salvageable.

Thesis.tex:780: Misplaced alignment tab character &.
\theDesc ...erre & Kamphorst, Sylvie & Ruelle, D &
                                                   Ciliberto, Sergio. (1987)...
l.780     \end{sortedlist}
                          
I can't figure out why you would want to use a tab mark
here. If you just want an ampersand, the remedy is
simple: Just type `I\&' now. But if some right brace
up above has ended a previous alignment prematurely,
you're probably due for more error messages, and you
might try typing `S' now just to see what is salvageable.


Overfull \hbox (6.1823pt too wide) in paragraph at lines 780--780
\OT1/cmr/m/n/12 ArXiv, arXiv:2002.05909 (2020). [][]$\OT1/cmtt/m/n/12 https : /
 / arxiv . org / abs / 2002 . 05909$[][]
 []

[22]
Thesis.tex:780: Misplaced alignment tab character &.
\theDesc ->Meador, Clyde &
                           Sarra, Scott. (2022). A Comparison of two 4th-Ord...
l.780     \end{sortedlist}
                          
I can't figure out why you would want to use a tab mark
here. If you just want an ampersand, the remedy is
simple: Just type `I\&' now. But if some right brace
up above has ended a previous alignment prematurely,
you're probably due for more error messages, and you
might try typing `S' now just to see what is salvageable.

[23] [24] (/Users/natereynolds/Desktop/Grad School Thesis/out/Thesis.aux)

LaTeX Warning: There were undefined references.


LaTeX Warning: There were multiply-defined labels.

Package rerunfilecheck Info: File `Thesis.out' has not changed.
(rerunfilecheck)             Checksum: 3C73C8733F267B41164BF7E6B90EB126;3805.
 )
(\end occurred inside a group at level 1)

### semi simple group (level 1) entered at line 69 (\begingroup)
### bottom level 
Here is how much of TeX's memory you used:
 12130 strings out of 478660
 195807 string characters out of 2843037
 570788 words of memory out of 3000000
 29843 multiletter control sequences out of 15000+600000
 414675 words of font info for 69 fonts, out of 8000000 for 9000
 1141 hyphenation exceptions out of 8191
 104i,13n,110p,344b,1068s stack positions out of 5000i,500n,10000p,200000b,80000s
 </Users/natereynolds/Library/Application Support/MiKTeX/texmfs
/data/fonts/pk/ljfour/jknappen/ec/dpi600/tcrm1200.pk></Library/Application Supp
ort/MiKTeX/texmfs/install/fonts/type1/public/amsfonts/cm/cmbx12.pfb></Library/A
pplication Support/MiKTeX/texmfs/install/fonts/type1/public/amsfonts/cm/cmex10.
pfb></Library/Application Support/MiKTeX/texmfs/install/fonts/type1/public/amsf
onts/cm/cmmi12.pfb></Library/Application Support/MiKTeX/texmfs/install/fonts/ty
pe1/public/amsfonts/cm/cmmi6.pfb></Library/Application Support/MiKTeX/texmfs/in
stall/fonts/type1/public/amsfonts/cm/cmmi8.pfb></Library/Application Support/Mi
KTeX/texmfs/install/fonts/type1/public/amsfonts/cm/cmr12.pfb></Library/Applicat
ion Support/MiKTeX/texmfs/install/fonts/type1/public/amsfonts/cm/cmr17.pfb></Li
brary/Application Support/MiKTeX/texmfs/install/fonts/type1/public/amsfonts/cm/
cmr6.pfb></Library/Application Support/MiKTeX/texmfs/install/fonts/type1/public
/amsfonts/cm/cmr8.pfb></Library/Application Support/MiKTeX/texmfs/install/fonts
/type1/public/amsfonts/cm/cmsy10.pfb></Library/Application Support/MiKTeX/texmf
s/install/fonts/type1/public/amsfonts/cm/cmsy6.pfb></Library/Application Suppor
t/MiKTeX/texmfs/install/fonts/type1/public/amsfonts/cm/cmsy8.pfb></Library/Appl
ication Support/MiKTeX/texmfs/install/fonts/type1/public/amsfonts/cm/cmti12.pfb
></Library/Application Support/MiKTeX/texmfs/install/fonts/type1/public/amsfont
s/cm/cmtt12.pfb></Library/Application Support/MiKTeX/texmfs/install/fonts/type1
/public/amsfonts/symbols/msbm10.pfb>
Output written on "/Users/natereynolds/Desktop/Grad School Thesis/out/Thesis.pd
f" (26 pages, 801706 bytes).
PDF statistics:
 579 PDF objects out of 1000 (max. 8388607)
 178 named destinations out of 1000 (max. 500000)
 249 words of extra memory for PDF output out of 10000 (max. 10000000)

