\BOOKMARK [1][-]{section.1}{\376\377\000I\000n\000t\000r\000o\000d\000u\000c\000t\000i\000o\000n}{}% 1
\BOOKMARK [2][-]{subsection.1.1}{\376\377\000C\000h\000a\000o\000s}{section.1}% 2
\BOOKMARK [2][-]{subsection.1.2}{\376\377\000D\000y\000n\000a\000m\000i\000c\000a\000l\000\040\000s\000y\000s\000t\000e\000m\000s}{section.1}% 3
\BOOKMARK [3][-]{subsubsection.1.2.1}{\376\377\000T\000h\000e\000\040\000L\000o\000r\000e\000n\000z\000\040\000E\000q\000u\000a\000t\000i\000o\000n\000s}{subsection.1.2}% 4
\BOOKMARK [3][-]{subsubsection.1.2.2}{\376\377\000T\000h\000e\000\040\000R\000o\000s\000s\000l\000e\000r\000\040\000A\000t\000t\000r\000a\000c\000t\000o\000r}{subsection.1.2}% 5
\BOOKMARK [3][-]{subsubsection.1.2.3}{\376\377\000T\000h\000e\000\040\000C\000h\000u\000a\000\040\000C\000i\000r\000c\000u\000i\000t}{subsection.1.2}% 6
\BOOKMARK [3][-]{subsubsection.1.2.4}{\376\377\000T\000h\000e\000\040\000S\000i\000g\000n\000u\000m\000\040\000"\000L\000i\000"\000\040\000S\000w\000i\000t\000c\000h}{subsection.1.2}% 7
\BOOKMARK [2][-]{subsection.1.3}{\376\377\000L\000y\000a\000p\000u\000n\000o\000v\000\040\000E\000x\000p\000o\000n\000e\000n\000t\000s}{section.1}% 8
\BOOKMARK [3][-]{subsubsection.1.3.1}{\376\377\000N\000u\000m\000e\000r\000i\000c\000a\000l\000\040\000M\000e\000t\000h\000o\000d\000s}{subsection.1.3}% 9
\BOOKMARK [2][-]{subsection.1.4}{\376\377\000M\000e\000s\000h\000f\000r\000e\000e\000\040\000S\000c\000a\000t\000t\000e\000r\000e\000d\000\040\000D\000a\000t\000a\000\040\000I\000n\000t\000e\000r\000p\000o\000l\000a\000t\000i\000o\000n}{section.1}% 10
\BOOKMARK [3][-]{subsubsection.1.4.1}{\376\377\000R\000a\000d\000i\000a\000l\000\040\000B\000a\000s\000i\000s\000\040\000F\000u\000n\000c\000t\000i\000o\000n\000s}{subsection.1.4}% 11
\BOOKMARK [1][-]{section.2}{\376\377\000M\000e\000t\000h\000o\000d\000s}{}% 12
\BOOKMARK [2][-]{subsection.2.1}{\376\377\000L\000y\000a\000p\000u\000n\000o\000v\000\040\000E\000x\000p\000o\000n\000e\000n\000t\000\040\000E\000s\000t\000i\000m\000a\000t\000i\000o\000n}{section.2}% 13
\BOOKMARK [3][-]{subsubsection.2.1.1}{\376\377\000Q\000R\000-\000D\000e\000c\000o\000m\000p\000o\000s\000i\000t\000i\000o\000n}{subsection.2.1}% 14
\BOOKMARK [3][-]{subsubsection.2.1.2}{\376\377\000C\000a\000l\000c\000u\000l\000a\000t\000i\000n\000g\000\040\000t\000h\000e\000\040\000J\000a\000c\000o\000b\000i\000a\000n}{subsection.2.1}% 15
\BOOKMARK [2][-]{subsection.2.2}{\376\377\000S\000h\000a\000p\000e\000\040\000P\000a\000r\000a\000m\000e\000t\000e\000r}{section.2}% 16
\BOOKMARK [3][-]{subsubsection.2.2.1}{\376\377\000C\000o\000n\000d\000i\000t\000i\000o\000n\000\040\000N\000u\000m\000b\000e\000r}{subsection.2.2}% 17
\BOOKMARK [3][-]{subsubsection.2.2.2}{\376\377\000T\000r\000i\000a\000l\000\040\000a\000n\000d\000\040\000E\000r\000r\000o\000r}{subsection.2.2}% 18
\BOOKMARK [3][-]{subsubsection.2.2.3}{\376\377\000L\000O\000O\000C\000V\000\040\000"\000D\000r\000o\000p\000-\000O\000n\000e\000"\000\040\000A\000l\000g\000o\000r\000i\000t\000h\000m}{subsection.2.2}% 19
\BOOKMARK [2][-]{subsection.2.3}{\376\377\000F\000i\000l\000l\000\040\000D\000i\000s\000t\000a\000n\000c\000e}{section.2}% 20
\BOOKMARK [1][-]{section.3}{\376\377\000R\000e\000s\000u\000l\000t\000s}{}% 21
\BOOKMARK [2][-]{subsubsection.3.0.1}{\376\377\000L\000o\000r\000e\000n\000z\000\040\000E\000q\000u\000a\000t\000i\000o\000n}{section.3}% 22
\BOOKMARK [3][-]{subsubsection.3.0.2}{\376\377\000R\000o\000s\000s\000l\000e\000r\000\040\000E\000q\000u\000a\000t\000i\000o\000n}{subsubsection.3.0.1}% 23
\BOOKMARK [1][-]{section.4}{\376\377\000D\000i\000s\000c\000u\000s\000s\000i\000o\000n}{}% 24
\BOOKMARK [1][-]{section.5}{\376\377\000C\000o\000n\000c\000l\000u\000s\000i\000o\000n\000s}{}% 25
\BOOKMARK [1][-]{section.6}{\376\377\000A\000p\000p\000e\000n\000d\000i\000x}{}% 26
