This is pdfTeX, Version 3.141592653-2.6-1.40.24 (MiKTeX 21.12.10) (preloaded format=pdflatex 2022.2.21)  6 MAY 2022 11:40
entering extended mode
 restricted \write18 enabled.
 file:line:error style messages enabled.
 %&-line parsing enabled.
**./Thesis.tex
(Thesis.tex
LaTeX2e <2021-11-15> patch level 1
L3 programming layer <2021-11-22> (sdsu-thesis.cls
Document Class: sdsu-thesis 2017/05/08 SDSU-Thesis Class for Mathematics Depart
ment
(/Library/Application Support/MiKTeX/texmfs/install/tex/latex/tools/calc.sty
Package: calc 2017/05/25 v4.3 Infix arithmetic (KKT,FJ)
\calc@Acount=\count183
\calc@Bcount=\count184
\calc@Adimen=\dimen138
\calc@Bdimen=\dimen139
\calc@Askip=\skip47
\calc@Bskip=\skip48
LaTeX Info: Redefining \setlength on input line 80.
LaTeX Info: Redefining \addtolength on input line 81.
\calc@Ccount=\count185
\calc@Cskip=\skip49
)
(/Library/Application Support/MiKTeX/texmfs/install/tex/latex/base/report.cls
Document Class: report 2021/10/04 v1.4n Standard LaTeX document class
(/Library/Application Support/MiKTeX/texmfs/install/tex/latex/base/size12.clo
File: size12.clo 2021/10/04 v1.4n Standard LaTeX file (size option)
)
\c@part=\count186
\c@chapter=\count187
\c@section=\count188
\c@subsection=\count189
\c@subsubsection=\count190
\c@paragraph=\count191
\c@subparagraph=\count192
\c@figure=\count193
\c@table=\count194
\abovecaptionskip=\skip50
\belowcaptionskip=\skip51
\bibindent=\dimen140
)
\c@titlelines=\count195
\c@subsubsubsection=\count196
)
(/Library/Application Support/MiKTeX/texmfs/install/tex/latex/amsmath/amsmath.s
ty
Package: amsmath 2021/10/15 v2.17l AMS math features
\@mathmargin=\skip52

For additional information on amsmath, use the `?' option.

(/Library/Application Support/MiKTeX/texmfs/install/tex/latex/amsmath/amstext.s
ty
Package: amstext 2021/08/26 v2.01 AMS text

(/Library/Application Support/MiKTeX/texmfs/install/tex/latex/amsmath/amsgen.st
y
File: amsgen.sty 1999/11/30 v2.0 generic functions
\@emptytoks=\toks16
\ex@=\dimen141
))
(/Library/Application Support/MiKTeX/texmfs/install/tex/latex/amsmath/amsbsy.st
y
Package: amsbsy 1999/11/29 v1.2d Bold Symbols
\pmbraise@=\dimen142
)
(/Library/Application Support/MiKTeX/texmfs/install/tex/latex/amsmath/amsopn.st
y
Package: amsopn 2021/08/26 v2.02 operator names
)
\inf@bad=\count197
LaTeX Info: Redefining \frac on input line 234.
\uproot@=\count198
\leftroot@=\count199
LaTeX Info: Redefining \overline on input line 399.
\classnum@=\count266
\DOTSCASE@=\count267
LaTeX Info: Redefining \ldots on input line 496.
LaTeX Info: Redefining \dots on input line 499.
LaTeX Info: Redefining \cdots on input line 620.
\Mathstrutbox@=\box50
\strutbox@=\box51
\big@size=\dimen143
LaTeX Font Info:    Redeclaring font encoding OML on input line 743.
LaTeX Font Info:    Redeclaring font encoding OMS on input line 744.
\macc@depth=\count268
\c@MaxMatrixCols=\count269
\dotsspace@=\muskip16
\c@parentequation=\count270
\dspbrk@lvl=\count271
\tag@help=\toks17
\row@=\count272
\column@=\count273
\maxfields@=\count274
\andhelp@=\toks18
\eqnshift@=\dimen144
\alignsep@=\dimen145
\tagshift@=\dimen146
\tagwidth@=\dimen147
\totwidth@=\dimen148
\lineht@=\dimen149
\@envbody=\toks19
\multlinegap=\skip53
\multlinetaggap=\skip54
\mathdisplay@stack=\toks20
LaTeX Info: Redefining \[ on input line 2938.
LaTeX Info: Redefining \] on input line 2939.
)
(/Users/natereynolds/Library/Application Support/MiKTeX/texmfs/install/tex/late
x/amscls/amsthm.sty
Package: amsthm 2020/05/29 v2.20.6
\thm@style=\toks21
\thm@bodyfont=\toks22
\thm@headfont=\toks23
\thm@notefont=\toks24
\thm@headpunct=\toks25
\thm@preskip=\skip55
\thm@postskip=\skip56
\thm@headsep=\skip57
\dth@everypar=\toks26
)
(/Users/natereynolds/Library/Application Support/MiKTeX/texmfs/install/tex/late
x/float/float.sty
Package: float 2001/11/08 v1.3d Float enhancements (AL)
\c@float@type=\count275
\float@exts=\toks27
\float@box=\box52
\@float@everytoks=\toks28
\@floatcapt=\box53
)
(/Library/Application Support/MiKTeX/texmfs/install/tex/latex/tools/longtable.s
ty
Package: longtable 2021-09-01 v4.17 Multi-page Table package (DPC)
\LTleft=\skip58
\LTright=\skip59
\LTpre=\skip60
\LTpost=\skip61
\LTchunksize=\count276
\LTcapwidth=\dimen150
\LT@head=\box54
\LT@firsthead=\box55
\LT@foot=\box56
\LT@lastfoot=\box57
\LT@gbox=\box58
\LT@cols=\count277
\LT@rows=\count278
\c@LT@tables=\count279
\c@LT@chunks=\count280
\LT@p@ftn=\toks29
)
(/Users/natereynolds/Library/Application Support/MiKTeX/texmfs/install/tex/late
x/caption/caption.sty
Package: caption 2022/03/01 v3.6b Customizing captions (AR)

(/Users/natereynolds/Library/Application Support/MiKTeX/texmfs/install/tex/late
x/caption/caption3.sty
Package: caption3 2022/03/17 v2.3b caption3 kernel (AR)

(/Library/Application Support/MiKTeX/texmfs/install/tex/latex/graphics/keyval.s
ty
Package: keyval 2014/10/28 v1.15 key=value parser (DPC)
\KV@toks@=\toks30
)
\caption@tempdima=\dimen151
\captionmargin=\dimen152
\caption@leftmargin=\dimen153
\caption@rightmargin=\dimen154
\caption@width=\dimen155
\caption@indent=\dimen156
\caption@parindent=\dimen157
\caption@hangindent=\dimen158
Package caption Info: Unknown document class (or package),
(caption)             standard defaults will be used.
Package caption Info: \@makecaption = \long macro:#1#2->\vskip \abovecaptionski
p {\ssp \raggedright \bfseries #1. #2\par } \vskip \belowcaptionskip  on input 
line 1176.
)

Package caption Warning: Unknown document class (or package),
(caption)                standard defaults will be used.
See the caption package documentation for explanation.

\c@caption@flags=\count281
\c@continuedfloat=\count282
Package caption Info: float package is loaded.
Package caption Info: longtable package is loaded.

(/Users/natereynolds/Library/Application Support/MiKTeX/texmfs/install/tex/late
x/caption/ltcaption.sty
Package: ltcaption 2021/01/08 v1.4c longtable captions (AR)
))
(/Users/natereynolds/Library/Application Support/MiKTeX/texmfs/install/tex/late
x/ulem/ulem.sty
\UL@box=\box59
\UL@hyphenbox=\box60
\UL@skip=\skip62
\UL@hook=\toks31
\UL@height=\dimen159
\UL@pe=\count283
\UL@pixel=\dimen160
\ULC@box=\box61
Package: ulem 2019/11/18
\ULdepth=\dimen161
)
(/Library/Application Support/MiKTeX/texmfs/install/tex/latex/ragged2e/ragged2e
.sty
Package: ragged2e 2021/12/15 v3.1 ragged2e Package


LaTeX Warning: Command \@arrayparboxrestore  has changed.
               Check if current package is valid.


(/Users/natereynolds/Library/Application Support/MiKTeX/texmfs/install/tex/late
x/footmisc/footmisc.sty
Package: footmisc 2022/03/08 v6.0d a miscellany of footnote facilities
\FN@temptoken=\toks32
\footnotemargin=\dimen162
\@outputbox@depth=\dimen163
Package footmisc Info: Declaring symbol style bringhurst on input line 695.
Package footmisc Info: Declaring symbol style chicago on input line 703.
Package footmisc Info: Declaring symbol style wiley on input line 712.
Package footmisc Info: Declaring symbol style lamport-robust on input line 723.

Package footmisc Info: Declaring symbol style lamport* on input line 743.
Package footmisc Info: Declaring symbol style lamport*-robust on input line 764
.
)
\CenteringLeftskip=\skip63
\RaggedLeftLeftskip=\skip64
\RaggedRightLeftskip=\skip65
\CenteringRightskip=\skip66
\RaggedLeftRightskip=\skip67
\RaggedRightRightskip=\skip68
\CenteringParfillskip=\skip69
\RaggedLeftParfillskip=\skip70
\RaggedRightParfillskip=\skip71
\JustifyingParfillskip=\skip72
\CenteringParindent=\skip73
\RaggedLeftParindent=\skip74
\RaggedRightParindent=\skip75
\JustifyingParindent=\skip76
)

Package amsthm Warning: Unknown theoremstyle `theorem' on input line 16.

\c@theorem=\count284

(/Library/Application Support/MiKTeX/texmfs/install/tex/latex/amsfonts/amsfonts
.sty
Package: amsfonts 2013/01/14 v3.01 Basic AMSFonts support
\symAMSa=\mathgroup4
\symAMSb=\mathgroup5
LaTeX Font Info:    Redeclaring math symbol \hbar on input line 98.
LaTeX Font Info:    Overwriting math alphabet `\mathfrak' in version `bold'
(Font)                  U/euf/m/n --> U/euf/b/n on input line 106.
)
(/Library/Application Support/MiKTeX/texmfs/install/tex/latex/graphics/graphicx
.sty
Package: graphicx 2021/09/16 v1.2d Enhanced LaTeX Graphics (DPC,SPQR)

(/Library/Application Support/MiKTeX/texmfs/install/tex/latex/graphics/graphics
.sty
Package: graphics 2021/03/04 v1.4d Standard LaTeX Graphics (DPC,SPQR)

(/Library/Application Support/MiKTeX/texmfs/install/tex/latex/graphics/trig.sty
Package: trig 2021/08/11 v1.11 sin cos tan (DPC)
)
(/Library/Application Support/MiKTeX/texmfs/install/tex/latex/graphics-cfg/grap
hics.cfg
File: graphics.cfg 2016/06/04 v1.11 sample graphics configuration
)
Package graphics Info: Driver file: pdftex.def on input line 107.

(/Library/Application Support/MiKTeX/texmfs/install/tex/latex/graphics-def/pdft
ex.def
File: pdftex.def 2020/10/05 v1.2a Graphics/color driver for pdftex
))
\Gin@req@height=\dimen164
\Gin@req@width=\dimen165
)
(/Library/Application Support/MiKTeX/texmfs/install/tex/latex/hyperref/hyperref
.sty
Package: hyperref 2021-06-07 v7.00m Hypertext links for LaTeX

(/Users/natereynolds/Library/Application Support/MiKTeX/texmfs/install/tex/gene
ric/ltxcmds/ltxcmds.sty
Package: ltxcmds 2020-05-10 v1.25 LaTeX kernel commands for general use (HO)
)
(/Library/Application Support/MiKTeX/texmfs/install/tex/generic/iftex/iftex.sty
Package: iftex 2020/03/06 v1.0d TeX engine tests
)
(/Library/Application Support/MiKTeX/texmfs/install/tex/generic/pdftexcmds/pdft
excmds.sty
Package: pdftexcmds 2020-06-27 v0.33 Utility functions of pdfTeX for LuaTeX (HO
)

(/Users/natereynolds/Library/Application Support/MiKTeX/texmfs/install/tex/gene
ric/infwarerr/infwarerr.sty
Package: infwarerr 2019/12/03 v1.5 Providing info/warning/error messages (HO)
)
Package pdftexcmds Info: \pdf@primitive is available.
Package pdftexcmds Info: \pdf@ifprimitive is available.
Package pdftexcmds Info: \pdfdraftmode found.
)
(/Users/natereynolds/Library/Application Support/MiKTeX/texmfs/install/tex/gene
ric/kvsetkeys/kvsetkeys.sty
Package: kvsetkeys 2019/12/15 v1.18 Key value parser (HO)
)
(/Users/natereynolds/Library/Application Support/MiKTeX/texmfs/install/tex/gene
ric/kvdefinekeys/kvdefinekeys.sty
Package: kvdefinekeys 2019-12-19 v1.6 Define keys (HO)
)
(/Users/natereynolds/Library/Application Support/MiKTeX/texmfs/install/tex/gene
ric/pdfescape/pdfescape.sty
Package: pdfescape 2019/12/09 v1.15 Implements pdfTeX's escape features (HO)
)
(/Users/natereynolds/Library/Application Support/MiKTeX/texmfs/install/tex/late
x/hycolor/hycolor.sty
Package: hycolor 2020-01-27 v1.10 Color options for hyperref/bookmark (HO)
)
(/Users/natereynolds/Library/Application Support/MiKTeX/texmfs/install/tex/late
x/letltxmacro/letltxmacro.sty
Package: letltxmacro 2019/12/03 v1.6 Let assignment for LaTeX macros (HO)
)
(/Users/natereynolds/Library/Application Support/MiKTeX/texmfs/install/tex/late
x/auxhook/auxhook.sty
Package: auxhook 2019-12-17 v1.6 Hooks for auxiliary files (HO)
)
(/Users/natereynolds/Library/Application Support/MiKTeX/texmfs/install/tex/late
x/kvoptions/kvoptions.sty
Package: kvoptions 2020-10-07 v3.14 Key value format for package options (HO)
)
\@linkdim=\dimen166
\Hy@linkcounter=\count285
\Hy@pagecounter=\count286

(/Library/Application Support/MiKTeX/texmfs/install/tex/latex/hyperref/pd1enc.d
ef
File: pd1enc.def 2021-06-07 v7.00m Hyperref: PDFDocEncoding definition (HO)
Now handling font encoding PD1 ...
... no UTF-8 mapping file for font encoding PD1
)
(/Library/Application Support/MiKTeX/texmfs/install/tex/latex/hyperref/hyperref
-langpatches.def
File: hyperref-langpatches.def 2021-06-07 v7.00m Hyperref: patches for babel la
nguages
)
(/Users/natereynolds/Library/Application Support/MiKTeX/texmfs/install/tex/gene
ric/intcalc/intcalc.sty
Package: intcalc 2019/12/15 v1.3 Expandable calculations with integers (HO)
)
(/Users/natereynolds/Library/Application Support/MiKTeX/texmfs/install/tex/gene
ric/etexcmds/etexcmds.sty
Package: etexcmds 2019/12/15 v1.7 Avoid name clashes with e-TeX commands (HO)
)
\Hy@SavedSpaceFactor=\count287

(/Library/Application Support/MiKTeX/texmfs/install/tex/latex/hyperref/puenc.de
f
File: puenc.def 2021-06-07 v7.00m Hyperref: PDF Unicode definition (HO)
Now handling font encoding PU ...
... no UTF-8 mapping file for font encoding PU
)
Package hyperref Info: Hyper figures OFF on input line 4192.
Package hyperref Info: Link nesting OFF on input line 4197.
Package hyperref Info: Hyper index ON on input line 4200.
Package hyperref Info: Plain pages OFF on input line 4207.
Package hyperref Info: Backreferencing OFF on input line 4212.
Package hyperref Info: Implicit mode ON; LaTeX internals redefined.
Package hyperref Info: Bookmarks ON on input line 4445.
\c@Hy@tempcnt=\count288
 (/Library/Application Support/MiKTeX/texmfs/install/tex/latex/url/url.sty
\Urlmuskip=\muskip17
Package: url 2013/09/16  ver 3.4  Verb mode for urls, etc.
)
LaTeX Info: Redefining \url on input line 4804.
\XeTeXLinkMargin=\dimen167

(/Users/natereynolds/Library/Application Support/MiKTeX/texmfs/install/tex/gene
ric/bitset/bitset.sty
Package: bitset 2019/12/09 v1.3 Handle bit-vector datatype (HO)

(/Users/natereynolds/Library/Application Support/MiKTeX/texmfs/install/tex/gene
ric/bigintcalc/bigintcalc.sty
Package: bigintcalc 2019/12/15 v1.5 Expandable calculations on big integers (HO
)
))
\Fld@menulength=\count289
\Field@Width=\dimen168
\Fld@charsize=\dimen169
Package hyperref Info: Hyper figures OFF on input line 6076.
Package hyperref Info: Link nesting OFF on input line 6081.
Package hyperref Info: Hyper index ON on input line 6084.
Package hyperref Info: backreferencing OFF on input line 6091.
Package hyperref Info: Link coloring OFF on input line 6096.
Package hyperref Info: Link coloring with OCG OFF on input line 6101.
Package hyperref Info: PDF/A mode OFF on input line 6106.
LaTeX Info: Redefining \ref on input line 6146.
LaTeX Info: Redefining \pageref on input line 6150.

(/Library/Application Support/MiKTeX/texmfs/install/tex/latex/base/atbegshi-ltx
.sty
Package: atbegshi-ltx 2021/01/10 v1.0c Emulation of the original atbegshi
package with kernel methods
)
\Hy@abspage=\count290
\c@Item=\count291
\c@Hfootnote=\count292
)
Package hyperref Info: Driver (autodetected): hpdftex.

(/Library/Application Support/MiKTeX/texmfs/install/tex/latex/hyperref/hpdftex.
def
File: hpdftex.def 2021-06-07 v7.00m Hyperref driver for pdfTeX

(/Library/Application Support/MiKTeX/texmfs/install/tex/latex/base/atveryend-lt
x.sty
Package: atveryend-ltx 2020/08/19 v1.0a Emulation of the original atveryend pac
kage
with kernel methods
)
\Fld@listcount=\count293
\c@bookmark@seq@number=\count294

(/Users/natereynolds/Library/Application Support/MiKTeX/texmfs/install/tex/late
x/rerunfilecheck/rerunfilecheck.sty
Package: rerunfilecheck 2019/12/05 v1.9 Rerun checks for auxiliary files (HO)

(/Users/natereynolds/Library/Application Support/MiKTeX/texmfs/install/tex/gene
ric/uniquecounter/uniquecounter.sty
Package: uniquecounter 2019/12/15 v1.4 Provide unlimited unique counter (HO)
)
Package uniquecounter Info: New unique counter `rerunfilecheck' on input line 2
86.
)
\Hy@SectionHShift=\skip77
)
Package hyperref Info: Option `colorlinks' set `true' on input line 45.

(/Library/Application Support/MiKTeX/texmfs/install/tex/latex/l3backend/l3backe
nd-pdftex.def
File: l3backend-pdftex.def 2021-12-14 L3 backend support: PDF output (pdfTeX)
\l__color_backend_stack_int=\count295
\l__pdf_internal_box=\box62
) (Thesis.aux)
\openout1 = `Thesis.aux'.

LaTeX Font Info:    Checking defaults for OML/cmm/m/it on input line 171.
LaTeX Font Info:    ... okay on input line 171.
LaTeX Font Info:    Checking defaults for OMS/cmsy/m/n on input line 171.
LaTeX Font Info:    ... okay on input line 171.
LaTeX Font Info:    Checking defaults for OT1/cmr/m/n on input line 171.
LaTeX Font Info:    ... okay on input line 171.
LaTeX Font Info:    Checking defaults for T1/cmr/m/n on input line 171.
LaTeX Font Info:    ... okay on input line 171.
LaTeX Font Info:    Checking defaults for TS1/cmr/m/n on input line 171.
LaTeX Font Info:    ... okay on input line 171.
LaTeX Font Info:    Checking defaults for OMX/cmex/m/n on input line 171.
LaTeX Font Info:    ... okay on input line 171.
LaTeX Font Info:    Checking defaults for U/cmr/m/n on input line 171.
LaTeX Font Info:    ... okay on input line 171.
LaTeX Font Info:    Checking defaults for PD1/pdf/m/n on input line 171.
LaTeX Font Info:    ... okay on input line 171.
LaTeX Font Info:    Checking defaults for PU/pdf/m/n on input line 171.
LaTeX Font Info:    ... okay on input line 171.

Note: longtable package detected, redefining the caption printing
Package caption Info: Begin \AtBeginDocument code.
Package caption Info: hyperref package is loaded.
Package caption Info: End \AtBeginDocument code.
Package ragged2e Info: ABD: executing \RaggedRight on input line 171.

(/Library/Application Support/MiKTeX/texmfs/install/tex/context/base/mkii/supp-
pdf.mkii
[Loading MPS to PDF converter (version 2006.09.02).]
\scratchcounter=\count296
\scratchdimen=\dimen170
\scratchbox=\box63
\nofMPsegments=\count297
\nofMParguments=\count298
\everyMPshowfont=\toks33
\MPscratchCnt=\count299
\MPscratchDim=\dimen171
\MPnumerator=\count300
\makeMPintoPDFobject=\count301
\everyMPtoPDFconversion=\toks34
)
(/Library/Application Support/MiKTeX/texmfs/install/tex/latex/epstopdf-pkg/epst
opdf-base.sty
Package: epstopdf-base 2020-01-24 v2.11 Base part for package epstopdf
Package epstopdf-base Info: Redefining graphics rule for `.eps' on input line 4
85.

(/Library/Application Support/MiKTeX/texmfs/install/tex/latex/00miktex/epstopdf
-sys.cfg
File: epstopdf-sys.cfg 2021/03/18 v2.0 Configuration of epstopdf for MiKTeX
))
(/Library/Application Support/MiKTeX/texmfs/install/tex/latex/graphics/color.st
y
Package: color 2021/12/07 v1.3c Standard LaTeX Color (DPC)

(/Library/Application Support/MiKTeX/texmfs/install/tex/latex/graphics-cfg/colo
r.cfg
File: color.cfg 2016/01/02 v1.6 sample color configuration
)
Package color Info: Driver file: pdftex.def on input line 149.
)
Package hyperref Info: Link coloring ON on input line 171.

(/Library/Application Support/MiKTeX/texmfs/install/tex/latex/hyperref/nameref.
sty
Package: nameref 2021-04-02 v2.47 Cross-referencing by name of section

(/Users/natereynolds/Library/Application Support/MiKTeX/texmfs/install/tex/late
x/refcount/refcount.sty
Package: refcount 2019/12/15 v3.6 Data extraction from label references (HO)
)
(/Users/natereynolds/Library/Application Support/MiKTeX/texmfs/install/tex/gene
ric/gettitlestring/gettitlestring.sty
Package: gettitlestring 2019/12/15 v1.6 Cleanup title references (HO)
)
\c@section@level=\count302
)
LaTeX Info: Redefining \ref on input line 171.
LaTeX Info: Redefining \pageref on input line 171.
LaTeX Info: Redefining \nameref on input line 171.
 (Thesis.out) (Thesis.out)
\@outlinefile=\write3
\openout3 = `Thesis.out'.

 [1


{/Users/natereynolds/Library/Application Support/MiKTeX/texmfs/data/fonts/map/p
dftex/pdftex.map}] [2] [3] [4

]
Underfull \hbox (badness 10000) in paragraph at lines 197--198

 []

[5]

Package hyperref Warning: bookmark level for unknown schapter defaults to 0.

(abstract.tex
LaTeX Font Info:    Trying to load font information for U+msa on input line 15.


(/Library/Application Support/MiKTeX/texmfs/install/tex/latex/amsfonts/umsa.fd
File: umsa.fd 2013/01/14 v3.01 AMS symbols A
)
LaTeX Font Info:    Trying to load font information for U+msb on input line 15.

(/Library/Application Support/MiKTeX/texmfs/install/tex/latex/amsfonts/umsb.fd
File: umsb.fd 2013/01/14 v3.01 AMS symbols B
)) [6

] (Thesis.toc [7

])
\tf@toc=\write4
\openout4 = `Thesis.toc'.

 [8] (Thesis.lot)
\tf@lot=\write5
\openout5 = `Thesis.lot'.

 [9

] (Thesis.lof)
\tf@lof=\write6
\openout6 = `Thesis.lof'.

 [10

] [11

] (body.tex

Package hyperref Warning: bookmark level for unknown chaphd defaults to 0.

CHAPTER 1.

LaTeX Font Warning: Font shape `OT1/cmr/bx/sc' undefined
(Font)              using `OT1/cmr/bx/n' instead on input line 12.


Underfull \hbox (badness 10000) in paragraph at lines 17--23

 []


Underfull \hbox (badness 10000) in paragraph at lines 24--29

 []


Underfull \hbox (badness 10000) in paragraph at lines 30--40

 []


Underfull \hbox (badness 10000) in paragraph at lines 41--47

 []

[1

]
 Section 1.1.

Underfull \hbox (badness 10000) in paragraph at lines 50--58

 []


Underfull \hbox (badness 10000) in paragraph at lines 59--66

 []


Underfull \hbox (badness 10000) in paragraph at lines 67--73

 []

 Subsection 1.1.1.
[2]

body.tex:90: Package amsmath Error: Erroneous nesting of equation structures;
(amsmath)                trying to recover with `aligned'.

See the amsmath package documentation for explanation.
Type  H <return>  for immediate help.
 ...                                              
                                                  
l.90               \end{align}
                              
Try typing  <return>  to proceed.
If that doesn't work, type  X <return>  to quit.


Underfull \hbox (badness 10000) in paragraph at lines 93--97

 []

 Subsection 1.1.2.

body.tex:107: Package amsmath Error: Erroneous nesting of equation structures;
(amsmath)                trying to recover with `aligned'.

See the amsmath package documentation for explanation.
Type  H <return>  for immediate help.
 ...                                              
                                                  
l.107               \end{align}
                               
Try typing  <return>  to proceed.
If that doesn't work, type  X <return>  to quit.


Underfull \hbox (badness 10000) in paragraph at lines 110--112

 []

 Subsection 1.1.3.
[3]

body.tex:126: Package amsmath Error: Erroneous nesting of equation structures;
(amsmath)                trying to recover with `aligned'.

See the amsmath package documentation for explanation.
Type  H <return>  for immediate help.
 ...                                              
                                                  
l.126               \end{align}
                               
Try typing  <return>  to proceed.
If that doesn't work, type  X <return>  to quit.


Underfull \hbox (badness 10000) in paragraph at lines 137--142

 []

 Subsection 1.1.4.

body.tex:152: Package amsmath Error: Erroneous nesting of equation structures;
(amsmath)                trying to recover with `aligned'.

See the amsmath package documentation for explanation.
Type  H <return>  for immediate help.
 ...                                              
                                                  
l.152               \end{align}
                               
Try typing  <return>  to proceed.
If that doesn't work, type  X <return>  to quit.


Underfull \hbox (badness 10000) in paragraph at lines 155--161

 []

<Plots//Attractor Plots/3D Plots/Lorenz.png, id=319, 722.7pt x 505.89pt>
File: Plots//Attractor Plots/3D Plots/Lorenz.png Graphic file (type png)
<use Plots//Attractor Plots/3D Plots/Lorenz.png>
Package pdftex.def Info: Plots//Attractor Plots/3D Plots/Lorenz.png  used on in
put line 165.
(pdftex.def)             Requested size: 227.62204pt x 159.33302pt.
<Plots//Attractor Plots/3D Plots/Rossler.png, id=321, 722.7pt x 505.89pt>
File: Plots//Attractor Plots/3D Plots/Rossler.png Graphic file (type png)
<use Plots//Attractor Plots/3D Plots/Rossler.png>
Package pdftex.def Info: Plots//Attractor Plots/3D Plots/Rossler.png  used on i
nput line 166.
(pdftex.def)             Requested size: 227.62204pt x 159.33302pt.
<Plots//Attractor Plots/3D Plots/Chua.png, id=322, 722.7pt x 505.89pt>
File: Plots//Attractor Plots/3D Plots/Chua.png Graphic file (type png)
<use Plots//Attractor Plots/3D Plots/Chua.png>
Package pdftex.def Info: Plots//Attractor Plots/3D Plots/Chua.png  used on inpu
t line 168.
(pdftex.def)             Requested size: 227.62204pt x 159.33302pt.
<Plots//Attractor Plots/3D Plots/Signum.png, id=323, 722.7pt x 505.89pt>
File: Plots//Attractor Plots/3D Plots/Signum.png Graphic file (type png)
<use Plots//Attractor Plots/3D Plots/Signum.png>
Package pdftex.def Info: Plots//Attractor Plots/3D Plots/Signum.png  used on in
put line 169.
(pdftex.def)             Requested size: 227.62204pt x 159.33302pt.

Overfull \hbox (27.55661pt too wide) in paragraph at lines 164--173
 [][] 
 []

[4]

body.tex:176: LaTeX Error: Something's wrong--perhaps a missing \item.

See the LaTeX manual or LaTeX Companion for explanation.
Type  H <return>  for immediate help.
 ...                                              
                                                  
l.176 `\section
               {Chaos}
Try typing  <return>  to proceed.
If that doesn't work, type  X <return>  to quit.

 Section 1.2.

Underfull \hbox (badness 10000) in paragraph at lines 179--185

 []

[5 <./Plots//Attractor Plots/3D Plots/Lorenz.png> <./Plots//Attractor Plots/3D 
Plots/Rossler.png> <./Plots//Attractor Plots/3D Plots/Chua.png> <./Plots//Attra
ctor Plots/3D Plots/Signum.png>]
pdfTeX warning (ext4): destination with the same identifier (name{enumi.0}) has
 been already used, duplicate ignored
<to be read again> 
                   \relax 
l.193             \item T
                         he system exhibits \textbf{sensitive dependence on ...

Underfull \hbox (badness 10000) in paragraph at lines 193--195

 []

 Section 1.3.

Underfull \hbox (badness 10000) in paragraph at lines 223--224

 []


Underfull \hbox (badness 10000) in paragraph at lines 225--228

 []

[6
pdfTeX warning (ext4): destination with the same identifier (name{enumi.0}) has
 been already used, duplicate ignored
<argument> ...shipout:D \box_use:N \l_shipout_box 
                                                  \__shipout_drop_firstpage_...
l.236         \end{remark}
                          ]
Underfull \hbox (badness 10000) in paragraph at lines 240--249

 []

 Section 1.4.

Underfull \hbox (badness 10000) in paragraph at lines 252--258

 []

[7]
body.tex:281: Missing } inserted.
<inserted text> 
                }
l.281                   \end{equation*}
                                       
I've inserted something that you may have forgotten.
(See the <inserted text> above.)
With luck, this will get me unwedged. But if you
really didn't forget anything, try typing `2' now; then
my insertion and my current dilemma will both disappear.

body.tex:282: Extra }, or forgotten \endgroup.
l.282 ...he Euclidean norm (\cite{item:1}, pp.17)}
                                                  .
I've deleted a group-closing symbol because it seems to be
spurious, as in `$x}$'. But perhaps the } is legitimate and
you forgot something else, as in `\hbox{$x}'. In such cases
the way to recover is to insert both the forgotten and the
deleted material, e.g., by typing `I$}'.

[8] [9]
CHAPTER 2.

Underfull \hbox (badness 10000) in paragraph at lines 331--339

 []

 Section 2.1.
 Subsection 2.1.1.

Underfull \hbox (badness 10000) in paragraph at lines 343--351

 []


Underfull \hbox (badness 10000) in paragraph at lines 352--357

 []

[10

]

body.tex:378: LaTeX Error: Something's wrong--perhaps a missing \item.

See the LaTeX manual or LaTeX Companion for explanation.
Type  H <return>  for immediate help.
 ...                                              
                                                  
l.378         \subsection
                         {Computing Lyapunov exponents from data}
Try typing  <return>  to proceed.
If that doesn't work, type  X <return>  to quit.

 Subsection 2.1.2.

Underfull \hbox (badness 10000) in paragraph at lines 380--385

 []


pdfTeX warning (ext4): destination with the same identifier (name{enumi.0}) has
 been already used, duplicate ignored
<to be read again> 
                   \relax 
l.392                     \item {
                                 Use of a KD-tree algorithm. We find a list ...

pdfTeX warning (ext4): destination with the same identifier (name{enumi.0}) has
 been already used, duplicate ignored
<to be read again> 
                   \relax 
l.397                     \item {
                                 We follow each nearest neighbor one time st...
body.tex:398: Extra }, or forgotten $.
l.398 ... $\mathbf{y}_{l,j}^{n,+}=\phi_{\delta t}}
                                                  (\mathbf{y}_{l,j}^n)$
I've deleted a group-closing symbol because it seems to be
spurious, as in `$x}$'. But perhaps the } is legitimate and
you forgot something else, as in `\hbox{$x}'. In such cases
the way to recover is to insert both the forgotten and the
deleted material, e.g., by typing `I$}'.

body.tex:399: Extra }, or forgotten $.
l.399 ...$\mathbf{y}_{l,j}^{n,-}=\phi_{-\delta t}}
                                                  (\mathbf{y}_{l,j}^n)$}
I've deleted a group-closing symbol because it seems to be
spurious, as in `$x}$'. But perhaps the } is legitimate and
you forgot something else, as in `\hbox{$x}'. In such cases
the way to recover is to insert both the forgotten and the
deleted material, e.g., by typing `I$}'.

[11]
pdfTeX warning (ext4): destination with the same identifier (name{enumi.0}) has
 been already used, duplicate ignored
<to be read again> 
                   \relax 
l.400                     \item {
                                 Using second-order centered-finite differen...

Underfull \hbox (badness 10000) in paragraph at lines 405--406

 []

 Subsection 2.1.3.

Underfull \hbox (badness 10000) in paragraph at lines 425--426

 []


Underfull \hbox (badness 10000) in paragraph at lines 427--432

 []

[12]
body.tex:439: Extra }, or forgotten $.
l.439 ...hbf{y})\vert_{\mathbf{y}=\mathbf{y}_{j}}}
                                                  $ by finding gradients
I've deleted a group-closing symbol because it seems to be
spurious, as in `$x}$'. But perhaps the } is legitimate and
you forgot something else, as in `\hbox{$x}'. In such cases
the way to recover is to insert both the forgotten and the
deleted material, e.g., by typing `I$}'.

body.tex:441: Extra }, or forgotten $.
l.441 ...hbf{y})\vert_{\mathbf{y}=\mathbf{y}_{j}}}
                                                  =\sum\limits_{l=1}^{N_{nb}...
I've deleted a group-closing symbol because it seems to be
spurious, as in `$x}$'. But perhaps the } is legitimate and
you forgot something else, as in `\hbox{$x}'. In such cases
the way to recover is to insert both the forgotten and the
deleted material, e.g., by typing `I$}'.


Underfull \hbox (badness 10000) in paragraph at lines 442--445

 []

 Section 2.2.

Underfull \hbox (badness 10000) in paragraph at lines 449--454

 []


Underfull \hbox (badness 10000) in paragraph at lines 457--461

 []

 Subsection 2.2.1.

Underfull \hbox (badness 10000) in paragraph at lines 464--472

 []

[13]
<Plots//Condition Number Plots/lorenz gaussian.png, id=445, 722.7pt x 505.89pt>

File: Plots//Condition Number Plots/lorenz gaussian.png Graphic file (type png)

<use Plots//Condition Number Plots/lorenz gaussian.png>
Package pdftex.def Info: Plots//Condition Number Plots/lorenz gaussian.png  use
d on input line 485.
(pdftex.def)             Requested size: 184.9429pt x 129.45953pt.
<Plots//Shape Parameter/Lorenz, t=90.png, id=446, 722.7pt x 505.89pt>
File: Plots//Shape Parameter/Lorenz, t=90.png Graphic file (type png)
<use Plots//Shape Parameter/Lorenz, t=90.png>
Package pdftex.def Info: Plots//Shape Parameter/Lorenz, t=90.png  used on input
 line 486.
(pdftex.def)             Requested size: 184.9429pt x 129.45953pt.

pdfTeX warning (ext4): destination with the same identifier (name{enumi.0}) has
 been already used, duplicate ignored
<to be read again> 
                   \relax 
l.495                     \item \textbf
                                       {Accuracy vs. Stability}. The standar...

pdfTeX warning (ext4): destination with the same identifier (name{enumi.0}) has
 been already used, duplicate ignored
<to be read again> 
                   \relax 
l.499                     \item \textbf
                                       {Accuracy and Stability vs. Problem S...

pdfTeX warning (ext4): destination with the same identifier (name{enumi.0}) has
 been already used, duplicate ignored
<to be read again> 
                   \relax 
l.504                     \item \textbf
                                       {Accuracy vs. Efficiency}. This trade...

Underfull \hbox (badness 10000) in paragraph at lines 507--509

 []

[14 <./Plots//Condition Number Plots/lorenz gaussian.png> <./Plots//Shape Param
eter/Lorenz, t=90.png>]
 Subsection 2.2.2.

Underfull \hbox (badness 10000) in paragraph at lines 512--518

 []


Underfull \hbox (badness 10000) in paragraph at lines 520--524

 []

 Subsection 2.2.3.

Underfull \hbox (badness 10000) in paragraph at lines 527--533

 []

[15]
Underfull \hbox (badness 10000) in paragraph at lines 547--555

 []


Underfull \hbox (badness 10000) in paragraph at lines 556--560

 []

 Section 2.3.

Underfull \hbox (badness 10000) in paragraph at lines 569--577

 []

[16]
CHAPTER 3.

Underfull \hbox (badness 10000) in paragraph at lines 581--589

 []


Underfull \hbox (badness 10000) in paragraph at lines 590--598

 []


Underfull \hbox (badness 10000) in paragraph at lines 599--642

 []

 Section 3.1.
[17

]
<Plots//Jacobian Error/Lorenz, t=90.png, id=493, 722.7pt x 505.89pt>
File: Plots//Jacobian Error/Lorenz, t=90.png Graphic file (type png)
<use Plots//Jacobian Error/Lorenz, t=90.png>
Package pdftex.def Info: Plots//Jacobian Error/Lorenz, t=90.png  used on input 
line 660.
(pdftex.def)             Requested size: 184.9429pt x 129.45953pt.
<Plots//Jacobian Error/Lorenz, t=90 dt=0,001.png, id=494, 722.7pt x 505.89pt>
File: Plots//Jacobian Error/Lorenz, t=90 dt=0,001.png Graphic file (type png)
<use Plots//Jacobian Error/Lorenz, t=90 dt=0,001.png>
Package pdftex.def Info: Plots//Jacobian Error/Lorenz, t=90 dt=0,001.png  used 
on input line 661.
(pdftex.def)             Requested size: 184.9429pt x 129.45953pt.
<Plots//Jacobian Error/Lorenz, t=1000.png, id=495, 722.7pt x 505.89pt>
File: Plots//Jacobian Error/Lorenz, t=1000.png Graphic file (type png)
<use Plots//Jacobian Error/Lorenz, t=1000.png>
Package pdftex.def Info: Plots//Jacobian Error/Lorenz, t=1000.png  used on inpu
t line 663.
(pdftex.def)             Requested size: 184.9429pt x 129.45953pt.
<Plots//Jacobian Error/Lorenz, dt=0,001.png, id=496, 722.7pt x 505.89pt>
File: Plots//Jacobian Error/Lorenz, dt=0,001.png Graphic file (type png)
<use Plots//Jacobian Error/Lorenz, dt=0,001.png>
Package pdftex.def Info: Plots//Jacobian Error/Lorenz, dt=0,001.png  used on in
put line 664.
(pdftex.def)             Requested size: 184.9429pt x 129.45953pt.

Underfull \hbox (badness 10000) in paragraph at lines 650--668

 []

File: Plots//Shape Parameter/Lorenz, t=90.png Graphic file (type png)
<use Plots//Shape Parameter/Lorenz, t=90.png>
Package pdftex.def Info: Plots//Shape Parameter/Lorenz, t=90.png  used on input
 line 672.
(pdftex.def)             Requested size: 184.9429pt x 129.45953pt.
<Plots//Shape Parameter/Lorenz, t=90 dt=0,001.png, id=497, 722.7pt x 505.89pt>
File: Plots//Shape Parameter/Lorenz, t=90 dt=0,001.png Graphic file (type png)
<use Plots//Shape Parameter/Lorenz, t=90 dt=0,001.png>
Package pdftex.def Info: Plots//Shape Parameter/Lorenz, t=90 dt=0,001.png  used
 on input line 673.
(pdftex.def)             Requested size: 184.9429pt x 129.45953pt.
<Plots//Shape Parameter/Lorenz, t=1000 2.png, id=498, 722.7pt x 505.89pt>
File: Plots//Shape Parameter/Lorenz, t=1000 2.png Graphic file (type png)
<use Plots//Shape Parameter/Lorenz, t=1000 2.png>
Package pdftex.def Info: Plots//Shape Parameter/Lorenz, t=1000 2.png  used on i
nput line 675.
(pdftex.def)             Requested size: 184.9429pt x 129.45953pt.
<Plots//Shape Parameter/Lorenz, t=1000 dt=0,001.png, id=499, 722.7pt x 505.89pt
>
File: Plots//Shape Parameter/Lorenz, t=1000 dt=0,001.png Graphic file (type png
)
<use Plots//Shape Parameter/Lorenz, t=1000 dt=0,001.png>
Package pdftex.def Info: Plots//Shape Parameter/Lorenz, t=1000 dt=0,001.png  us
ed on input line 676.
(pdftex.def)             Requested size: 184.9429pt x 129.45953pt.
[18]
<Plots//Jacobian Error/Lorenz mult.png, id=505, 722.7pt x 505.89pt>
File: Plots//Jacobian Error/Lorenz mult.png Graphic file (type png)
<use Plots//Jacobian Error/Lorenz mult.png>
Package pdftex.def Info: Plots//Jacobian Error/Lorenz mult.png  used on input l
ine 684.
(pdftex.def)             Requested size: 184.9429pt x 129.45953pt.
<Plots//Jacobian Error/Lorenz inv.png, id=506, 722.7pt x 505.89pt>
File: Plots//Jacobian Error/Lorenz inv.png Graphic file (type png)
<use Plots//Jacobian Error/Lorenz inv.png>
Package pdftex.def Info: Plots//Jacobian Error/Lorenz inv.png  used on input li
ne 685.
(pdftex.def)             Requested size: 184.9429pt x 129.45953pt.
<Plots//Jacobian Error/Lorenz, 100nbrs.png, id=507, 722.7pt x 505.89pt>
File: Plots//Jacobian Error/Lorenz, 100nbrs.png Graphic file (type png)
<use Plots//Jacobian Error/Lorenz, 100nbrs.png>
Package pdftex.def Info: Plots//Jacobian Error/Lorenz, 100nbrs.png  used on inp
ut line 687.
(pdftex.def)             Requested size: 184.9429pt x 129.45953pt.
<Plots//Jacobian Error/Lorenz, 150nbrs.png, id=508, 722.7pt x 505.89pt>
File: Plots//Jacobian Error/Lorenz, 150nbrs.png Graphic file (type png)
<use Plots//Jacobian Error/Lorenz, 150nbrs.png>
Package pdftex.def Info: Plots//Jacobian Error/Lorenz, 150nbrs.png  used on inp
ut line 688.
(pdftex.def)             Requested size: 184.9429pt x 129.45953pt.
 [19 <./Plots//Jacobian Error/Lorenz, t=90.png> <./Plots//Jacobian Error/Lorenz
, t=90 dt=0,001.png> <./Plots//Jacobian Error/Lorenz, t=1000.png> <./Plots//Jac
obian Error/Lorenz, dt=0,001.png>] [20 <./Plots//Shape Parameter/Lorenz, t=90 d
t=0,001.png> <./Plots//Shape Parameter/Lorenz, t=1000 2.png> <./Plots//Shape Pa
rameter/Lorenz, t=1000 dt=0,001.png>]
 Section 3.2.
<Plots//Jacobian Error/Rossler, t=180.png, id=530, 722.7pt x 505.89pt>
File: Plots//Jacobian Error/Rossler, t=180.png Graphic file (type png)
<use Plots//Jacobian Error/Rossler, t=180.png>
Package pdftex.def Info: Plots//Jacobian Error/Rossler, t=180.png  used on inpu
t line 740.
(pdftex.def)             Requested size: 184.9429pt x 129.45953pt.
<Plots//Jacobian Error/Rossler, t=180 dt=0,001.png, id=531, 722.7pt x 505.89pt>

File: Plots//Jacobian Error/Rossler, t=180 dt=0,001.png Graphic file (type png)

<use Plots//Jacobian Error/Rossler, t=180 dt=0,001.png>
Package pdftex.def Info: Plots//Jacobian Error/Rossler, t=180 dt=0,001.png  use
d on input line 741.
(pdftex.def)             Requested size: 184.9429pt x 129.45953pt.
<Plots//Jacobian Error/Rosller, t=1000.png, id=532, 722.7pt x 505.89pt>
File: Plots//Jacobian Error/Rosller, t=1000.png Graphic file (type png)
<use Plots//Jacobian Error/Rosller, t=1000.png>
Package pdftex.def Info: Plots//Jacobian Error/Rosller, t=1000.png  used on inp
ut line 743.
(pdftex.def)             Requested size: 184.9429pt x 129.45953pt.
<Plots//Jacobian Error/Rossler, dt=0,001.png, id=533, 722.7pt x 505.89pt>
File: Plots//Jacobian Error/Rossler, dt=0,001.png Graphic file (type png)
<use Plots//Jacobian Error/Rossler, dt=0,001.png>
Package pdftex.def Info: Plots//Jacobian Error/Rossler, dt=0,001.png  used on i
nput line 744.
(pdftex.def)             Requested size: 184.9429pt x 129.45953pt.

Underfull \hbox (badness 10000) in paragraph at lines 730--748

 []

[21 <./Plots//Jacobian Error/Lorenz mult.png> <./Plots//Jacobian Error/Lorenz i
nv.png> <./Plots//Jacobian Error/Lorenz, 100nbrs.png> <./Plots//Jacobian Error/
Lorenz, 150nbrs.png>]
<Plots//Shape Parameter/Rossler t=180.png, id=542, 722.7pt x 505.89pt>
File: Plots//Shape Parameter/Rossler t=180.png Graphic file (type png)
<use Plots//Shape Parameter/Rossler t=180.png>
Package pdftex.def Info: Plots//Shape Parameter/Rossler t=180.png  used on inpu
t line 752.
(pdftex.def)             Requested size: 184.9429pt x 129.45953pt.
<Plots//Shape Parameter/Rossler t=180 dt=0,001.png, id=543, 722.7pt x 505.89pt>

File: Plots//Shape Parameter/Rossler t=180 dt=0,001.png Graphic file (type png)

<use Plots//Shape Parameter/Rossler t=180 dt=0,001.png>
Package pdftex.def Info: Plots//Shape Parameter/Rossler t=180 dt=0,001.png  use
d on input line 753.
(pdftex.def)             Requested size: 184.9429pt x 129.45953pt.
<Plots//Shape Parameter/Rossler t=1000.png, id=544, 722.7pt x 505.89pt>
File: Plots//Shape Parameter/Rossler t=1000.png Graphic file (type png)
<use Plots//Shape Parameter/Rossler t=1000.png>
Package pdftex.def Info: Plots//Shape Parameter/Rossler t=1000.png  used on inp
ut line 755.
(pdftex.def)             Requested size: 184.9429pt x 129.45953pt.
<Plots//Shape Parameter/Rossler t=1000 dt=0,001.png, id=545, 722.7pt x 505.89pt
>
File: Plots//Shape Parameter/Rossler t=1000 dt=0,001.png Graphic file (type png
)
<use Plots//Shape Parameter/Rossler t=1000 dt=0,001.png>
Package pdftex.def Info: Plots//Shape Parameter/Rossler t=1000 dt=0,001.png  us
ed on input line 756.
(pdftex.def)             Requested size: 184.9429pt x 129.45953pt.
<Plots//Jacobian Error/Rossler mult.png, id=546, 722.7pt x 505.89pt>
File: Plots//Jacobian Error/Rossler mult.png Graphic file (type png)
<use Plots//Jacobian Error/Rossler mult.png>
Package pdftex.def Info: Plots//Jacobian Error/Rossler mult.png  used on input 
line 764.
(pdftex.def)             Requested size: 184.9429pt x 129.45953pt.
<Plots//Jacobian Error/Rossler inv.png, id=547, 722.7pt x 505.89pt>
File: Plots//Jacobian Error/Rossler inv.png Graphic file (type png)
<use Plots//Jacobian Error/Rossler inv.png>
Package pdftex.def Info: Plots//Jacobian Error/Rossler inv.png  used on input l
ine 765.
(pdftex.def)             Requested size: 184.9429pt x 129.45953pt.
<Plots//Jacobian Error/Rossler, 100nbrs.png, id=548, 722.7pt x 505.89pt>
File: Plots//Jacobian Error/Rossler, 100nbrs.png Graphic file (type png)
<use Plots//Jacobian Error/Rossler, 100nbrs.png>
Package pdftex.def Info: Plots//Jacobian Error/Rossler, 100nbrs.png  used on in
put line 767.
(pdftex.def)             Requested size: 184.9429pt x 129.45953pt.
<Plots//Jacobian Error/Rossler, 150nbrs.png, id=549, 722.7pt x 505.89pt>
File: Plots//Jacobian Error/Rossler, 150nbrs.png Graphic file (type png)
<use Plots//Jacobian Error/Rossler, 150nbrs.png>
Package pdftex.def Info: Plots//Jacobian Error/Rossler, 150nbrs.png  used on in
put line 768.
(pdftex.def)             Requested size: 184.9429pt x 129.45953pt.
 [22 <./Plots//Jacobian Error/Rossler, t=180.png> <./Plots//Jacobian Error/Ross
ler, t=180 dt=0,001.png> <./Plots//Jacobian Error/Rosller, t=1000.png> <./Plots
//Jacobian Error/Rossler, dt=0,001.png>] [23 <./Plots//Shape Parameter/Rossler 
t=180.png> <./Plots//Shape Parameter/Rossler t=180 dt=0,001.png> <./Plots//Shap
e Parameter/Rossler t=1000.png> <./Plots//Shape Parameter/Rossler t=1000 dt=0,0
01.png>]
 Section 3.3.
[24 <./Plots//Jacobian Error/Rossler mult.png> <./Plots//Jacobian Error/Rossler
 inv.png> <./Plots//Jacobian Error/Rossler, 100nbrs.png> <./Plots//Jacobian Err
or/Rossler, 150nbrs.png>] [25]
CHAPTER 4.

Underfull \hbox (badness 10000) in paragraph at lines 846--851

 []


Underfull \hbox (badness 10000) in paragraph at lines 852--859

 []

body.tex:865: Undefined control sequence.
l.865             the trial $t=90, \ \dt
                                        =0.001$ as the minimal Lyapunov expo...
The control sequence at the end of the top line
of your error message was never \def'ed. If you have
misspelled it (e.g., `\hobx'), type `I' and the correct
spelling (e.g., `I\hbox'). Otherwise just continue,
and I'll forget about whatever was undefined.


Underfull \hbox (badness 10000) in paragraph at lines 860--872

 []

[26

]
Underfull \hbox (badness 10000) in paragraph at lines 873--882

 []


Underfull \hbox (badness 10000) in paragraph at lines 883--891

 []


Underfull \hbox (badness 10000) in paragraph at lines 892--901

 []


Underfull \hbox (badness 10000) in paragraph at lines 902--908

 []

[27] [28]
CHAPTER 5.
body.tex:938: Undefined control sequence.
l.938 ...ner time steps $t=1000, \ dt=0.005, \ \dt
                                                  =0.001$
The control sequence at the end of the top line
of your error message was never \def'ed. If you have
misspelled it (e.g., `\hobx'), type `I' and the correct
spelling (e.g., `I\hbox'). Otherwise just continue,
and I'll forget about whatever was undefined.


Underfull \hbox (badness 10000) in paragraph at lines 936--943

 []


Underfull \hbox (badness 10000) in paragraph at lines 944--950

 []


Underfull \hbox (badness 10000) in paragraph at lines 951--955

 []


Underfull \hbox (badness 10000) in paragraph at lines 956--962

 []

[29

]) (Thesis.bbl
Underfull \hbox (badness 10000) in paragraph at lines 963--1

 []

[30] [31

]
Underfull \hbox (badness 1226) in paragraph at lines 79--81
[]\OT1/cmr/m/sc/12 C.-E. E. Meador\OT1/cmr/m/n/12 , \OT1/cmr/m/it/12 Nu-mer-i-c
al cal-cu-la-tion of lya-punov ex-po-nents for three-
 []

[32]) (append.tex
APPENDIX A.
[33

]
<Plots//Jacobian Error/Lorenz, t=500.png, id=672, 722.7pt x 505.89pt>
File: Plots//Jacobian Error/Lorenz, t=500.png Graphic file (type png)
<use Plots//Jacobian Error/Lorenz, t=500.png>
Package pdftex.def Info: Plots//Jacobian Error/Lorenz, t=500.png  used on input
 line 12.
(pdftex.def)             Requested size: 184.9429pt x 129.45953pt.
<Plots//Jacobian Error/Lorenz, dt=0,1.png, id=673, 722.7pt x 505.89pt>
File: Plots//Jacobian Error/Lorenz, dt=0,1.png Graphic file (type png)
<use Plots//Jacobian Error/Lorenz, dt=0,1.png>
Package pdftex.def Info: Plots//Jacobian Error/Lorenz, dt=0,1.png  used on inpu
t line 13.
(pdftex.def)             Requested size: 184.9429pt x 129.45953pt.
<Plots//Jacobian Error/Lorenz, dt=0,05.png, id=674, 722.7pt x 505.89pt>
File: Plots//Jacobian Error/Lorenz, dt=0,05.png Graphic file (type png)
<use Plots//Jacobian Error/Lorenz, dt=0,05.png>
Package pdftex.def Info: Plots//Jacobian Error/Lorenz, dt=0,05.png  used on inp
ut line 15.
(pdftex.def)             Requested size: 184.9429pt x 129.45953pt.
<Plots//Jacobian Error/Lorenz, dt=0,005.png, id=675, 722.7pt x 505.89pt>
File: Plots//Jacobian Error/Lorenz, dt=0,005.png Graphic file (type png)
<use Plots//Jacobian Error/Lorenz, dt=0,005.png>
Package pdftex.def Info: Plots//Jacobian Error/Lorenz, dt=0,005.png  used on in
put line 16.
(pdftex.def)             Requested size: 184.9429pt x 129.45953pt.
<Plots//Jacobian Error/Rossler, t=2000.png, id=676, 722.7pt x 505.89pt>
File: Plots//Jacobian Error/Rossler, t=2000.png Graphic file (type png)
<use Plots//Jacobian Error/Rossler, t=2000.png>
Package pdftex.def Info: Plots//Jacobian Error/Rossler, t=2000.png  used on inp
ut line 25.
(pdftex.def)             Requested size: 184.9429pt x 129.45953pt.
<Plots//Jacobian Error/Rossler, dt=0,1.png, id=677, 722.7pt x 505.89pt>
File: Plots//Jacobian Error/Rossler, dt=0,1.png Graphic file (type png)
<use Plots//Jacobian Error/Rossler, dt=0,1.png>
Package pdftex.def Info: Plots//Jacobian Error/Rossler, dt=0,1.png  used on inp
ut line 26.
(pdftex.def)             Requested size: 184.9429pt x 129.45953pt.
<Plots//Jacobian Error/Rossler, dt=0,05.png, id=678, 722.7pt x 505.89pt>
File: Plots//Jacobian Error/Rossler, dt=0,05.png Graphic file (type png)
<use Plots//Jacobian Error/Rossler, dt=0,05.png>
Package pdftex.def Info: Plots//Jacobian Error/Rossler, dt=0,05.png  used on in
put line 28.
(pdftex.def)             Requested size: 184.9429pt x 129.45953pt.
<Plots//Jacobian Error/Rossler, dt=0,005.png, id=679, 722.7pt x 505.89pt>
File: Plots//Jacobian Error/Rossler, dt=0,005.png Graphic file (type png)
<use Plots//Jacobian Error/Rossler, dt=0,005.png>
Package pdftex.def Info: Plots//Jacobian Error/Rossler, dt=0,005.png  used on i
nput line 29.
(pdftex.def)             Requested size: 184.9429pt x 129.45953pt.
 [34 <./Plots//Jacobian Error/Lorenz, t=500.png> <./Plots//Jacobian Error/Loren
z, dt=0,1.png> <./Plots//Jacobian Error/Lorenz, dt=0,05.png> <./Plots//Jacobian
 Error/Lorenz, dt=0,005.png>]) [35 <./Plots//Jacobian Error/Rossler, t=2000.png
> <./Plots//Jacobian Error/Rossler, dt=0,1.png> <./Plots//Jacobian Error/Rossle
r, dt=0,05.png> <./Plots//Jacobian Error/Rossler, dt=0,005.png>]
(Thesis.aux)

LaTeX Font Warning: Some font shapes were not available, defaults substituted.

Package rerunfilecheck Info: File `Thesis.out' has not changed.
(rerunfilecheck)             Checksum: E3CC326C63A08CE173679D8928AC73FB;4622.
 ) 
Here is how much of TeX's memory you used:
 11730 strings out of 478660
 201975 string characters out of 2843037
 491750 words of memory out of 3000000
 29475 multiletter control sequences out of 15000+600000
 412078 words of font info for 58 fonts, out of 8000000 for 9000
 1141 hyphenation exceptions out of 8191
 60i,13n,63p,451b,470s stack positions out of 5000i,500n,10000p,200000b,80000s
 </Users/natereynolds/Library/Application Support/MiKTeX/texmfs/data/fonts/pk
/ljfour/jknappen/ec/dpi600/tcti1200.pk> </Users/natereynolds/Library/Applicatio
n Support/MiKTeX/texmfs/data/fonts/pk/ljfour/jknappen/ec/dpi600/tcrm1200.pk></L
ibrary/Application Support/MiKTeX/texmfs/install/fonts/type1/public/amsfonts/cm
/cmbx12.pfb></Library/Application Support/MiKTeX/texmfs/install/fonts/type1/pub
lic/amsfonts/cm/cmbx8.pfb></Library/Application Support/MiKTeX/texmfs/install/f
onts/type1/public/amsfonts/cm/cmcsc10.pfb></Library/Application Support/MiKTeX/
texmfs/install/fonts/type1/public/amsfonts/cm/cmex10.pfb></Library/Application 
Support/MiKTeX/texmfs/install/fonts/type1/public/amsfonts/cm/cmmi12.pfb></Libra
ry/Application Support/MiKTeX/texmfs/install/fonts/type1/public/amsfonts/cm/cmm
i6.pfb></Library/Application Support/MiKTeX/texmfs/install/fonts/type1/public/a
msfonts/cm/cmmi8.pfb></Library/Application Support/MiKTeX/texmfs/install/fonts/
type1/public/amsfonts/cm/cmr12.pfb></Library/Application Support/MiKTeX/texmfs/
install/fonts/type1/public/amsfonts/cm/cmr6.pfb></Library/Application Support/M
iKTeX/texmfs/install/fonts/type1/public/amsfonts/cm/cmr8.pfb></Library/Applicat
ion Support/MiKTeX/texmfs/install/fonts/type1/public/amsfonts/cm/cmsy10.pfb></L
ibrary/Application Support/MiKTeX/texmfs/install/fonts/type1/public/amsfonts/cm
/cmsy6.pfb></Library/Application Support/MiKTeX/texmfs/install/fonts/type1/publ
ic/amsfonts/cm/cmsy8.pfb></Library/Application Support/MiKTeX/texmfs/install/fo
nts/type1/public/amsfonts/cm/cmti12.pfb></Library/Application Support/MiKTeX/te
xmfs/install/fonts/type1/public/amsfonts/symbols/msbm10.pfb>
Output written on "/Users/natereynolds/Desktop/Grad School Thesis/out/Thesis.pd
f" (46 pages, 3188850 bytes).
PDF statistics:
 803 PDF objects out of 1000 (max. 8388607)
 147 named destinations out of 1000 (max. 500000)
 450 words of extra memory for PDF output out of 10000 (max. 10000000)

